<?xml version="1.0" encoding="utf-8"?>
<TestRun id="7cbce9ef-45b1-4edd-95ef-ce949e207ba5" name="camer@ILI 2026-02-18 01:28:46" runUser="ILI\camer" xmlns="http://microsoft.com/schemas/VisualStudio/TeamTest/2010">
  <Times creation="2026-02-18T01:28:46.2399769-05:00" queuing="2026-02-18T01:28:46.2399770-05:00" start="2026-02-18T01:28:45.6267608-05:00" finish="2026-02-18T01:28:47.0051244-05:00" />
  <TestSettings name="default" id="c6b25180-7774-46ba-8e2c-a0fe0685cd83">
    <Deployment runDeploymentRoot="camer_ILI_2026-02-18_01_28_46" />
  </TestSettings>
  <Results>
    <UnitTestResult executionId="6c53439d-5be5-4e11-b43d-5e4678b4d03e" testId="9686b459-4a30-31a4-dca0-8cd036e05a54" testName="CoreUnitTests.Integration.RouteRerouterVisualizationIntegrationTests.Reroute_Disabled_Should_Not_Trigger" computerName="ILI" duration="00:00:00.0011665" startTime="2026-02-18T01:28:46.2241430-05:00" endTime="2026-02-18T01:28:46.2241431-05:00" testType="13cdc9d9-ddb5-4fa4-a97d-d965ccfc6d4b" outcome="Passed" testListId="8c84fa94-04c1-424b-9868-57a2d4851a1d" relativeResultsDirectory="6c53439d-5be5-4e11-b43d-5e4678b4d03e" />
    <UnitTestResult executionId="05c354d5-1a53-46c6-97a3-6f8ce21f3f0f" testId="6b0e9898-05ae-a517-d364-ad29e212f842" testName="CoreUnitTests.BehaviorTree.BehaviorTreeCombatIntegrationTests.CombatScenario_TargetSwitching_ExecutesNewSequence" computerName="ILI" duration="00:00:00.0008786" startTime="2026-02-18T01:28:46.2245503-05:00" endTime="2026-02-18T01:28:46.2245503-05:00" testType="13cdc9d9-ddb5-4fa4-a97d-d965ccfc6d4b" outcome="Passed" testListId="8c84fa94-04c1-424b-9868-57a2d4851a1d" relativeResultsDirectory="05c354d5-1a53-46c6-97a3-6f8ce21f3f0f" />
    <UnitTestResult executionId="c0bed7d7-4420-49e7-8ea2-4b7ee80291a4" testId="165f5d79-6bf0-6391-9abb-ce79dc9fed44" testName="CoreUnitTests.BehaviorTree.BehaviorTreeCombatIntegrationTests.CombatScenario_NestedSelectors_FallbackBehavior" computerName="ILI" duration="00:00:00.0059278" startTime="2026-02-18T01:28:46.2249369-05:00" endTime="2026-02-18T01:28:46.2249369-05:00" testType="13cdc9d9-ddb5-4fa4-a97d-d965ccfc6d4b" outcome="Passed" testListId="8c84fa94-04c1-424b-9868-57a2d4851a1d" relativeResultsDirectory="c0bed7d7-4420-49e7-8ea2-4b7ee80291a4" />
    <UnitTestResult executionId="fd1e32bd-4a60-417d-858e-9cf0ba6c6b5e" testId="5b1dab26-c620-e93d-bf63-9e40241a0d4e" testName="CoreUnitTests.Integration.BotFailureScenarioTests.SimulateMultiMobAggro_ShouldSpawnMobsAndStartCombat" computerName="ILI" duration="00:00:00.0017848" startTime="2026-02-18T01:28:46.2341646-05:00" endTime="2026-02-18T01:28:46.2341647-05:00" testType="13cdc9d9-ddb5-4fa4-a97d-d965ccfc6d4b" outcome="Passed" testListId="8c84fa94-04c1-424b-9868-57a2d4851a1d" relativeResultsDirectory="fd1e32bd-4a60-417d-858e-9cf0ba6c6b5e" />
    <UnitTestResult executionId="ca1ea9fd-4434-4acf-90b5-f041a900cc5c" testId="314a2a37-0048-c2c4-6b60-c3e9809a11cd" testName="CoreUnitTests.BehaviorTree.BehaviorTreeCombatIntegrationTests.ErrorHandling_NestedNodeThrowsException_EngineHandlesGracefully" computerName="ILI" duration="00:00:00.0003381" startTime="2026-02-18T01:28:46.2252621-05:00" endTime="2026-02-18T01:28:46.2252621-05:00" testType="13cdc9d9-ddb5-4fa4-a97d-d965ccfc6d4b" outcome="Passed" testListId="8c84fa94-04c1-424b-9868-57a2d4851a1d" relativeResultsDirectory="ca1ea9fd-4434-4acf-90b5-f041a900cc5c" />
    <UnitTestResult executionId="30cdde7f-9710-4759-a16a-d7e366c37216" testId="dbe3e498-62c5-63eb-85f2-21729f34a026" testName="CoreUnitTests.Integration.MockWoWClientComprehensiveTests.FailureSimulation_MultipleStuckEvents_AllCaptured(count: 5)" computerName="ILI" duration="00:00:00.0002255" startTime="2026-02-18T01:28:46.2219759-05:00" endTime="2026-02-18T01:28:46.2219760-05:00" testType="13cdc9d9-ddb5-4fa4-a97d-d965ccfc6d4b" outcome="Passed" testListId="8c84fa94-04c1-424b-9868-57a2d4851a1d" relativeResultsDirectory="30cdde7f-9710-4759-a16a-d7e366c37216" />
    <UnitTestResult executionId="dcfa5f26-cddb-4500-9543-7c491a7e7769" testId="796d3fae-a1d5-0a7a-21d3-08e23206fadc" testName="CoreUnitTests.EndToEnd.Scenarios.BotIntegrationTest.Implements_BothInterfaces" computerName="ILI" duration="00:00:00.0004008" startTime="2026-02-18T01:28:46.2482794-05:00" endTime="2026-02-18T01:28:46.2482795-05:00" testType="13cdc9d9-ddb5-4fa4-a97d-d965ccfc6d4b" outcome="Passed" testListId="8c84fa94-04c1-424b-9868-57a2d4851a1d" relativeResultsDirectory="dcfa5f26-cddb-4500-9543-7c491a7e7769">
      <Output>
        <StdOut>=== Starting Scenario: Bot Integration ===&#xD;
Description: Validates MockWowScreen implements both IWowScreen and IAddonDataProvider for bot integration&#xD;
=== Completed Scenario: Bot Integration ===</StdOut>
      </Output>
    </UnitTestResult>
    <UnitTestResult executionId="e9feae94-482d-4072-b9f7-4393ce9b76aa" testId="eb9bfca2-34ba-7768-199b-046bf6d4e81f" testName="CoreUnitTests.Integration.MockWoWClientComprehensiveTests.FailureSimulation_RehabEvent_UpdatesZoneState" computerName="ILI" duration="00:00:00.0016991" startTime="2026-02-18T01:28:46.2231060-05:00" endTime="2026-02-18T01:28:46.2231060-05:00" testType="13cdc9d9-ddb5-4fa4-a97d-d965ccfc6d4b" outcome="Passed" testListId="8c84fa94-04c1-424b-9868-57a2d4851a1d" relativeResultsDirectory="e9feae94-482d-4072-b9f7-4393ce9b76aa" />
    <UnitTestResult executionId="41d35a6b-c493-42ab-bb44-f79497124e36" testId="684f1ccc-927a-08a7-8f0d-1549e60a7d00" testName="CoreUnitTests.EndToEnd.Scenarios.BotIntegrationTest.IWowScreen_Properties_ReturnCorrectValues" computerName="ILI" duration="00:00:00.0003932" startTime="2026-02-18T01:28:46.2501576-05:00" endTime="2026-02-18T01:28:46.2501577-05:00" testType="13cdc9d9-ddb5-4fa4-a97d-d965ccfc6d4b" outcome="Passed" testListId="8c84fa94-04c1-424b-9868-57a2d4851a1d" relativeResultsDirectory="41d35a6b-c493-42ab-bb44-f79497124e36">
      <Output>
        <StdOut>=== Starting Scenario: Bot Integration ===&#xD;
Description: Validates MockWowScreen implements both IWowScreen and IAddonDataProvider for bot integration&#xD;
=== Completed Scenario: Bot Integration ===</StdOut>
      </Output>
    </UnitTestResult>
    <UnitTestResult executionId="3ad4ecc9-acec-43ac-968b-657d9ac02a94" testId="3ef183ff-86b0-2a94-c1c5-e0f0027000cb" testName="CoreUnitTests.Integration.MockWoWClientComprehensiveTests.GameState_PlayerDirection_SetAndRetrieve" computerName="ILI" duration="00:00:00.0018766" startTime="2026-02-18T01:28:46.2229397-05:00" endTime="2026-02-18T01:28:46.2229397-05:00" testType="13cdc9d9-ddb5-4fa4-a97d-d965ccfc6d4b" outcome="Passed" testListId="8c84fa94-04c1-424b-9868-57a2d4851a1d" relativeResultsDirectory="3ad4ecc9-acec-43ac-968b-657d9ac02a94" />
    <UnitTestResult executionId="61aed6de-4e9c-4942-8e77-4f45e86912a6" testId="d4b10412-88c8-df1c-c131-0fc4e93c50b6" testName="CoreUnitTests.Integration.BotFailureScenarioTests.SimulateRehabilitation_ShouldCreateRehabEvent" computerName="ILI" duration="00:00:00.0012589" startTime="2026-02-18T01:28:46.2323196-05:00" endTime="2026-02-18T01:28:46.2323197-05:00" testType="13cdc9d9-ddb5-4fa4-a97d-d965ccfc6d4b" outcome="Passed" testListId="8c84fa94-04c1-424b-9868-57a2d4851a1d" relativeResultsDirectory="61aed6de-4e9c-4942-8e77-4f45e86912a6" />
    <UnitTestResult executionId="e3605ed2-52f6-4096-94d9-3756482f7bee" testId="bbb0189f-fe75-845d-2240-1b46846a5462" testName="CoreUnitTests.EndToEnd.Scenarios.BotIntegrationTest.DataDecoding_RoundTripsGameStateValues" computerName="ILI" duration="00:00:00.0015451" startTime="2026-02-18T01:28:46.2523157-05:00" endTime="2026-02-18T01:28:46.2523158-05:00" testType="13cdc9d9-ddb5-4fa4-a97d-d965ccfc6d4b" outcome="Passed" testListId="8c84fa94-04c1-424b-9868-57a2d4851a1d" relativeResultsDirectory="e3605ed2-52f6-4096-94d9-3756482f7bee">
      <Output>
        <StdOut>=== Starting Scenario: Bot Integration ===&#xD;
Description: Validates MockWowScreen implements both IWowScreen and IAddonDataProvider for bot integration&#xD;
=== Completed Scenario: Bot Integration ===</StdOut>
      </Output>
    </UnitTestResult>
    <UnitTestResult executionId="3159ec30-2cce-49ad-8ea3-47850a39989e" testId="04906892-3a11-ecbf-399b-830546e6a03f" testName="CoreUnitTests.Integration.MockWoWClientComprehensiveTests.GameState_NpcSpawn_AssignsUniqueIds" computerName="ILI" duration="00:00:00.0007663" startTime="2026-02-18T01:28:46.2241171-05:00" endTime="2026-02-18T01:28:46.2241172-05:00" testType="13cdc9d9-ddb5-4fa4-a97d-d965ccfc6d4b" outcome="Passed" testListId="8c84fa94-04c1-424b-9868-57a2d4851a1d" relativeResultsDirectory="3159ec30-2cce-49ad-8ea3-47850a39989e" />
    <UnitTestResult executionId="fb4bcab7-29cf-44a8-8a38-78af523542da" testId="aaf3ce73-8ab5-369a-86ff-155b4efc6388" testName="CoreUnitTests.Integration.BotFailureScenarioTests.FailureSimulation_ClearHistory_ShouldRemoveAllEvents" computerName="ILI" duration="00:00:00.0011813" startTime="2026-02-18T01:28:46.2430916-05:00" endTime="2026-02-18T01:28:46.2430919-05:00" testType="13cdc9d9-ddb5-4fa4-a97d-d965ccfc6d4b" outcome="Passed" testListId="8c84fa94-04c1-424b-9868-57a2d4851a1d" relativeResultsDirectory="fb4bcab7-29cf-44a8-8a38-78af523542da" />
    <UnitTestResult executionId="b415e3ef-4330-4483-a0b6-8e99b40abab3" testId="ad93b65b-4376-65ac-addc-9701cf6dc004" testName="CoreUnitTests.Integration.MockWoWClientComprehensiveTests.GameState_NpcSpawn_CreatesEntity" computerName="ILI" duration="00:00:00.0002117" startTime="2026-02-18T01:28:46.2248477-05:00" endTime="2026-02-18T01:28:46.2248478-05:00" testType="13cdc9d9-ddb5-4fa4-a97d-d965ccfc6d4b" outcome="Passed" testListId="8c84fa94-04c1-424b-9868-57a2d4851a1d" relativeResultsDirectory="b415e3ef-4330-4483-a0b6-8e99b40abab3" />
    <UnitTestResult executionId="022b89c3-d3da-4998-9297-49f8ede7d098" testId="1c0cd3d5-2096-0967-bf9f-e4b762d125cf" testName="CoreUnitTests.BehaviorTree.BehaviorTreeCombatIntegrationTests.Engine_Reset_ClearsTreeState" computerName="ILI" duration="00:00:00.0005703" startTime="2026-02-18T01:28:46.2237105-05:00" endTime="2026-02-18T01:28:46.2237105-05:00" testType="13cdc9d9-ddb5-4fa4-a97d-d965ccfc6d4b" outcome="Passed" testListId="8c84fa94-04c1-424b-9868-57a2d4851a1d" relativeResultsDirectory="022b89c3-d3da-4998-9297-49f8ede7d098" />
    <UnitTestResult executionId="b014c572-a47f-4b86-a1bd-fba5f7e197b5" testId="e0616bde-7883-6262-1f43-b6af6c508553" testName="CoreUnitTests.BehaviorTree.BehaviorTreeCombatIntegrationTests.Factory_CreatesNewEngineInstances" computerName="ILI" duration="00:00:00.0015197" startTime="2026-02-18T01:28:46.2242158-05:00" endTime="2026-02-18T01:28:46.2242158-05:00" testType="13cdc9d9-ddb5-4fa4-a97d-d965ccfc6d4b" outcome="Passed" testListId="8c84fa94-04c1-424b-9868-57a2d4851a1d" relativeResultsDirectory="b014c572-a47f-4b86-a1bd-fba5f7e197b5" />
    <UnitTestResult executionId="5cd482ca-ddb3-455f-ae57-a47cee992820" testId="98e8aae4-54af-32e9-7231-02063db5287f" testName="CoreUnitTests.Integration.BotFailureScenarioTests.SmartBlacklist_AddEntry_ShouldBeRetrievable" computerName="ILI" duration="00:00:00.0060193" startTime="2026-02-18T01:28:46.2402612-05:00" endTime="2026-02-18T01:28:46.2402614-05:00" testType="13cdc9d9-ddb5-4fa4-a97d-d965ccfc6d4b" outcome="Passed" testListId="8c84fa94-04c1-424b-9868-57a2d4851a1d" relativeResultsDirectory="5cd482ca-ddb3-455f-ae57-a47cee992820" />
    <UnitTestResult executionId="6643fb84-29d6-4dfa-b510-24056ab029d7" testId="85ffabe8-805b-32a8-a68f-5e00188c0a58" testName="CoreUnitTests.Integration.MockWoWClientComprehensiveTests.FailureSimulation_ClearHistory_RemovesAllEvents" computerName="ILI" duration="00:00:00.0002070" startTime="2026-02-18T01:28:46.2238143-05:00" endTime="2026-02-18T01:28:46.2238144-05:00" testType="13cdc9d9-ddb5-4fa4-a97d-d965ccfc6d4b" outcome="Passed" testListId="8c84fa94-04c1-424b-9868-57a2d4851a1d" relativeResultsDirectory="6643fb84-29d6-4dfa-b510-24056ab029d7" />
    <UnitTestResult executionId="04c05476-3c00-4618-931f-99b2b274404c" testId="340d46c4-49da-eaf1-e441-bfca4f6eae61" testName="CoreUnitTests.Integration.RouteRerouterIntegrationTests.Integration_UIActionRecording_ShouldRecordAndReplay" computerName="ILI" duration="00:00:00.3853875" startTime="2026-02-18T01:28:46.5836014-05:00" endTime="2026-02-18T01:28:46.5836017-05:00" testType="13cdc9d9-ddb5-4fa4-a97d-d965ccfc6d4b" outcome="Passed" testListId="8c84fa94-04c1-424b-9868-57a2d4851a1d" relativeResultsDirectory="04c05476-3c00-4618-931f-99b2b274404c" />
    <UnitTestResult executionId="965785c4-e9dc-484b-a20f-3b34e451aeb0" testId="4b1dc016-1e5c-01bb-0f83-b62568f11a50" testName="CoreUnitTests.Integration.RouteRerouterVisualizationIntegrationTests.Stuck_Simulation_Should_Be_Captured_By_Events" computerName="ILI" duration="00:00:00.0002891" startTime="2026-02-18T01:28:46.2735090-05:00" endTime="2026-02-18T01:28:46.2735092-05:00" testType="13cdc9d9-ddb5-4fa4-a97d-d965ccfc6d4b" outcome="Passed" testListId="8c84fa94-04c1-424b-9868-57a2d4851a1d" relativeResultsDirectory="965785c4-e9dc-484b-a20f-3b34e451aeb0" />
    <UnitTestResult executionId="f9d72522-f28a-42a4-9d3e-ca3cbdfd8f03" testId="86b6ea81-7186-aad2-09bb-f143ade899b8" testName="CoreUnitTests.Integration.MockWoWClientComprehensiveTests.FullScenario_StuckDeathHotZone_Rehabilitation" computerName="ILI" duration="00:00:00.0006476" startTime="2026-02-18T01:28:46.2248950-05:00" endTime="2026-02-18T01:28:46.2248951-05:00" testType="13cdc9d9-ddb5-4fa4-a97d-d965ccfc6d4b" outcome="Passed" testListId="8c84fa94-04c1-424b-9868-57a2d4851a1d" relativeResultsDirectory="f9d72522-f28a-42a4-9d3e-ca3cbdfd8f03" />
    <UnitTestResult executionId="aade8b68-18eb-45ef-a000-d5215f31f201" testId="eb3c43d7-e96c-e274-54f8-66f8e7f902d6" testName="CoreUnitTests.Hazard.HazardPipelineIntegrationTests.FeatureDisabled_ReturnsZeroCost_EvenWithClustersPresent" computerName="ILI" duration="00:00:00.0004901" startTime="2026-02-18T01:28:46.2248696-05:00" endTime="2026-02-18T01:28:46.2248697-05:00" testType="13cdc9d9-ddb5-4fa4-a97d-d965ccfc6d4b" outcome="Passed" testListId="8c84fa94-04c1-424b-9868-57a2d4851a1d" relativeResultsDirectory="aade8b68-18eb-45ef-a000-d5215f31f201" />
    <UnitTestResult executionId="4dac86be-a020-4713-9ffd-43a493a38cc4" testId="10e9ff47-d922-08ce-7d3c-ac95a282dd8e" testName="CoreUnitTests.Integration.RouteRerouterVisualizationIntegrationTests.HotZone_Creation_Should_Trigger_Reroute" computerName="ILI" duration="00:00:00.0597616" startTime="2026-02-18T01:28:46.2699669-05:00" endTime="2026-02-18T01:28:46.2699669-05:00" testType="13cdc9d9-ddb5-4fa4-a97d-d965ccfc6d4b" outcome="Passed" testListId="8c84fa94-04c1-424b-9868-57a2d4851a1d" relativeResultsDirectory="4dac86be-a020-4713-9ffd-43a493a38cc4" />
    <UnitTestResult executionId="06201ef6-5a4b-4786-b780-227196a5b6a4" testId="8441b681-f087-e80c-6e1a-90039d953d15" testName="CoreUnitTests.Integration.RouteRerouterIntegrationTests.Integration_FullScenario_MovementAndRecording" computerName="ILI" duration="00:00:00.3791632" startTime="2026-02-18T01:28:46.9628898-05:00" endTime="2026-02-18T01:28:46.9628901-05:00" testType="13cdc9d9-ddb5-4fa4-a97d-d965ccfc6d4b" outcome="Passed" testListId="8c84fa94-04c1-424b-9868-57a2d4851a1d" relativeResultsDirectory="06201ef6-5a4b-4786-b780-227196a5b6a4" />
    <UnitTestResult executionId="5b866878-bb28-4da7-94f8-163e1591e190" testId="2ee01620-c19d-0188-9b9d-7a6fc7c2a117" testName="CoreUnitTests.CombatRotation.FeatureFlagIntegrationTests.FeatureFlagsOptions_IsEnabled_ReturnsFalseForCombatRotation" computerName="ILI" duration="00:00:00.0000593" startTime="2026-02-18T01:28:46.2229109-05:00" endTime="2026-02-18T01:28:46.2229110-05:00" testType="13cdc9d9-ddb5-4fa4-a97d-d965ccfc6d4b" outcome="Passed" testListId="8c84fa94-04c1-424b-9868-57a2d4851a1d" relativeResultsDirectory="5b866878-bb28-4da7-94f8-163e1591e190" />
    <UnitTestResult executionId="36ceec7a-1075-48c1-a0c2-9d07eaf19890" testId="5d86b5c3-4dc1-5c63-0922-c88b5e2fc9bd" testName="CoreUnitTests.Integration.RouteRerouterVisualizationIntegrationTests.Hazard_Store_Should_Track_Events_By_Map" computerName="ILI" duration="00:00:00.0014171" startTime="2026-02-18T01:28:46.2724556-05:00" endTime="2026-02-18T01:28:46.2724557-05:00" testType="13cdc9d9-ddb5-4fa4-a97d-d965ccfc6d4b" outcome="Passed" testListId="8c84fa94-04c1-424b-9868-57a2d4851a1d" relativeResultsDirectory="36ceec7a-1075-48c1-a0c2-9d07eaf19890" />
    <UnitTestResult executionId="63cdd236-e5b7-4bb5-a3cc-4b38c6e177ad" testId="8da653c5-cdc6-bb62-4099-47964b2c5bd2" testName="CoreUnitTests.EndToEnd.Scenarios.BotIntegrationTest.IAddonDataProvider_ImplementsAllMethods" computerName="ILI" duration="00:00:00.0101329" startTime="2026-02-18T01:28:46.2468766-05:00" endTime="2026-02-18T01:28:46.2468767-05:00" testType="13cdc9d9-ddb5-4fa4-a97d-d965ccfc6d4b" outcome="Passed" testListId="8c84fa94-04c1-424b-9868-57a2d4851a1d" relativeResultsDirectory="63cdd236-e5b7-4bb5-a3cc-4b38c6e177ad">
      <Output>
        <StdOut>=== Starting Scenario: Bot Integration ===&#xD;
Description: Validates MockWowScreen implements both IWowScreen and IAddonDataProvider for bot integration&#xD;
=== Completed Scenario: Bot Integration ===</StdOut>
      </Output>
    </UnitTestResult>
    <UnitTestResult executionId="d1f3d7c3-4080-4298-a7a1-4890a5c5ad03" testId="053d8e54-1c65-ad7a-f87b-a21004c91ac7" testName="CoreUnitTests.Integration.RouteRerouterVisualizationIntegrationTests.Multi_Mob_Aggro_Should_Spawn_And_Enter_Combat" computerName="ILI" duration="00:00:00.0002148" startTime="2026-02-18T01:28:46.2731508-05:00" endTime="2026-02-18T01:28:46.2731508-05:00" testType="13cdc9d9-ddb5-4fa4-a97d-d965ccfc6d4b" outcome="Passed" testListId="8c84fa94-04c1-424b-9868-57a2d4851a1d" relativeResultsDirectory="d1f3d7c3-4080-4298-a7a1-4890a5c5ad03" />
    <UnitTestResult executionId="c5f34ad4-43aa-4c11-8c4c-ead69118e296" testId="775196b1-b9c2-cb26-fb40-1755bbb185f9" testName="CoreUnitTests.Integration.BotFailureScenarioTests.SimulateStuck_ShouldCreateStuckEventWithCorrectPosition" computerName="ILI" duration="00:00:00.0011858" startTime="2026-02-18T01:28:46.2496649-05:00" endTime="2026-02-18T01:28:46.2496650-05:00" testType="13cdc9d9-ddb5-4fa4-a97d-d965ccfc6d4b" outcome="Passed" testListId="8c84fa94-04c1-424b-9868-57a2d4851a1d" relativeResultsDirectory="c5f34ad4-43aa-4c11-8c4c-ead69118e296" />
    <UnitTestResult executionId="c65651c5-d5a9-4094-8327-66bc2e37712d" testId="a69564cd-a3f0-d222-da0b-8c28c01dec65" testName="CoreUnitTests.CombatRotation.FeatureFlagIntegrationTests.FeatureFlagsOptions_IsEnabled_ReturnsTrueWhenEnabled" computerName="ILI" duration="00:00:00.0032892" startTime="2026-02-18T01:28:46.1932380-05:00" endTime="2026-02-18T01:28:46.1933018-05:00" testType="13cdc9d9-ddb5-4fa4-a97d-d965ccfc6d4b" outcome="Passed" testListId="8c84fa94-04c1-424b-9868-57a2d4851a1d" relativeResultsDirectory="c65651c5-d5a9-4094-8327-66bc2e37712d" />
    <UnitTestResult executionId="07c10e75-8718-4590-b454-8d36505f3390" testId="1df21e80-ea82-be10-e5a3-3c634aeda2ee" testName="CoreUnitTests.Integration.BotFailureScenarioTests.FullScenario_StuckThenDeathThenHotZone" computerName="ILI" duration="00:00:00.0463138" startTime="2026-02-18T01:28:46.2310112-05:00" endTime="2026-02-18T01:28:46.2310113-05:00" testType="13cdc9d9-ddb5-4fa4-a97d-d965ccfc6d4b" outcome="Passed" testListId="8c84fa94-04c1-424b-9868-57a2d4851a1d" relativeResultsDirectory="07c10e75-8718-4590-b454-8d36505f3390" />
    <UnitTestResult executionId="d2566013-cc5f-4084-9e94-43c20f214d05" testId="11fdb42f-4edb-9560-bc91-3e2f5b99d06f" testName="CoreUnitTests.Hazard.HazardPipelineIntegrationTests.StoreClusterCostPipeline_ProducesHighCostNearCentroid_ZeroFarAway" computerName="ILI" duration="00:00:00.0253968" startTime="2026-02-18T01:28:46.2245977-05:00" endTime="2026-02-18T01:28:46.2245977-05:00" testType="13cdc9d9-ddb5-4fa4-a97d-d965ccfc6d4b" outcome="Passed" testListId="8c84fa94-04c1-424b-9868-57a2d4851a1d" relativeResultsDirectory="d2566013-cc5f-4084-9e94-43c20f214d05" />
    <UnitTestResult executionId="5b495a61-9d7f-4e00-afde-7f3bc8d63d17" testId="8ddab345-5a78-188c-db6b-421298e9d6e5" testName="CoreUnitTests.BehaviorTree.BehaviorTreeCombatIntegrationTests.CombatScenario_LowHealthRetreat_ExecutesWhenHealthLow" computerName="ILI" duration="00:00:00.0003847" startTime="2026-02-18T01:28:46.2251940-05:00" endTime="2026-02-18T01:28:46.2251940-05:00" testType="13cdc9d9-ddb5-4fa4-a97d-d965ccfc6d4b" outcome="Passed" testListId="8c84fa94-04c1-424b-9868-57a2d4851a1d" relativeResultsDirectory="5b495a61-9d7f-4e00-afde-7f3bc8d63d17" />
    <UnitTestResult executionId="40389da8-a7b3-4256-b1db-8cdda965d128" testId="d08f2a65-0577-d627-64cc-65b1a11ec726" testName="CoreUnitTests.Integration.MockWoWClientComprehensiveTests.AssertPlayerAt_Tolerance_WorksCorrectly(tolerance: 1)" computerName="ILI" duration="00:00:00.0005505" startTime="2026-02-18T01:28:46.2244843-05:00" endTime="2026-02-18T01:28:46.2244843-05:00" testType="13cdc9d9-ddb5-4fa4-a97d-d965ccfc6d4b" outcome="Passed" testListId="8c84fa94-04c1-424b-9868-57a2d4851a1d" relativeResultsDirectory="40389da8-a7b3-4256-b1db-8cdda965d128" />
    <UnitTestResult executionId="e0d09415-9084-4134-a797-07f7f594d7b4" testId="4fc8ae05-e9c7-8321-9d07-82c45f172ae9" testName="CoreUnitTests.Integration.MockWoWClientComprehensiveTests.AssertPlayerAt_Tolerance_WorksCorrectly(tolerance: 5)" computerName="ILI" duration="00:00:00.0001210" startTime="2026-02-18T01:28:46.2245057-05:00" endTime="2026-02-18T01:28:46.2245057-05:00" testType="13cdc9d9-ddb5-4fa4-a97d-d965ccfc6d4b" outcome="Passed" testListId="8c84fa94-04c1-424b-9868-57a2d4851a1d" relativeResultsDirectory="e0d09415-9084-4134-a797-07f7f594d7b4" />
    <UnitTestResult executionId="e0a6f694-5062-4e89-b4cb-69fee2f9548a" testId="b50ea5bb-16dd-ec31-d6df-0353b57b156b" testName="CoreUnitTests.BehaviorTree.BehaviorTreeCombatIntegrationTests.Engine_WithSimpleSuccessTree_TickReturnsSuccess" computerName="ILI" duration="00:00:00.0001462" startTime="2026-02-18T01:28:46.2252835-05:00" endTime="2026-02-18T01:28:46.2252836-05:00" testType="13cdc9d9-ddb5-4fa4-a97d-d965ccfc6d4b" outcome="Passed" testListId="8c84fa94-04c1-424b-9868-57a2d4851a1d" relativeResultsDirectory="e0a6f694-5062-4e89-b4cb-69fee2f9548a" />
    <UnitTestResult executionId="52c04e9e-c202-48e8-a5b6-b33b6b4bb4eb" testId="5cf18d6b-c95d-0424-0496-eec143ab45b7" testName="CoreUnitTests.BehaviorTree.BehaviorTreeCombatIntegrationTests.Engine_CreatedWithoutTree_TickReturnsFailure" computerName="ILI" duration="00:00:00.0001287" startTime="2026-02-18T01:28:46.2240908-05:00" endTime="2026-02-18T01:28:46.2240908-05:00" testType="13cdc9d9-ddb5-4fa4-a97d-d965ccfc6d4b" outcome="Passed" testListId="8c84fa94-04c1-424b-9868-57a2d4851a1d" relativeResultsDirectory="52c04e9e-c202-48e8-a5b6-b33b6b4bb4eb" />
    <UnitTestResult executionId="bdac5ff1-6197-4c79-b9a5-70496c1caaf5" testId="e68409b3-9544-2d98-2b93-16974d7cf6f3" testName="CoreUnitTests.Integration.RouteRerouterVisualizationIntegrationTests.HotZone_Creation_Should_Generate_Multiple_Events" computerName="ILI" duration="00:00:00.0004151" startTime="2026-02-18T01:28:46.2729022-05:00" endTime="2026-02-18T01:28:46.2729023-05:00" testType="13cdc9d9-ddb5-4fa4-a97d-d965ccfc6d4b" outcome="Passed" testListId="8c84fa94-04c1-424b-9868-57a2d4851a1d" relativeResultsDirectory="bdac5ff1-6197-4c79-b9a5-70496c1caaf5" />
    <UnitTestResult executionId="0afef7be-b287-4320-83fc-5a92065e55fd" testId="733e2199-a91e-603a-4bb2-51ac74de8d7b" testName="CoreUnitTests.Integration.RouteRerouterIntegrationTests.Integration_RerouteWithGameState_ShouldWorkWithPlayerPosition" computerName="ILI" duration="00:00:00.0132058" startTime="2026-02-18T01:28:46.1983934-05:00" endTime="2026-02-18T01:28:46.1983934-05:00" testType="13cdc9d9-ddb5-4fa4-a97d-d965ccfc6d4b" outcome="Passed" testListId="8c84fa94-04c1-424b-9868-57a2d4851a1d" relativeResultsDirectory="0afef7be-b287-4320-83fc-5a92065e55fd" />
    <UnitTestResult executionId="be2f9e82-5320-4692-8972-dd7fd29683a0" testId="3d513cdf-9f00-e414-83c1-b53fbc614e3b" testName="CoreUnitTests.BehaviorTree.BehaviorTreeCombatIntegrationTests.ErrorHandling_NodeThrowsException_EngineHandlesGracefully" computerName="ILI" duration="00:00:00.0003198" startTime="2026-02-18T01:28:46.2244296-05:00" endTime="2026-02-18T01:28:46.2244297-05:00" testType="13cdc9d9-ddb5-4fa4-a97d-d965ccfc6d4b" outcome="Passed" testListId="8c84fa94-04c1-424b-9868-57a2d4851a1d" relativeResultsDirectory="be2f9e82-5320-4692-8972-dd7fd29683a0" />
    <UnitTestResult executionId="c1ca5fd0-0e47-49f4-834a-93390242e778" testId="9bfc4f84-1819-fe35-e0f1-5bdc9a9ad51e" testName="CoreUnitTests.Integration.RouteRerouterVisualizationIntegrationTests.Death_Simulation_Should_Create_Event_With_Correct_Position" computerName="ILI" duration="00:00:00.0042461" startTime="2026-02-18T01:28:46.2237879-05:00" endTime="2026-02-18T01:28:46.2237880-05:00" testType="13cdc9d9-ddb5-4fa4-a97d-d965ccfc6d4b" outcome="Passed" testListId="8c84fa94-04c1-424b-9868-57a2d4851a1d" relativeResultsDirectory="c1ca5fd0-0e47-49f4-834a-93390242e778" />
    <UnitTestResult executionId="5215dcf1-4522-4433-970f-f7f65dc4410d" testId="70470666-0fec-af76-7540-38f6fd83fbeb" testName="CoreUnitTests.EndToEnd.Scenarios.BotIntegrationTest.Update_TriggersOnChangedEvent" computerName="ILI" duration="00:00:00.0003457" startTime="2026-02-18T01:28:46.2497000-05:00" endTime="2026-02-18T01:28:46.2497001-05:00" testType="13cdc9d9-ddb5-4fa4-a97d-d965ccfc6d4b" outcome="Passed" testListId="8c84fa94-04c1-424b-9868-57a2d4851a1d" relativeResultsDirectory="5215dcf1-4522-4433-970f-f7f65dc4410d">
      <Output>
        <StdOut>=== Starting Scenario: Bot Integration ===&#xD;
Description: Validates MockWowScreen implements both IWowScreen and IAddonDataProvider for bot integration&#xD;
=== Completed Scenario: Bot Integration ===</StdOut>
      </Output>
    </UnitTestResult>
    <UnitTestResult executionId="9776ece7-f8bd-4e7c-9529-166951dbee69" testId="eceecc5e-2175-ea4a-0e1f-07157a635d76" testName="CoreUnitTests.Integration.BotFailureScenarioTests.SimulateHotZone_ShouldCreateHotZoneWithMultipleFailures" computerName="ILI" duration="00:00:00.0012556" startTime="2026-02-18T01:28:46.2470215-05:00" endTime="2026-02-18T01:28:46.2470215-05:00" testType="13cdc9d9-ddb5-4fa4-a97d-d965ccfc6d4b" outcome="Passed" testListId="8c84fa94-04c1-424b-9868-57a2d4851a1d" relativeResultsDirectory="9776ece7-f8bd-4e7c-9529-166951dbee69" />
    <UnitTestResult executionId="e1b450f0-b4a2-4324-a66d-f0284b30b6e9" testId="1718f531-3cbb-80b8-3695-c3bbd600db6e" testName="CoreUnitTests.Integration.MockWoWClientComprehensiveTests.GameState_InitialState_PlayerAtOrigin" computerName="ILI" duration="00:00:00.0001520" startTime="2026-02-18T01:28:46.2245750-05:00" endTime="2026-02-18T01:28:46.2245751-05:00" testType="13cdc9d9-ddb5-4fa4-a97d-d965ccfc6d4b" outcome="Passed" testListId="8c84fa94-04c1-424b-9868-57a2d4851a1d" relativeResultsDirectory="e1b450f0-b4a2-4324-a66d-f0284b30b6e9" />
    <UnitTestResult executionId="0b7946b1-5216-4364-8ba9-f451f232d386" testId="d5b5acf1-19ee-9ca8-50bf-e2eaae3a071a" testName="CoreUnitTests.BehaviorTree.BehaviorTreeCombatIntegrationTests.Performance_DeepTree_Handles_ComplexNesting" computerName="ILI" duration="00:00:00.0033066" startTime="2026-02-18T01:28:46.2230797-05:00" endTime="2026-02-18T01:28:46.2230798-05:00" testType="13cdc9d9-ddb5-4fa4-a97d-d965ccfc6d4b" outcome="Passed" testListId="8c84fa94-04c1-424b-9868-57a2d4851a1d" relativeResultsDirectory="0b7946b1-5216-4364-8ba9-f451f232d386" />
    <UnitTestResult executionId="bb6f3440-1242-4475-8637-d876faad368d" testId="91c926ea-e018-d76f-3a93-6ccdf8d2104f" testName="CoreUnitTests.BehaviorTree.BehaviorTreeCombatIntegrationTests.CombatScenario_SimplePullSequence_ExecutesInOrder" computerName="ILI" duration="00:00:00.0034310" startTime="2026-02-18T01:28:46.2249811-05:00" endTime="2026-02-18T01:28:46.2249811-05:00" testType="13cdc9d9-ddb5-4fa4-a97d-d965ccfc6d4b" outcome="Passed" testListId="8c84fa94-04c1-424b-9868-57a2d4851a1d" relativeResultsDirectory="bb6f3440-1242-4475-8637-d876faad368d" />
    <UnitTestResult executionId="50fad1fc-a744-4dc9-8fc1-5e58453a7408" testId="c64aff57-2cb5-a74c-85b3-5c859d6240c4" testName="CoreUnitTests.Integration.BotFailureScenarioTests.StuckDetection_Integration_WithBreadcrumbTracker" computerName="ILI" duration="00:00:00.0024849" startTime="2026-02-18T01:28:46.2456584-05:00" endTime="2026-02-18T01:28:46.2456585-05:00" testType="13cdc9d9-ddb5-4fa4-a97d-d965ccfc6d4b" outcome="Passed" testListId="8c84fa94-04c1-424b-9868-57a2d4851a1d" relativeResultsDirectory="50fad1fc-a744-4dc9-8fc1-5e58453a7408" />
    <UnitTestResult executionId="c2614a3b-aa85-4403-b909-6c52a9e4ce96" testId="99d4ab55-c5b3-a6b8-e38d-a6a7f6dc344f" testName="CoreUnitTests.BehaviorTree.BehaviorTreeCombatIntegrationTests.StateManagement_ResetClearsTreeState" computerName="ILI" duration="00:00:00.0003320" startTime="2026-02-18T01:28:46.2249593-05:00" endTime="2026-02-18T01:28:46.2249593-05:00" testType="13cdc9d9-ddb5-4fa4-a97d-d965ccfc6d4b" outcome="Passed" testListId="8c84fa94-04c1-424b-9868-57a2d4851a1d" relativeResultsDirectory="c2614a3b-aa85-4403-b909-6c52a9e4ce96" />
    <UnitTestResult executionId="4aff6c65-bd9b-4a55-aecc-ccadb3ad3e8a" testId="e1501759-e1c1-bbba-a943-d412b426ea5c" testName="CoreUnitTests.Integration.RouteRerouterVisualizationIntegrationTests.Detour_Calculation_With_Hot_Zone_Should_Succeed" computerName="ILI" duration="00:00:00.0006732" startTime="2026-02-18T01:28:46.2707085-05:00" endTime="2026-02-18T01:28:46.2707086-05:00" testType="13cdc9d9-ddb5-4fa4-a97d-d965ccfc6d4b" outcome="Passed" testListId="8c84fa94-04c1-424b-9868-57a2d4851a1d" relativeResultsDirectory="4aff6c65-bd9b-4a55-aecc-ccadb3ad3e8a" />
    <UnitTestResult executionId="96bd4d17-9a1d-4467-80ac-85bb6b0ee81d" testId="a1ad8cd4-d191-00db-e8a3-06b0d833930c" testName="CoreUnitTests.Integration.RouteRerouterVisualizationIntegrationTests.Rehabilitation_Should_Create_Rehab_Event" computerName="ILI" duration="00:00:00.0002636" startTime="2026-02-18T01:28:46.2711034-05:00" endTime="2026-02-18T01:28:46.2711035-05:00" testType="13cdc9d9-ddb5-4fa4-a97d-d965ccfc6d4b" outcome="Passed" testListId="8c84fa94-04c1-424b-9868-57a2d4851a1d" relativeResultsDirectory="96bd4d17-9a1d-4467-80ac-85bb6b0ee81d" />
    <UnitTestResult executionId="3b30dfc1-05b6-4af9-8917-6b6076199a0d" testId="3a06349c-9e18-b247-a0ce-8f6d3fe4ed37" testName="CoreUnitTests.Integration.BotFailureScenarioTests.FailureSimulation_GetRecentStuckEvents_ShouldReturnEventsWithinWindow" computerName="ILI" duration="00:00:00.0011104" startTime="2026-02-18T01:28:46.2506214-05:00" endTime="2026-02-18T01:28:46.2506214-05:00" testType="13cdc9d9-ddb5-4fa4-a97d-d965ccfc6d4b" outcome="Passed" testListId="8c84fa94-04c1-424b-9868-57a2d4851a1d" relativeResultsDirectory="3b30dfc1-05b6-4af9-8917-6b6076199a0d" />
    <UnitTestResult executionId="b65ce941-3e0d-4c2c-a4c2-0246842df469" testId="84da7655-d56e-e998-38bf-faf1c53b0734" testName="CoreUnitTests.BehaviorTree.BehaviorTreeCombatIntegrationTests.CombatScenario_CombatWithCooldowns_WaitsForCooldown" computerName="ILI" duration="00:00:00.0004505" startTime="2026-02-18T01:28:46.2238359-05:00" endTime="2026-02-18T01:28:46.2238359-05:00" testType="13cdc9d9-ddb5-4fa4-a97d-d965ccfc6d4b" outcome="Passed" testListId="8c84fa94-04c1-424b-9868-57a2d4851a1d" relativeResultsDirectory="b65ce941-3e0d-4c2c-a4c2-0246842df469" />
    <UnitTestResult executionId="63fb79f1-8cec-4f0b-9f3a-93e46d1e39d8" testId="d0215be5-251d-d618-2fc9-b903b29ff12d" testName="CoreUnitTests.Integration.RouteRerouterVisualizationIntegrationTests.Clear_History_Should_Reset_Failure_Simulation_State" computerName="ILI" duration="00:00:00.0199318" startTime="2026-02-18T01:28:46.2230136-05:00" endTime="2026-02-18T01:28:46.2230137-05:00" testType="13cdc9d9-ddb5-4fa4-a97d-d965ccfc6d4b" outcome="Passed" testListId="8c84fa94-04c1-424b-9868-57a2d4851a1d" relativeResultsDirectory="63fb79f1-8cec-4f0b-9f3a-93e46d1e39d8" />
    <UnitTestResult executionId="10e3a5d9-b087-4ff3-bacb-f989b6fc66b4" testId="8777159c-ec00-f5cc-9904-393a875584e7" testName="CoreUnitTests.Integration.MockWoWClientComprehensiveTests.FailureSimulation_MultipleStuckEvents_AllCaptured(count: 1)" computerName="ILI" duration="00:00:00.0000113" startTime="2026-02-18T01:28:46.2220746-05:00" endTime="2026-02-18T01:28:46.2220747-05:00" testType="13cdc9d9-ddb5-4fa4-a97d-d965ccfc6d4b" outcome="Passed" testListId="8c84fa94-04c1-424b-9868-57a2d4851a1d" relativeResultsDirectory="10e3a5d9-b087-4ff3-bacb-f989b6fc66b4" />
    <UnitTestResult executionId="0c33313e-97ef-48a6-b2ac-44e9c34c54df" testId="35952fe0-1929-c035-7219-2a9fce00dacc" testName="CoreUnitTests.Integration.BotFailureScenarioTests.SimulateDeath_ShouldCreateDeathEventAndKillPlayer" computerName="ILI" duration="00:00:00.0014855" startTime="2026-02-18T01:28:46.2418340-05:00" endTime="2026-02-18T01:28:46.2418341-05:00" testType="13cdc9d9-ddb5-4fa4-a97d-d965ccfc6d4b" outcome="Passed" testListId="8c84fa94-04c1-424b-9868-57a2d4851a1d" relativeResultsDirectory="0c33313e-97ef-48a6-b2ac-44e9c34c54df" />
    <UnitTestResult executionId="66f4cfd1-cff9-4db4-bf6f-035b68bd42be" testId="3426d70a-a2ed-f70f-e4e6-747db775c24e" testName="CoreUnitTests.BehaviorTree.BehaviorTreeCombatIntegrationTests.StateManagement_TreePreservesStateAcrossTicks" computerName="ILI" duration="00:00:00.0003141" startTime="2026-02-18T01:28:46.2252406-05:00" endTime="2026-02-18T01:28:46.2252406-05:00" testType="13cdc9d9-ddb5-4fa4-a97d-d965ccfc6d4b" outcome="Passed" testListId="8c84fa94-04c1-424b-9868-57a2d4851a1d" relativeResultsDirectory="66f4cfd1-cff9-4db4-bf6f-035b68bd42be" />
    <UnitTestResult executionId="24895718-517b-4bb9-bff0-abcd08d5257f" testId="f537b3b3-b190-3433-6316-cf4e39c4e1c5" testName="CoreUnitTests.BehaviorTree.BehaviorTreeCombatIntegrationTests.CombatScenario_RotationWithConditions_SkipsOnFailedCondition" computerName="ILI" duration="00:00:00.0003912" startTime="2026-02-18T01:28:46.2240662-05:00" endTime="2026-02-18T01:28:46.2240663-05:00" testType="13cdc9d9-ddb5-4fa4-a97d-d965ccfc6d4b" outcome="Passed" testListId="8c84fa94-04c1-424b-9868-57a2d4851a1d" relativeResultsDirectory="24895718-517b-4bb9-bff0-abcd08d5257f" />
    <UnitTestResult executionId="9957a727-ce31-42a0-a6de-d39c13549b20" testId="d9155f10-f914-0d38-064e-d720e03a6c5d" testName="CoreUnitTests.Integration.MockWoWClientComprehensiveTests.FailureSimulation_HotZoneCreation_TriggersEvent" computerName="ILI" duration="00:00:00.0003628" startTime="2026-02-18T01:28:46.2241937-05:00" endTime="2026-02-18T01:28:46.2241938-05:00" testType="13cdc9d9-ddb5-4fa4-a97d-d965ccfc6d4b" outcome="Passed" testListId="8c84fa94-04c1-424b-9868-57a2d4851a1d" relativeResultsDirectory="9957a727-ce31-42a0-a6de-d39c13549b20" />
    <UnitTestResult executionId="6a93e427-ab80-44bb-bcac-b7005cc073c4" testId="fdc5b4a2-6e14-8951-3298-5e15068c040b" testName="CoreUnitTests.EndToEnd.Scenarios.BotIntegrationTest.Update_CapturesScreenImage" computerName="ILI" duration="00:00:00.0004682" startTime="2026-02-18T01:28:46.2489972-05:00" endTime="2026-02-18T01:28:46.2489972-05:00" testType="13cdc9d9-ddb5-4fa4-a97d-d965ccfc6d4b" outcome="Passed" testListId="8c84fa94-04c1-424b-9868-57a2d4851a1d" relativeResultsDirectory="6a93e427-ab80-44bb-bcac-b7005cc073c4">
      <Output>
        <StdOut>=== Starting Scenario: Bot Integration ===&#xD;
Description: Validates MockWowScreen implements both IWowScreen and IAddonDataProvider for bot integration&#xD;
=== Completed Scenario: Bot Integration ===</StdOut>
      </Output>
    </UnitTestResult>
    <UnitTestResult executionId="bb6b7198-431e-4fcd-91d0-f81e4214e166" testId="4cb71525-0d30-f8b5-8e43-131b28fd244c" testName="CoreUnitTests.BehaviorTree.BehaviorTreeCombatIntegrationTests.CombatScenario_MultiTargetDetection_RetreatWhenMultiple" computerName="ILI" duration="00:00:00.0010302" startTime="2026-02-18T01:28:46.2236827-05:00" endTime="2026-02-18T01:28:46.2236827-05:00" testType="13cdc9d9-ddb5-4fa4-a97d-d965ccfc6d4b" outcome="Passed" testListId="8c84fa94-04c1-424b-9868-57a2d4851a1d" relativeResultsDirectory="bb6b7198-431e-4fcd-91d0-f81e4214e166" />
    <UnitTestResult executionId="076f039c-c0df-491a-8a4b-8cc4dc95ad62" testId="a0724d11-5fa8-d74d-39de-3d07327e9787" testName="CoreUnitTests.Integration.MockWoWClientComprehensiveTests.GameState_PlayerPosition_SetAndRetrieve" computerName="ILI" duration="00:00:00.0000766" startTime="2026-02-18T01:28:46.2249206-05:00" endTime="2026-02-18T01:28:46.2249206-05:00" testType="13cdc9d9-ddb5-4fa4-a97d-d965ccfc6d4b" outcome="Passed" testListId="8c84fa94-04c1-424b-9868-57a2d4851a1d" relativeResultsDirectory="076f039c-c0df-491a-8a4b-8cc4dc95ad62" />
    <UnitTestResult executionId="71f5962e-260c-40e9-b268-ed279f2e73b5" testId="646b33ce-a0e2-2d6d-239a-1c58f07952b1" testName="CoreUnitTests.BehaviorTree.BehaviorTreeCombatIntegrationTests.Performance_SimplePull_Executes_LessThan100ms" computerName="ILI" duration="00:00:00.0002684" startTime="2026-02-18T01:28:46.2252190-05:00" endTime="2026-02-18T01:28:46.2252190-05:00" testType="13cdc9d9-ddb5-4fa4-a97d-d965ccfc6d4b" outcome="Passed" testListId="8c84fa94-04c1-424b-9868-57a2d4851a1d" relativeResultsDirectory="71f5962e-260c-40e9-b268-ed279f2e73b5" />
    <UnitTestResult executionId="52ee3ddf-5870-48f1-a4a2-eaaa3ff757fe" testId="16b033ab-7d65-5707-22cf-077cd465721f" testName="CoreUnitTests.BehaviorTree.BehaviorTreeCombatIntegrationTests.CombatScenario_MultipleTicksWithState_PersistsState" computerName="ILI" duration="00:00:00.0033893" startTime="2026-02-18T01:28:46.2229642-05:00" endTime="2026-02-18T01:28:46.2229642-05:00" testType="13cdc9d9-ddb5-4fa4-a97d-d965ccfc6d4b" outcome="Passed" testListId="8c84fa94-04c1-424b-9868-57a2d4851a1d" relativeResultsDirectory="52ee3ddf-5870-48f1-a4a2-eaaa3ff757fe" />
    <UnitTestResult executionId="7009e8cf-da51-48dc-96b4-dc20aab32aef" testId="2bc72a03-9c60-ea92-2741-f355650dd45c" testName="CoreUnitTests.BehaviorTree.BehaviorTreeCombatIntegrationTests.Engine_WithSimpleFailureTree_TickReturnsFailure" computerName="ILI" duration="00:00:00.0003213" startTime="2026-02-18T01:28:46.2237338-05:00" endTime="2026-02-18T01:28:46.2237338-05:00" testType="13cdc9d9-ddb5-4fa4-a97d-d965ccfc6d4b" outcome="Passed" testListId="8c84fa94-04c1-424b-9868-57a2d4851a1d" relativeResultsDirectory="7009e8cf-da51-48dc-96b4-dc20aab32aef" />
    <UnitTestResult executionId="1bc301fc-1b9c-4737-8ca3-e8e50477992b" testId="363bbeda-4d83-ba7f-649a-e2e9a487e037" testName="CoreUnitTests.Integration.MockWoWClientComprehensiveTests.GameState_CombatSimulation_UpdatesState" computerName="ILI" duration="00:00:00.0029090" startTime="2026-02-18T01:28:46.2230498-05:00" endTime="2026-02-18T01:28:46.2230498-05:00" testType="13cdc9d9-ddb5-4fa4-a97d-d965ccfc6d4b" outcome="Passed" testListId="8c84fa94-04c1-424b-9868-57a2d4851a1d" relativeResultsDirectory="1bc301fc-1b9c-4737-8ca3-e8e50477992b" />
    <UnitTestResult executionId="2c018819-32c9-46da-8d59-002dcfc247fc" testId="9b3459b3-80d2-60df-8bad-672a24f1ca19" testName="CoreUnitTests.Integration.MockWoWClientComprehensiveTests.EventCapture_CaptureEvent_WorksSynchronously" computerName="ILI" duration="00:00:00.0007262" startTime="2026-02-18T01:28:46.2244575-05:00" endTime="2026-02-18T01:28:46.2244575-05:00" testType="13cdc9d9-ddb5-4fa4-a97d-d965ccfc6d4b" outcome="Passed" testListId="8c84fa94-04c1-424b-9868-57a2d4851a1d" relativeResultsDirectory="2c018819-32c9-46da-8d59-002dcfc247fc" />
    <UnitTestResult executionId="bc1a05f3-6604-45bb-b1c7-f7060fde0e78" testId="ff55e937-c92a-104e-6c90-9f8ebcf928b3" testName="CoreUnitTests.Integration.MockWoWClientComprehensiveTests.FailureSimulation_StuckEvent_UpdatesPlayerState" computerName="ILI" duration="00:00:00.0005292" startTime="2026-02-18T01:28:46.2241681-05:00" endTime="2026-02-18T01:28:46.2241682-05:00" testType="13cdc9d9-ddb5-4fa4-a97d-d965ccfc6d4b" outcome="Passed" testListId="8c84fa94-04c1-424b-9868-57a2d4851a1d" relativeResultsDirectory="bc1a05f3-6604-45bb-b1c7-f7060fde0e78" />
    <UnitTestResult executionId="3fdb2ab1-7299-4f56-bf50-bc49b2121454" testId="7905723c-f500-4ea1-86b8-294e768b709a" testName="CoreUnitTests.EndToEnd.Scenarios.BotIntegrationTest.WaitForUpdate_WithRetries_Succeeds" computerName="ILI" duration="00:00:00.0001881" startTime="2026-02-18T01:28:46.2505498-05:00" endTime="2026-02-18T01:28:46.2505499-05:00" testType="13cdc9d9-ddb5-4fa4-a97d-d965ccfc6d4b" outcome="Passed" testListId="8c84fa94-04c1-424b-9868-57a2d4851a1d" relativeResultsDirectory="3fdb2ab1-7299-4f56-bf50-bc49b2121454">
      <Output>
        <StdOut>=== Starting Scenario: Bot Integration ===&#xD;
Description: Validates MockWowScreen implements both IWowScreen and IAddonDataProvider for bot integration&#xD;
=== Completed Scenario: Bot Integration ===</StdOut>
      </Output>
    </UnitTestResult>
    <UnitTestResult executionId="86a29022-edcd-4f0d-9175-5abce2063cc9" testId="da714dda-6ae4-cafc-baed-12e20ca4846f" testName="CoreUnitTests.Integration.MockWoWClientComprehensiveTests.FailureSimulation_MultipleStuckEvents_AllCaptured(count: 3)" computerName="ILI" duration="00:00:00.0148524" startTime="2026-02-18T01:28:46.2219455-05:00" endTime="2026-02-18T01:28:46.2219456-05:00" testType="13cdc9d9-ddb5-4fa4-a97d-d965ccfc6d4b" outcome="Passed" testListId="8c84fa94-04c1-424b-9868-57a2d4851a1d" relativeResultsDirectory="86a29022-edcd-4f0d-9175-5abce2063cc9" />
    <UnitTestResult executionId="ae4033f0-b886-4b7a-b195-e5e8eb2f334a" testId="5cf6d697-8332-d434-8d6f-575f542f499f" testName="CoreUnitTests.Integration.MockWoWClientComprehensiveTests.FailureSimulation_MultiMobAggro_SpawnsCorrectNumber" computerName="ILI" duration="00:00:00.0020899" startTime="2026-02-18T01:28:46.2237593-05:00" endTime="2026-02-18T01:28:46.2237593-05:00" testType="13cdc9d9-ddb5-4fa4-a97d-d965ccfc6d4b" outcome="Passed" testListId="8c84fa94-04c1-424b-9868-57a2d4851a1d" relativeResultsDirectory="ae4033f0-b886-4b7a-b195-e5e8eb2f334a" />
    <UnitTestResult executionId="f117d739-13e8-4daa-ad27-e8108c2e2d42" testId="7a3faae6-680b-6ba7-7e83-4b6c93dd57d9" testName="CoreUnitTests.Integration.MockWoWClientComprehensiveTests.AssertPlayerAt_Tolerance_WorksCorrectly(tolerance: 0.100000001)" computerName="ILI" duration="00:00:00.0000093" startTime="2026-02-18T01:28:46.2245282-05:00" endTime="2026-02-18T01:28:46.2245282-05:00" testType="13cdc9d9-ddb5-4fa4-a97d-d965ccfc6d4b" outcome="Passed" testListId="8c84fa94-04c1-424b-9868-57a2d4851a1d" relativeResultsDirectory="f117d739-13e8-4daa-ad27-e8108c2e2d42" />
    <UnitTestResult executionId="6dd70c1f-db07-4753-b467-1b951f1790b2" testId="34677521-0df9-9922-9fad-4d6ba430ede4" testName="CoreUnitTests.Integration.MockWoWClientComprehensiveTests.FailureSimulation_DeathEvent_SetsPlayerDead" computerName="ILI" duration="00:00:00.0003628" startTime="2026-02-18T01:28:46.2248165-05:00" endTime="2026-02-18T01:28:46.2248165-05:00" testType="13cdc9d9-ddb5-4fa4-a97d-d965ccfc6d4b" outcome="Passed" testListId="8c84fa94-04c1-424b-9868-57a2d4851a1d" relativeResultsDirectory="6dd70c1f-db07-4753-b467-1b951f1790b2" />
    <UnitTestResult executionId="45a395dc-0943-42fa-85e7-18addd44b88e" testId="bbcd9c70-e504-0ad4-9f72-b3bd572dabfd" testName="CoreUnitTests.CombatRotation.FeatureFlagIntegrationTests.FeatureFlagsOptions_GetEnabledFeatures_ExcludesWhenDisabled" computerName="ILI" duration="00:00:00.0075150" startTime="2026-02-18T01:28:46.2221079-05:00" endTime="2026-02-18T01:28:46.2221080-05:00" testType="13cdc9d9-ddb5-4fa4-a97d-d965ccfc6d4b" outcome="Passed" testListId="8c84fa94-04c1-424b-9868-57a2d4851a1d" relativeResultsDirectory="45a395dc-0943-42fa-85e7-18addd44b88e" />
    <UnitTestResult executionId="2a0612ea-9627-415b-8bc7-adb09837fcdb" testId="ff33454f-54bb-6500-3701-38fd2eca40ef" testName="CoreUnitTests.BehaviorTree.BehaviorTreeCombatIntegrationTests.Engine_TickWithException_ReturnsFailureAndLogs" computerName="ILI" duration="00:00:00.0123232" startTime="2026-02-18T01:28:46.2217818-05:00" endTime="2026-02-18T01:28:46.2217818-05:00" testType="13cdc9d9-ddb5-4fa4-a97d-d965ccfc6d4b" outcome="Passed" testListId="8c84fa94-04c1-424b-9868-57a2d4851a1d" relativeResultsDirectory="2a0612ea-9627-415b-8bc7-adb09837fcdb" />
    <UnitTestResult executionId="57ec1782-638c-41b1-a725-279cd88842dc" testId="1ba7d5b6-f610-b605-eb5d-d74f8dbf6e09" testName="CoreUnitTests.Hazard.HazardPipelineIntegrationTests.PersistenceRoundTrip_LoadRecluster_PreservesCostBehavior" computerName="ILI" duration="00:00:00.0513633" startTime="2026-02-18T01:28:46.2649095-05:00" endTime="2026-02-18T01:28:46.2649096-05:00" testType="13cdc9d9-ddb5-4fa4-a97d-d965ccfc6d4b" outcome="Passed" testListId="8c84fa94-04c1-424b-9868-57a2d4851a1d" relativeResultsDirectory="57ec1782-638c-41b1-a725-279cd88842dc" />
    <UnitTestResult executionId="bf8b8a02-6ffb-4d4d-a168-1b9854a9f7fc" testId="85c981cb-151c-6ca7-00c1-6436b5fde22a" testName="CoreUnitTests.CombatRotation.FeatureFlagIntegrationTests.FeatureFlagsOptions_CombatRotationOptimizer_DefaultsToDisabled" computerName="ILI" duration="00:00:00.0000729" startTime="2026-02-18T01:28:46.2221576-05:00" endTime="2026-02-18T01:28:46.2221576-05:00" testType="13cdc9d9-ddb5-4fa4-a97d-d965ccfc6d4b" outcome="Passed" testListId="8c84fa94-04c1-424b-9868-57a2d4851a1d" relativeResultsDirectory="bf8b8a02-6ffb-4d4d-a168-1b9854a9f7fc" />
    <UnitTestResult executionId="eda66028-60f4-4fff-b4a4-d18ba10a3d36" testId="6593840e-73f5-0290-42d1-c1f9f79ea222" testName="CoreUnitTests.CombatRotation.FeatureFlagIntegrationTests.FeatureFlagsOptions_GetEnabledFeatures_IncludesCombatRotation" computerName="ILI" duration="00:00:00.0012642" startTime="2026-02-18T01:28:46.2221356-05:00" endTime="2026-02-18T01:28:46.2221357-05:00" testType="13cdc9d9-ddb5-4fa4-a97d-d965ccfc6d4b" outcome="Passed" testListId="8c84fa94-04c1-424b-9868-57a2d4851a1d" relativeResultsDirectory="eda66028-60f4-4fff-b4a4-d18ba10a3d36" />
    <UnitTestResult executionId="ae635e81-615d-42ed-8650-752774840625" testId="97e5b77b-847c-bd0c-58ed-057982921619" testName="CoreUnitTests.Integration.BotFailureScenarioTests.SimulateStuck_WithHighAttemptCount_ShouldMarkAsSpinning" computerName="ILI" duration="00:00:00.0012060" startTime="2026-02-18T01:28:46.2483244-05:00" endTime="2026-02-18T01:28:46.2483244-05:00" testType="13cdc9d9-ddb5-4fa4-a97d-d965ccfc6d4b" outcome="Passed" testListId="8c84fa94-04c1-424b-9868-57a2d4851a1d" relativeResultsDirectory="ae635e81-615d-42ed-8650-752774840625" />
  </Results>
  <TestDefinitions>
    <UnitTest name="CoreUnitTests.BehaviorTree.BehaviorTreeCombatIntegrationTests.StateManagement_ResetClearsTreeState" storage="c:\wowclassicgrindbot\coreunittests\bin\debug\net10.0\coreunittests.dll" id="99d4ab55-c5b3-a6b8-e38d-a6a7f6dc344f">
      <Execution id="c2614a3b-aa85-4403-b909-6c52a9e4ce96" />
      <TestMethod codeBase="C:\WowClassicGrindBot\CoreUnitTests\bin\Debug\net10.0\CoreUnitTests.dll" adapterTypeName="executor://xunit/VsTestRunner2/netcoreapp" className="CoreUnitTests.BehaviorTree.BehaviorTreeCombatIntegrationTests" name="StateManagement_ResetClearsTreeState" />
    </UnitTest>
    <UnitTest name="CoreUnitTests.Integration.BotFailureScenarioTests.SimulateDeath_ShouldCreateDeathEventAndKillPlayer" storage="c:\wowclassicgrindbot\coreunittests\bin\debug\net10.0\coreunittests.dll" id="35952fe0-1929-c035-7219-2a9fce00dacc">
      <Execution id="0c33313e-97ef-48a6-b2ac-44e9c34c54df" />
      <TestMethod codeBase="C:\WowClassicGrindBot\CoreUnitTests\bin\Debug\net10.0\CoreUnitTests.dll" adapterTypeName="executor://xunit/VsTestRunner2/netcoreapp" className="CoreUnitTests.Integration.BotFailureScenarioTests" name="SimulateDeath_ShouldCreateDeathEventAndKillPlayer" />
    </UnitTest>
    <UnitTest name="CoreUnitTests.Integration.MockWoWClientComprehensiveTests.FailureSimulation_StuckEvent_UpdatesPlayerState" storage="c:\wowclassicgrindbot\coreunittests\bin\debug\net10.0\coreunittests.dll" id="ff55e937-c92a-104e-6c90-9f8ebcf928b3">
      <Execution id="bc1a05f3-6604-45bb-b1c7-f7060fde0e78" />
      <TestMethod codeBase="C:\WowClassicGrindBot\CoreUnitTests\bin\Debug\net10.0\CoreUnitTests.dll" adapterTypeName="executor://xunit/VsTestRunner2/netcoreapp" className="CoreUnitTests.Integration.MockWoWClientComprehensiveTests" name="FailureSimulation_StuckEvent_UpdatesPlayerState" />
    </UnitTest>
    <UnitTest name="CoreUnitTests.BehaviorTree.BehaviorTreeCombatIntegrationTests.CombatScenario_MultipleTicksWithState_PersistsState" storage="c:\wowclassicgrindbot\coreunittests\bin\debug\net10.0\coreunittests.dll" id="16b033ab-7d65-5707-22cf-077cd465721f">
      <Execution id="52ee3ddf-5870-48f1-a4a2-eaaa3ff757fe" />
      <TestMethod codeBase="C:\WowClassicGrindBot\CoreUnitTests\bin\Debug\net10.0\CoreUnitTests.dll" adapterTypeName="executor://xunit/VsTestRunner2/netcoreapp" className="CoreUnitTests.BehaviorTree.BehaviorTreeCombatIntegrationTests" name="CombatScenario_MultipleTicksWithState_PersistsState" />
    </UnitTest>
    <UnitTest name="CoreUnitTests.Integration.MockWoWClientComprehensiveTests.FailureSimulation_MultipleStuckEvents_AllCaptured(count: 5)" storage="c:\wowclassicgrindbot\coreunittests\bin\debug\net10.0\coreunittests.dll" id="dbe3e498-62c5-63eb-85f2-21729f34a026">
      <Execution id="30cdde7f-9710-4759-a16a-d7e366c37216" />
      <TestMethod codeBase="C:\WowClassicGrindBot\CoreUnitTests\bin\Debug\net10.0\CoreUnitTests.dll" adapterTypeName="executor://xunit/VsTestRunner2/netcoreapp" className="CoreUnitTests.Integration.MockWoWClientComprehensiveTests" name="FailureSimulation_MultipleStuckEvents_AllCaptured" />
    </UnitTest>
    <UnitTest name="CoreUnitTests.BehaviorTree.BehaviorTreeCombatIntegrationTests.CombatScenario_RotationWithConditions_SkipsOnFailedCondition" storage="c:\wowclassicgrindbot\coreunittests\bin\debug\net10.0\coreunittests.dll" id="f537b3b3-b190-3433-6316-cf4e39c4e1c5">
      <Execution id="24895718-517b-4bb9-bff0-abcd08d5257f" />
      <TestMethod codeBase="C:\WowClassicGrindBot\CoreUnitTests\bin\Debug\net10.0\CoreUnitTests.dll" adapterTypeName="executor://xunit/VsTestRunner2/netcoreapp" className="CoreUnitTests.BehaviorTree.BehaviorTreeCombatIntegrationTests" name="CombatScenario_RotationWithConditions_SkipsOnFailedCondition" />
    </UnitTest>
    <UnitTest name="CoreUnitTests.BehaviorTree.BehaviorTreeCombatIntegrationTests.Performance_DeepTree_Handles_ComplexNesting" storage="c:\wowclassicgrindbot\coreunittests\bin\debug\net10.0\coreunittests.dll" id="d5b5acf1-19ee-9ca8-50bf-e2eaae3a071a">
      <Execution id="0b7946b1-5216-4364-8ba9-f451f232d386" />
      <TestMethod codeBase="C:\WowClassicGrindBot\CoreUnitTests\bin\Debug\net10.0\CoreUnitTests.dll" adapterTypeName="executor://xunit/VsTestRunner2/netcoreapp" className="CoreUnitTests.BehaviorTree.BehaviorTreeCombatIntegrationTests" name="Performance_DeepTree_Handles_ComplexNesting" />
    </UnitTest>
    <UnitTest name="CoreUnitTests.Integration.RouteRerouterVisualizationIntegrationTests.Rehabilitation_Should_Create_Rehab_Event" storage="c:\wowclassicgrindbot\coreunittests\bin\debug\net10.0\coreunittests.dll" id="a1ad8cd4-d191-00db-e8a3-06b0d833930c">
      <Execution id="96bd4d17-9a1d-4467-80ac-85bb6b0ee81d" />
      <TestMethod codeBase="C:\WowClassicGrindBot\CoreUnitTests\bin\Debug\net10.0\CoreUnitTests.dll" adapterTypeName="executor://xunit/VsTestRunner2/netcoreapp" className="CoreUnitTests.Integration.RouteRerouterVisualizationIntegrationTests" name="Rehabilitation_Should_Create_Rehab_Event" />
    </UnitTest>
    <UnitTest name="CoreUnitTests.Integration.MockWoWClientComprehensiveTests.FailureSimulation_MultipleStuckEvents_AllCaptured(count: 1)" storage="c:\wowclassicgrindbot\coreunittests\bin\debug\net10.0\coreunittests.dll" id="8777159c-ec00-f5cc-9904-393a875584e7">
      <Execution id="10e3a5d9-b087-4ff3-bacb-f989b6fc66b4" />
      <TestMethod codeBase="C:\WowClassicGrindBot\CoreUnitTests\bin\Debug\net10.0\CoreUnitTests.dll" adapterTypeName="executor://xunit/VsTestRunner2/netcoreapp" className="CoreUnitTests.Integration.MockWoWClientComprehensiveTests" name="FailureSimulation_MultipleStuckEvents_AllCaptured" />
    </UnitTest>
    <UnitTest name="CoreUnitTests.Integration.BotFailureScenarioTests.FailureSimulation_ClearHistory_ShouldRemoveAllEvents" storage="c:\wowclassicgrindbot\coreunittests\bin\debug\net10.0\coreunittests.dll" id="aaf3ce73-8ab5-369a-86ff-155b4efc6388">
      <Execution id="fb4bcab7-29cf-44a8-8a38-78af523542da" />
      <TestMethod codeBase="C:\WowClassicGrindBot\CoreUnitTests\bin\Debug\net10.0\CoreUnitTests.dll" adapterTypeName="executor://xunit/VsTestRunner2/netcoreapp" className="CoreUnitTests.Integration.BotFailureScenarioTests" name="FailureSimulation_ClearHistory_ShouldRemoveAllEvents" />
    </UnitTest>
    <UnitTest name="CoreUnitTests.Integration.RouteRerouterVisualizationIntegrationTests.Multi_Mob_Aggro_Should_Spawn_And_Enter_Combat" storage="c:\wowclassicgrindbot\coreunittests\bin\debug\net10.0\coreunittests.dll" id="053d8e54-1c65-ad7a-f87b-a21004c91ac7">
      <Execution id="d1f3d7c3-4080-4298-a7a1-4890a5c5ad03" />
      <TestMethod codeBase="C:\WowClassicGrindBot\CoreUnitTests\bin\Debug\net10.0\CoreUnitTests.dll" adapterTypeName="executor://xunit/VsTestRunner2/netcoreapp" className="CoreUnitTests.Integration.RouteRerouterVisualizationIntegrationTests" name="Multi_Mob_Aggro_Should_Spawn_And_Enter_Combat" />
    </UnitTest>
    <UnitTest name="CoreUnitTests.BehaviorTree.BehaviorTreeCombatIntegrationTests.StateManagement_TreePreservesStateAcrossTicks" storage="c:\wowclassicgrindbot\coreunittests\bin\debug\net10.0\coreunittests.dll" id="3426d70a-a2ed-f70f-e4e6-747db775c24e">
      <Execution id="66f4cfd1-cff9-4db4-bf6f-035b68bd42be" />
      <TestMethod codeBase="C:\WowClassicGrindBot\CoreUnitTests\bin\Debug\net10.0\CoreUnitTests.dll" adapterTypeName="executor://xunit/VsTestRunner2/netcoreapp" className="CoreUnitTests.BehaviorTree.BehaviorTreeCombatIntegrationTests" name="StateManagement_TreePreservesStateAcrossTicks" />
    </UnitTest>
    <UnitTest name="CoreUnitTests.BehaviorTree.BehaviorTreeCombatIntegrationTests.CombatScenario_CombatWithCooldowns_WaitsForCooldown" storage="c:\wowclassicgrindbot\coreunittests\bin\debug\net10.0\coreunittests.dll" id="84da7655-d56e-e998-38bf-faf1c53b0734">
      <Execution id="b65ce941-3e0d-4c2c-a4c2-0246842df469" />
      <TestMethod codeBase="C:\WowClassicGrindBot\CoreUnitTests\bin\Debug\net10.0\CoreUnitTests.dll" adapterTypeName="executor://xunit/VsTestRunner2/netcoreapp" className="CoreUnitTests.BehaviorTree.BehaviorTreeCombatIntegrationTests" name="CombatScenario_CombatWithCooldowns_WaitsForCooldown" />
    </UnitTest>
    <UnitTest name="CoreUnitTests.EndToEnd.Scenarios.BotIntegrationTest.Update_CapturesScreenImage" storage="c:\wowclassicgrindbot\coreunittests\bin\debug\net10.0\coreunittests.dll" id="fdc5b4a2-6e14-8951-3298-5e15068c040b">
      <Execution id="6a93e427-ab80-44bb-bcac-b7005cc073c4" />
      <TestMethod codeBase="C:\WowClassicGrindBot\CoreUnitTests\bin\Debug\net10.0\CoreUnitTests.dll" adapterTypeName="executor://xunit/VsTestRunner2/netcoreapp" className="CoreUnitTests.EndToEnd.Scenarios.BotIntegrationTest" name="Update_CapturesScreenImage" />
    </UnitTest>
    <UnitTest name="CoreUnitTests.Integration.BotFailureScenarioTests.SimulateMultiMobAggro_ShouldSpawnMobsAndStartCombat" storage="c:\wowclassicgrindbot\coreunittests\bin\debug\net10.0\coreunittests.dll" id="5b1dab26-c620-e93d-bf63-9e40241a0d4e">
      <Execution id="fd1e32bd-4a60-417d-858e-9cf0ba6c6b5e" />
      <TestMethod codeBase="C:\WowClassicGrindBot\CoreUnitTests\bin\Debug\net10.0\CoreUnitTests.dll" adapterTypeName="executor://xunit/VsTestRunner2/netcoreapp" className="CoreUnitTests.Integration.BotFailureScenarioTests" name="SimulateMultiMobAggro_ShouldSpawnMobsAndStartCombat" />
    </UnitTest>
    <UnitTest name="CoreUnitTests.EndToEnd.Scenarios.BotIntegrationTest.Implements_BothInterfaces" storage="c:\wowclassicgrindbot\coreunittests\bin\debug\net10.0\coreunittests.dll" id="796d3fae-a1d5-0a7a-21d3-08e23206fadc">
      <Execution id="dcfa5f26-cddb-4500-9543-7c491a7e7769" />
      <TestMethod codeBase="C:\WowClassicGrindBot\CoreUnitTests\bin\Debug\net10.0\CoreUnitTests.dll" adapterTypeName="executor://xunit/VsTestRunner2/netcoreapp" className="CoreUnitTests.EndToEnd.Scenarios.BotIntegrationTest" name="Implements_BothInterfaces" />
    </UnitTest>
    <UnitTest name="CoreUnitTests.Hazard.HazardPipelineIntegrationTests.StoreClusterCostPipeline_ProducesHighCostNearCentroid_ZeroFarAway" storage="c:\wowclassicgrindbot\coreunittests\bin\debug\net10.0\coreunittests.dll" id="11fdb42f-4edb-9560-bc91-3e2f5b99d06f">
      <Execution id="d2566013-cc5f-4084-9e94-43c20f214d05" />
      <TestMethod codeBase="C:\WowClassicGrindBot\CoreUnitTests\bin\Debug\net10.0\CoreUnitTests.dll" adapterTypeName="executor://xunit/VsTestRunner2/netcoreapp" className="CoreUnitTests.Hazard.HazardPipelineIntegrationTests" name="StoreClusterCostPipeline_ProducesHighCostNearCentroid_ZeroFarAway" />
    </UnitTest>
    <UnitTest name="CoreUnitTests.Integration.MockWoWClientComprehensiveTests.FailureSimulation_MultipleStuckEvents_AllCaptured(count: 3)" storage="c:\wowclassicgrindbot\coreunittests\bin\debug\net10.0\coreunittests.dll" id="da714dda-6ae4-cafc-baed-12e20ca4846f">
      <Execution id="86a29022-edcd-4f0d-9175-5abce2063cc9" />
      <TestMethod codeBase="C:\WowClassicGrindBot\CoreUnitTests\bin\Debug\net10.0\CoreUnitTests.dll" adapterTypeName="executor://xunit/VsTestRunner2/netcoreapp" className="CoreUnitTests.Integration.MockWoWClientComprehensiveTests" name="FailureSimulation_MultipleStuckEvents_AllCaptured" />
    </UnitTest>
    <UnitTest name="CoreUnitTests.EndToEnd.Scenarios.BotIntegrationTest.DataDecoding_RoundTripsGameStateValues" storage="c:\wowclassicgrindbot\coreunittests\bin\debug\net10.0\coreunittests.dll" id="bbb0189f-fe75-845d-2240-1b46846a5462">
      <Execution id="e3605ed2-52f6-4096-94d9-3756482f7bee" />
      <TestMethod codeBase="C:\WowClassicGrindBot\CoreUnitTests\bin\Debug\net10.0\CoreUnitTests.dll" adapterTypeName="executor://xunit/VsTestRunner2/netcoreapp" className="CoreUnitTests.EndToEnd.Scenarios.BotIntegrationTest" name="DataDecoding_RoundTripsGameStateValues" />
    </UnitTest>
    <UnitTest name="CoreUnitTests.Integration.MockWoWClientComprehensiveTests.GameState_PlayerDirection_SetAndRetrieve" storage="c:\wowclassicgrindbot\coreunittests\bin\debug\net10.0\coreunittests.dll" id="3ef183ff-86b0-2a94-c1c5-e0f0027000cb">
      <Execution id="3ad4ecc9-acec-43ac-968b-657d9ac02a94" />
      <TestMethod codeBase="C:\WowClassicGrindBot\CoreUnitTests\bin\Debug\net10.0\CoreUnitTests.dll" adapterTypeName="executor://xunit/VsTestRunner2/netcoreapp" className="CoreUnitTests.Integration.MockWoWClientComprehensiveTests" name="GameState_PlayerDirection_SetAndRetrieve" />
    </UnitTest>
    <UnitTest name="CoreUnitTests.Integration.BotFailureScenarioTests.SimulateHotZone_ShouldCreateHotZoneWithMultipleFailures" storage="c:\wowclassicgrindbot\coreunittests\bin\debug\net10.0\coreunittests.dll" id="eceecc5e-2175-ea4a-0e1f-07157a635d76">
      <Execution id="9776ece7-f8bd-4e7c-9529-166951dbee69" />
      <TestMethod codeBase="C:\WowClassicGrindBot\CoreUnitTests\bin\Debug\net10.0\CoreUnitTests.dll" adapterTypeName="executor://xunit/VsTestRunner2/netcoreapp" className="CoreUnitTests.Integration.BotFailureScenarioTests" name="SimulateHotZone_ShouldCreateHotZoneWithMultipleFailures" />
    </UnitTest>
    <UnitTest name="CoreUnitTests.Integration.RouteRerouterVisualizationIntegrationTests.HotZone_Creation_Should_Trigger_Reroute" storage="c:\wowclassicgrindbot\coreunittests\bin\debug\net10.0\coreunittests.dll" id="10e9ff47-d922-08ce-7d3c-ac95a282dd8e">
      <Execution id="4dac86be-a020-4713-9ffd-43a493a38cc4" />
      <TestMethod codeBase="C:\WowClassicGrindBot\CoreUnitTests\bin\Debug\net10.0\CoreUnitTests.dll" adapterTypeName="executor://xunit/VsTestRunner2/netcoreapp" className="CoreUnitTests.Integration.RouteRerouterVisualizationIntegrationTests" name="HotZone_Creation_Should_Trigger_Reroute" />
    </UnitTest>
    <UnitTest name="CoreUnitTests.BehaviorTree.BehaviorTreeCombatIntegrationTests.ErrorHandling_NodeThrowsException_EngineHandlesGracefully" storage="c:\wowclassicgrindbot\coreunittests\bin\debug\net10.0\coreunittests.dll" id="3d513cdf-9f00-e414-83c1-b53fbc614e3b">
      <Execution id="be2f9e82-5320-4692-8972-dd7fd29683a0" />
      <TestMethod codeBase="C:\WowClassicGrindBot\CoreUnitTests\bin\Debug\net10.0\CoreUnitTests.dll" adapterTypeName="executor://xunit/VsTestRunner2/netcoreapp" className="CoreUnitTests.BehaviorTree.BehaviorTreeCombatIntegrationTests" name="ErrorHandling_NodeThrowsException_EngineHandlesGracefully" />
    </UnitTest>
    <UnitTest name="CoreUnitTests.Integration.MockWoWClientComprehensiveTests.AssertPlayerAt_Tolerance_WorksCorrectly(tolerance: 1)" storage="c:\wowclassicgrindbot\coreunittests\bin\debug\net10.0\coreunittests.dll" id="d08f2a65-0577-d627-64cc-65b1a11ec726">
      <Execution id="40389da8-a7b3-4256-b1db-8cdda965d128" />
      <TestMethod codeBase="C:\WowClassicGrindBot\CoreUnitTests\bin\Debug\net10.0\CoreUnitTests.dll" adapterTypeName="executor://xunit/VsTestRunner2/netcoreapp" className="CoreUnitTests.Integration.MockWoWClientComprehensiveTests" name="AssertPlayerAt_Tolerance_WorksCorrectly" />
    </UnitTest>
    <UnitTest name="CoreUnitTests.Integration.RouteRerouterVisualizationIntegrationTests.HotZone_Creation_Should_Generate_Multiple_Events" storage="c:\wowclassicgrindbot\coreunittests\bin\debug\net10.0\coreunittests.dll" id="e68409b3-9544-2d98-2b93-16974d7cf6f3">
      <Execution id="bdac5ff1-6197-4c79-b9a5-70496c1caaf5" />
      <TestMethod codeBase="C:\WowClassicGrindBot\CoreUnitTests\bin\Debug\net10.0\CoreUnitTests.dll" adapterTypeName="executor://xunit/VsTestRunner2/netcoreapp" className="CoreUnitTests.Integration.RouteRerouterVisualizationIntegrationTests" name="HotZone_Creation_Should_Generate_Multiple_Events" />
    </UnitTest>
    <UnitTest name="CoreUnitTests.Integration.BotFailureScenarioTests.StuckDetection_Integration_WithBreadcrumbTracker" storage="c:\wowclassicgrindbot\coreunittests\bin\debug\net10.0\coreunittests.dll" id="c64aff57-2cb5-a74c-85b3-5c859d6240c4">
      <Execution id="50fad1fc-a744-4dc9-8fc1-5e58453a7408" />
      <TestMethod codeBase="C:\WowClassicGrindBot\CoreUnitTests\bin\Debug\net10.0\CoreUnitTests.dll" adapterTypeName="executor://xunit/VsTestRunner2/netcoreapp" className="CoreUnitTests.Integration.BotFailureScenarioTests" name="StuckDetection_Integration_WithBreadcrumbTracker" />
    </UnitTest>
    <UnitTest name="CoreUnitTests.Integration.MockWoWClientComprehensiveTests.FailureSimulation_MultiMobAggro_SpawnsCorrectNumber" storage="c:\wowclassicgrindbot\coreunittests\bin\debug\net10.0\coreunittests.dll" id="5cf6d697-8332-d434-8d6f-575f542f499f">
      <Execution id="ae4033f0-b886-4b7a-b195-e5e8eb2f334a" />
      <TestMethod codeBase="C:\WowClassicGrindBot\CoreUnitTests\bin\Debug\net10.0\CoreUnitTests.dll" adapterTypeName="executor://xunit/VsTestRunner2/netcoreapp" className="CoreUnitTests.Integration.MockWoWClientComprehensiveTests" name="FailureSimulation_MultiMobAggro_SpawnsCorrectNumber" />
    </UnitTest>
    <UnitTest name="CoreUnitTests.EndToEnd.Scenarios.BotIntegrationTest.WaitForUpdate_WithRetries_Succeeds" storage="c:\wowclassicgrindbot\coreunittests\bin\debug\net10.0\coreunittests.dll" id="7905723c-f500-4ea1-86b8-294e768b709a">
      <Execution id="3fdb2ab1-7299-4f56-bf50-bc49b2121454" />
      <TestMethod codeBase="C:\WowClassicGrindBot\CoreUnitTests\bin\Debug\net10.0\CoreUnitTests.dll" adapterTypeName="executor://xunit/VsTestRunner2/netcoreapp" className="CoreUnitTests.EndToEnd.Scenarios.BotIntegrationTest" name="WaitForUpdate_WithRetries_Succeeds" />
    </UnitTest>
    <UnitTest name="CoreUnitTests.Integration.MockWoWClientComprehensiveTests.EventCapture_CaptureEvent_WorksSynchronously" storage="c:\wowclassicgrindbot\coreunittests\bin\debug\net10.0\coreunittests.dll" id="9b3459b3-80d2-60df-8bad-672a24f1ca19">
      <Execution id="2c018819-32c9-46da-8d59-002dcfc247fc" />
      <TestMethod codeBase="C:\WowClassicGrindBot\CoreUnitTests\bin\Debug\net10.0\CoreUnitTests.dll" adapterTypeName="executor://xunit/VsTestRunner2/netcoreapp" className="CoreUnitTests.Integration.MockWoWClientComprehensiveTests" name="EventCapture_CaptureEvent_WorksSynchronously" />
    </UnitTest>
    <UnitTest name="CoreUnitTests.Integration.RouteRerouterVisualizationIntegrationTests.Hazard_Store_Should_Track_Events_By_Map" storage="c:\wowclassicgrindbot\coreunittests\bin\debug\net10.0\coreunittests.dll" id="5d86b5c3-4dc1-5c63-0922-c88b5e2fc9bd">
      <Execution id="36ceec7a-1075-48c1-a0c2-9d07eaf19890" />
      <TestMethod codeBase="C:\WowClassicGrindBot\CoreUnitTests\bin\Debug\net10.0\CoreUnitTests.dll" adapterTypeName="executor://xunit/VsTestRunner2/netcoreapp" className="CoreUnitTests.Integration.RouteRerouterVisualizationIntegrationTests" name="Hazard_Store_Should_Track_Events_By_Map" />
    </UnitTest>
    <UnitTest name="CoreUnitTests.BehaviorTree.BehaviorTreeCombatIntegrationTests.CombatScenario_SimplePullSequence_ExecutesInOrder" storage="c:\wowclassicgrindbot\coreunittests\bin\debug\net10.0\coreunittests.dll" id="91c926ea-e018-d76f-3a93-6ccdf8d2104f">
      <Execution id="bb6f3440-1242-4475-8637-d876faad368d" />
      <TestMethod codeBase="C:\WowClassicGrindBot\CoreUnitTests\bin\Debug\net10.0\CoreUnitTests.dll" adapterTypeName="executor://xunit/VsTestRunner2/netcoreapp" className="CoreUnitTests.BehaviorTree.BehaviorTreeCombatIntegrationTests" name="CombatScenario_SimplePullSequence_ExecutesInOrder" />
    </UnitTest>
    <UnitTest name="CoreUnitTests.CombatRotation.FeatureFlagIntegrationTests.FeatureFlagsOptions_CombatRotationOptimizer_DefaultsToDisabled" storage="c:\wowclassicgrindbot\coreunittests\bin\debug\net10.0\coreunittests.dll" id="85c981cb-151c-6ca7-00c1-6436b5fde22a">
      <Execution id="bf8b8a02-6ffb-4d4d-a168-1b9854a9f7fc" />
      <TestMethod codeBase="C:\WowClassicGrindBot\CoreUnitTests\bin\Debug\net10.0\CoreUnitTests.dll" adapterTypeName="executor://xunit/VsTestRunner2/netcoreapp" className="CoreUnitTests.CombatRotation.FeatureFlagIntegrationTests" name="FeatureFlagsOptions_CombatRotationOptimizer_DefaultsToDisabled" />
    </UnitTest>
    <UnitTest name="CoreUnitTests.Integration.BotFailureScenarioTests.SimulateStuck_WithHighAttemptCount_ShouldMarkAsSpinning" storage="c:\wowclassicgrindbot\coreunittests\bin\debug\net10.0\coreunittests.dll" id="97e5b77b-847c-bd0c-58ed-057982921619">
      <Execution id="ae635e81-615d-42ed-8650-752774840625" />
      <TestMethod codeBase="C:\WowClassicGrindBot\CoreUnitTests\bin\Debug\net10.0\CoreUnitTests.dll" adapterTypeName="executor://xunit/VsTestRunner2/netcoreapp" className="CoreUnitTests.Integration.BotFailureScenarioTests" name="SimulateStuck_WithHighAttemptCount_ShouldMarkAsSpinning" />
    </UnitTest>
    <UnitTest name="CoreUnitTests.CombatRotation.FeatureFlagIntegrationTests.FeatureFlagsOptions_IsEnabled_ReturnsFalseForCombatRotation" storage="c:\wowclassicgrindbot\coreunittests\bin\debug\net10.0\coreunittests.dll" id="2ee01620-c19d-0188-9b9d-7a6fc7c2a117">
      <Execution id="5b866878-bb28-4da7-94f8-163e1591e190" />
      <TestMethod codeBase="C:\WowClassicGrindBot\CoreUnitTests\bin\Debug\net10.0\CoreUnitTests.dll" adapterTypeName="executor://xunit/VsTestRunner2/netcoreapp" className="CoreUnitTests.CombatRotation.FeatureFlagIntegrationTests" name="FeatureFlagsOptions_IsEnabled_ReturnsFalseForCombatRotation" />
    </UnitTest>
    <UnitTest name="CoreUnitTests.Integration.MockWoWClientComprehensiveTests.GameState_PlayerPosition_SetAndRetrieve" storage="c:\wowclassicgrindbot\coreunittests\bin\debug\net10.0\coreunittests.dll" id="a0724d11-5fa8-d74d-39de-3d07327e9787">
      <Execution id="076f039c-c0df-491a-8a4b-8cc4dc95ad62" />
      <TestMethod codeBase="C:\WowClassicGrindBot\CoreUnitTests\bin\Debug\net10.0\CoreUnitTests.dll" adapterTypeName="executor://xunit/VsTestRunner2/netcoreapp" className="CoreUnitTests.Integration.MockWoWClientComprehensiveTests" name="GameState_PlayerPosition_SetAndRetrieve" />
    </UnitTest>
    <UnitTest name="CoreUnitTests.EndToEnd.Scenarios.BotIntegrationTest.IWowScreen_Properties_ReturnCorrectValues" storage="c:\wowclassicgrindbot\coreunittests\bin\debug\net10.0\coreunittests.dll" id="684f1ccc-927a-08a7-8f0d-1549e60a7d00">
      <Execution id="41d35a6b-c493-42ab-bb44-f79497124e36" />
      <TestMethod codeBase="C:\WowClassicGrindBot\CoreUnitTests\bin\Debug\net10.0\CoreUnitTests.dll" adapterTypeName="executor://xunit/VsTestRunner2/netcoreapp" className="CoreUnitTests.EndToEnd.Scenarios.BotIntegrationTest" name="IWowScreen_Properties_ReturnCorrectValues" />
    </UnitTest>
    <UnitTest name="CoreUnitTests.Integration.RouteRerouterIntegrationTests.Integration_UIActionRecording_ShouldRecordAndReplay" storage="c:\wowclassicgrindbot\coreunittests\bin\debug\net10.0\coreunittests.dll" id="340d46c4-49da-eaf1-e441-bfca4f6eae61">
      <Execution id="04c05476-3c00-4618-931f-99b2b274404c" />
      <TestMethod codeBase="C:\WowClassicGrindBot\CoreUnitTests\bin\Debug\net10.0\CoreUnitTests.dll" adapterTypeName="executor://xunit/VsTestRunner2/netcoreapp" className="CoreUnitTests.Integration.RouteRerouterIntegrationTests" name="Integration_UIActionRecording_ShouldRecordAndReplay" />
    </UnitTest>
    <UnitTest name="CoreUnitTests.Integration.RouteRerouterVisualizationIntegrationTests.Clear_History_Should_Reset_Failure_Simulation_State" storage="c:\wowclassicgrindbot\coreunittests\bin\debug\net10.0\coreunittests.dll" id="d0215be5-251d-d618-2fc9-b903b29ff12d">
      <Execution id="63fb79f1-8cec-4f0b-9f3a-93e46d1e39d8" />
      <TestMethod codeBase="C:\WowClassicGrindBot\CoreUnitTests\bin\Debug\net10.0\CoreUnitTests.dll" adapterTypeName="executor://xunit/VsTestRunner2/netcoreapp" className="CoreUnitTests.Integration.RouteRerouterVisualizationIntegrationTests" name="Clear_History_Should_Reset_Failure_Simulation_State" />
    </UnitTest>
    <UnitTest name="CoreUnitTests.Integration.BotFailureScenarioTests.FullScenario_StuckThenDeathThenHotZone" storage="c:\wowclassicgrindbot\coreunittests\bin\debug\net10.0\coreunittests.dll" id="1df21e80-ea82-be10-e5a3-3c634aeda2ee">
      <Execution id="07c10e75-8718-4590-b454-8d36505f3390" />
      <TestMethod codeBase="C:\WowClassicGrindBot\CoreUnitTests\bin\Debug\net10.0\CoreUnitTests.dll" adapterTypeName="executor://xunit/VsTestRunner2/netcoreapp" className="CoreUnitTests.Integration.BotFailureScenarioTests" name="FullScenario_StuckThenDeathThenHotZone" />
    </UnitTest>
    <UnitTest name="CoreUnitTests.Integration.RouteRerouterVisualizationIntegrationTests.Detour_Calculation_With_Hot_Zone_Should_Succeed" storage="c:\wowclassicgrindbot\coreunittests\bin\debug\net10.0\coreunittests.dll" id="e1501759-e1c1-bbba-a943-d412b426ea5c">
      <Execution id="4aff6c65-bd9b-4a55-aecc-ccadb3ad3e8a" />
      <TestMethod codeBase="C:\WowClassicGrindBot\CoreUnitTests\bin\Debug\net10.0\CoreUnitTests.dll" adapterTypeName="executor://xunit/VsTestRunner2/netcoreapp" className="CoreUnitTests.Integration.RouteRerouterVisualizationIntegrationTests" name="Detour_Calculation_With_Hot_Zone_Should_Succeed" />
    </UnitTest>
    <UnitTest name="CoreUnitTests.Integration.BotFailureScenarioTests.SimulateRehabilitation_ShouldCreateRehabEvent" storage="c:\wowclassicgrindbot\coreunittests\bin\debug\net10.0\coreunittests.dll" id="d4b10412-88c8-df1c-c131-0fc4e93c50b6">
      <Execution id="61aed6de-4e9c-4942-8e77-4f45e86912a6" />
      <TestMethod codeBase="C:\WowClassicGrindBot\CoreUnitTests\bin\Debug\net10.0\CoreUnitTests.dll" adapterTypeName="executor://xunit/VsTestRunner2/netcoreapp" className="CoreUnitTests.Integration.BotFailureScenarioTests" name="SimulateRehabilitation_ShouldCreateRehabEvent" />
    </UnitTest>
    <UnitTest name="CoreUnitTests.Integration.MockWoWClientComprehensiveTests.GameState_CombatSimulation_UpdatesState" storage="c:\wowclassicgrindbot\coreunittests\bin\debug\net10.0\coreunittests.dll" id="363bbeda-4d83-ba7f-649a-e2e9a487e037">
      <Execution id="1bc301fc-1b9c-4737-8ca3-e8e50477992b" />
      <TestMethod codeBase="C:\WowClassicGrindBot\CoreUnitTests\bin\Debug\net10.0\CoreUnitTests.dll" adapterTypeName="executor://xunit/VsTestRunner2/netcoreapp" className="CoreUnitTests.Integration.MockWoWClientComprehensiveTests" name="GameState_CombatSimulation_UpdatesState" />
    </UnitTest>
    <UnitTest name="CoreUnitTests.Hazard.HazardPipelineIntegrationTests.PersistenceRoundTrip_LoadRecluster_PreservesCostBehavior" storage="c:\wowclassicgrindbot\coreunittests\bin\debug\net10.0\coreunittests.dll" id="1ba7d5b6-f610-b605-eb5d-d74f8dbf6e09">
      <Execution id="57ec1782-638c-41b1-a725-279cd88842dc" />
      <TestMethod codeBase="C:\WowClassicGrindBot\CoreUnitTests\bin\Debug\net10.0\CoreUnitTests.dll" adapterTypeName="executor://xunit/VsTestRunner2/netcoreapp" className="CoreUnitTests.Hazard.HazardPipelineIntegrationTests" name="PersistenceRoundTrip_LoadRecluster_PreservesCostBehavior" />
    </UnitTest>
    <UnitTest name="CoreUnitTests.Integration.RouteRerouterIntegrationTests.Integration_FullScenario_MovementAndRecording" storage="c:\wowclassicgrindbot\coreunittests\bin\debug\net10.0\coreunittests.dll" id="8441b681-f087-e80c-6e1a-90039d953d15">
      <Execution id="06201ef6-5a4b-4786-b780-227196a5b6a4" />
      <TestMethod codeBase="C:\WowClassicGrindBot\CoreUnitTests\bin\Debug\net10.0\CoreUnitTests.dll" adapterTypeName="executor://xunit/VsTestRunner2/netcoreapp" className="CoreUnitTests.Integration.RouteRerouterIntegrationTests" name="Integration_FullScenario_MovementAndRecording" />
    </UnitTest>
    <UnitTest name="CoreUnitTests.CombatRotation.FeatureFlagIntegrationTests.FeatureFlagsOptions_GetEnabledFeatures_ExcludesWhenDisabled" storage="c:\wowclassicgrindbot\coreunittests\bin\debug\net10.0\coreunittests.dll" id="bbcd9c70-e504-0ad4-9f72-b3bd572dabfd">
      <Execution id="45a395dc-0943-42fa-85e7-18addd44b88e" />
      <TestMethod codeBase="C:\WowClassicGrindBot\CoreUnitTests\bin\Debug\net10.0\CoreUnitTests.dll" adapterTypeName="executor://xunit/VsTestRunner2/netcoreapp" className="CoreUnitTests.CombatRotation.FeatureFlagIntegrationTests" name="FeatureFlagsOptions_GetEnabledFeatures_ExcludesWhenDisabled" />
    </UnitTest>
    <UnitTest name="CoreUnitTests.Integration.BotFailureScenarioTests.FailureSimulation_GetRecentStuckEvents_ShouldReturnEventsWithinWindow" storage="c:\wowclassicgrindbot\coreunittests\bin\debug\net10.0\coreunittests.dll" id="3a06349c-9e18-b247-a0ce-8f6d3fe4ed37">
      <Execution id="3b30dfc1-05b6-4af9-8917-6b6076199a0d" />
      <TestMethod codeBase="C:\WowClassicGrindBot\CoreUnitTests\bin\Debug\net10.0\CoreUnitTests.dll" adapterTypeName="executor://xunit/VsTestRunner2/netcoreapp" className="CoreUnitTests.Integration.BotFailureScenarioTests" name="FailureSimulation_GetRecentStuckEvents_ShouldReturnEventsWithinWindow" />
    </UnitTest>
    <UnitTest name="CoreUnitTests.BehaviorTree.BehaviorTreeCombatIntegrationTests.CombatScenario_LowHealthRetreat_ExecutesWhenHealthLow" storage="c:\wowclassicgrindbot\coreunittests\bin\debug\net10.0\coreunittests.dll" id="8ddab345-5a78-188c-db6b-421298e9d6e5">
      <Execution id="5b495a61-9d7f-4e00-afde-7f3bc8d63d17" />
      <TestMethod codeBase="C:\WowClassicGrindBot\CoreUnitTests\bin\Debug\net10.0\CoreUnitTests.dll" adapterTypeName="executor://xunit/VsTestRunner2/netcoreapp" className="CoreUnitTests.BehaviorTree.BehaviorTreeCombatIntegrationTests" name="CombatScenario_LowHealthRetreat_ExecutesWhenHealthLow" />
    </UnitTest>
    <UnitTest name="CoreUnitTests.Integration.RouteRerouterVisualizationIntegrationTests.Reroute_Disabled_Should_Not_Trigger" storage="c:\wowclassicgrindbot\coreunittests\bin\debug\net10.0\coreunittests.dll" id="9686b459-4a30-31a4-dca0-8cd036e05a54">
      <Execution id="6c53439d-5be5-4e11-b43d-5e4678b4d03e" />
      <TestMethod codeBase="C:\WowClassicGrindBot\CoreUnitTests\bin\Debug\net10.0\CoreUnitTests.dll" adapterTypeName="executor://xunit/VsTestRunner2/netcoreapp" className="CoreUnitTests.Integration.RouteRerouterVisualizationIntegrationTests" name="Reroute_Disabled_Should_Not_Trigger" />
    </UnitTest>
    <UnitTest name="CoreUnitTests.EndToEnd.Scenarios.BotIntegrationTest.IAddonDataProvider_ImplementsAllMethods" storage="c:\wowclassicgrindbot\coreunittests\bin\debug\net10.0\coreunittests.dll" id="8da653c5-cdc6-bb62-4099-47964b2c5bd2">
      <Execution id="63cdd236-e5b7-4bb5-a3cc-4b38c6e177ad" />
      <TestMethod codeBase="C:\WowClassicGrindBot\CoreUnitTests\bin\Debug\net10.0\CoreUnitTests.dll" adapterTypeName="executor://xunit/VsTestRunner2/netcoreapp" className="CoreUnitTests.EndToEnd.Scenarios.BotIntegrationTest" name="IAddonDataProvider_ImplementsAllMethods" />
    </UnitTest>
    <UnitTest name="CoreUnitTests.Integration.MockWoWClientComprehensiveTests.GameState_NpcSpawn_CreatesEntity" storage="c:\wowclassicgrindbot\coreunittests\bin\debug\net10.0\coreunittests.dll" id="ad93b65b-4376-65ac-addc-9701cf6dc004">
      <Execution id="b415e3ef-4330-4483-a0b6-8e99b40abab3" />
      <TestMethod codeBase="C:\WowClassicGrindBot\CoreUnitTests\bin\Debug\net10.0\CoreUnitTests.dll" adapterTypeName="executor://xunit/VsTestRunner2/netcoreapp" className="CoreUnitTests.Integration.MockWoWClientComprehensiveTests" name="GameState_NpcSpawn_CreatesEntity" />
    </UnitTest>
    <UnitTest name="CoreUnitTests.Integration.MockWoWClientComprehensiveTests.FailureSimulation_RehabEvent_UpdatesZoneState" storage="c:\wowclassicgrindbot\coreunittests\bin\debug\net10.0\coreunittests.dll" id="eb9bfca2-34ba-7768-199b-046bf6d4e81f">
      <Execution id="e9feae94-482d-4072-b9f7-4393ce9b76aa" />
      <TestMethod codeBase="C:\WowClassicGrindBot\CoreUnitTests\bin\Debug\net10.0\CoreUnitTests.dll" adapterTypeName="executor://xunit/VsTestRunner2/netcoreapp" className="CoreUnitTests.Integration.MockWoWClientComprehensiveTests" name="FailureSimulation_RehabEvent_UpdatesZoneState" />
    </UnitTest>
    <UnitTest name="CoreUnitTests.Integration.MockWoWClientComprehensiveTests.FullScenario_StuckDeathHotZone_Rehabilitation" storage="c:\wowclassicgrindbot\coreunittests\bin\debug\net10.0\coreunittests.dll" id="86b6ea81-7186-aad2-09bb-f143ade899b8">
      <Execution id="f9d72522-f28a-42a4-9d3e-ca3cbdfd8f03" />
      <TestMethod codeBase="C:\WowClassicGrindBot\CoreUnitTests\bin\Debug\net10.0\CoreUnitTests.dll" adapterTypeName="executor://xunit/VsTestRunner2/netcoreapp" className="CoreUnitTests.Integration.MockWoWClientComprehensiveTests" name="FullScenario_StuckDeathHotZone_Rehabilitation" />
    </UnitTest>
    <UnitTest name="CoreUnitTests.BehaviorTree.BehaviorTreeCombatIntegrationTests.Engine_WithSimpleSuccessTree_TickReturnsSuccess" storage="c:\wowclassicgrindbot\coreunittests\bin\debug\net10.0\coreunittests.dll" id="b50ea5bb-16dd-ec31-d6df-0353b57b156b">
      <Execution id="e0a6f694-5062-4e89-b4cb-69fee2f9548a" />
      <TestMethod codeBase="C:\WowClassicGrindBot\CoreUnitTests\bin\Debug\net10.0\CoreUnitTests.dll" adapterTypeName="executor://xunit/VsTestRunner2/netcoreapp" className="CoreUnitTests.BehaviorTree.BehaviorTreeCombatIntegrationTests" name="Engine_WithSimpleSuccessTree_TickReturnsSuccess" />
    </UnitTest>
    <UnitTest name="CoreUnitTests.Integration.BotFailureScenarioTests.SmartBlacklist_AddEntry_ShouldBeRetrievable" storage="c:\wowclassicgrindbot\coreunittests\bin\debug\net10.0\coreunittests.dll" id="98e8aae4-54af-32e9-7231-02063db5287f">
      <Execution id="5cd482ca-ddb3-455f-ae57-a47cee992820" />
      <TestMethod codeBase="C:\WowClassicGrindBot\CoreUnitTests\bin\Debug\net10.0\CoreUnitTests.dll" adapterTypeName="executor://xunit/VsTestRunner2/netcoreapp" className="CoreUnitTests.Integration.BotFailureScenarioTests" name="SmartBlacklist_AddEntry_ShouldBeRetrievable" />
    </UnitTest>
    <UnitTest name="CoreUnitTests.Integration.MockWoWClientComprehensiveTests.AssertPlayerAt_Tolerance_WorksCorrectly(tolerance: 5)" storage="c:\wowclassicgrindbot\coreunittests\bin\debug\net10.0\coreunittests.dll" id="4fc8ae05-e9c7-8321-9d07-82c45f172ae9">
[...]
      <Execution id="2a0612ea-9627-415b-8bc7-adb09837fcdb" />
      <TestMethod codeBase="C:\WowClassicGrindBot\CoreUnitTests\bin\Debug\net10.0\CoreUnitTests.dll" adapterTypeName="executor://xunit/VsTestRunner2/netcoreapp" className="CoreUnitTests.BehaviorTree.BehaviorTreeCombatIntegrationTests" name="Engine_TickWithException_ReturnsFailureAndLogs" />
    </UnitTest>
    <UnitTest name="CoreUnitTests.BehaviorTree.BehaviorTreeCombatIntegrationTests.Factory_CreatesNewEngineInstances" storage="c:\wowclassicgrindbot\coreunittests\bin\debug\net10.0\coreunittests.dll" id="e0616bde-7883-6262-1f43-b6af6c508553">
      <Execution id="b014c572-a47f-4b86-a1bd-fba5f7e197b5" />
      <TestMethod codeBase="C:\WowClassicGrindBot\CoreUnitTests\bin\Debug\net10.0\CoreUnitTests.dll" adapterTypeName="executor://xunit/VsTestRunner2/netcoreapp" className="CoreUnitTests.BehaviorTree.BehaviorTreeCombatIntegrationTests" name="Factory_CreatesNewEngineInstances" />
    </UnitTest>
    <UnitTest name="CoreUnitTests.BehaviorTree.BehaviorTreeCombatIntegrationTests.CombatScenario_TargetSwitching_ExecutesNewSequence" storage="c:\wowclassicgrindbot\coreunittests\bin\debug\net10.0\coreunittests.dll" id="6b0e9898-05ae-a517-d364-ad29e212f842">
      <Execution id="05c354d5-1a53-46c6-97a3-6f8ce21f3f0f" />
      <TestMethod codeBase="C:\WowClassicGrindBot\CoreUnitTests\bin\Debug\net10.0\CoreUnitTests.dll" adapterTypeName="executor://xunit/VsTestRunner2/netcoreapp" className="CoreUnitTests.BehaviorTree.BehaviorTreeCombatIntegrationTests" name="CombatScenario_TargetSwitching_ExecutesNewSequence" />
    </UnitTest>
    <UnitTest name="CoreUnitTests.Integration.MockWoWClientComprehensiveTests.FailureSimulation_ClearHistory_RemovesAllEvents" storage="c:\wowclassicgrindbot\coreunittests\bin\debug\net10.0\coreunittests.dll" id="85ffabe8-805b-32a8-a68f-5e00188c0a58">
      <Execution id="6643fb84-29d6-4dfa-b510-24056ab029d7" />
      <TestMethod codeBase="C:\WowClassicGrindBot\CoreUnitTests\bin\Debug\net10.0\CoreUnitTests.dll" adapterTypeName="executor://xunit/VsTestRunner2/netcoreapp" className="CoreUnitTests.Integration.MockWoWClientComprehensiveTests" name="FailureSimulation_ClearHistory_RemovesAllEvents" />
    </UnitTest>
    <UnitTest name="CoreUnitTests.BehaviorTree.BehaviorTreeCombatIntegrationTests.Performance_SimplePull_Executes_LessThan100ms" storage="c:\wowclassicgrindbot\coreunittests\bin\debug\net10.0\coreunittests.dll" id="646b33ce-a0e2-2d6d-239a-1c58f07952b1">
      <Execution id="71f5962e-260c-40e9-b268-ed279f2e73b5" />
      <TestMethod codeBase="C:\WowClassicGrindBot\CoreUnitTests\bin\Debug\net10.0\CoreUnitTests.dll" adapterTypeName="executor://xunit/VsTestRunner2/netcoreapp" className="CoreUnitTests.BehaviorTree.BehaviorTreeCombatIntegrationTests" name="Performance_SimplePull_Executes_LessThan100ms" />
    </UnitTest>
    <UnitTest name="CoreUnitTests.BehaviorTree.BehaviorTreeCombatIntegrationTests.Engine_WithSimpleFailureTree_TickReturnsFailure" storage="c:\wowclassicgrindbot\coreunittests\bin\debug\net10.0\coreunittests.dll" id="2bc72a03-9c60-ea92-2741-f355650dd45c">
      <Execution id="7009e8cf-da51-48dc-96b4-dc20aab32aef" />
      <TestMethod codeBase="C:\WowClassicGrindBot\CoreUnitTests\bin\Debug\net10.0\CoreUnitTests.dll" adapterTypeName="executor://xunit/VsTestRunner2/netcoreapp" className="CoreUnitTests.BehaviorTree.BehaviorTreeCombatIntegrationTests" name="Engine_WithSimpleFailureTree_TickReturnsFailure" />
    </UnitTest>
    <UnitTest name="CoreUnitTests.Integration.MockWoWClientComprehensiveTests.FailureSimulation_DeathEvent_SetsPlayerDead" storage="c:\wowclassicgrindbot\coreunittests\bin\debug\net10.0\coreunittests.dll" id="34677521-0df9-9922-9fad-4d6ba430ede4">
      <Execution id="6dd70c1f-db07-4753-b467-1b951f1790b2" />
      <TestMethod codeBase="C:\WowClassicGrindBot\CoreUnitTests\bin\Debug\net10.0\CoreUnitTests.dll" adapterTypeName="executor://xunit/VsTestRunner2/netcoreapp" className="CoreUnitTests.Integration.MockWoWClientComprehensiveTests" name="FailureSimulation_DeathEvent_SetsPlayerDead" />
    </UnitTest>
    <UnitTest name="CoreUnitTests.EndToEnd.Scenarios.BotIntegrationTest.Update_TriggersOnChangedEvent" storage="c:\wowclassicgrindbot\coreunittests\bin\debug\net10.0\coreunittests.dll" id="70470666-0fec-af76-7540-38f6fd83fbeb">
      <Execution id="5215dcf1-4522-4433-970f-f7f65dc4410d" />
      <TestMethod codeBase="C:\WowClassicGrindBot\CoreUnitTests\bin\Debug\net10.0\CoreUnitTests.dll" adapterTypeName="executor://xunit/VsTestRunner2/netcoreapp" className="CoreUnitTests.EndToEnd.Scenarios.BotIntegrationTest" name="Update_TriggersOnChangedEvent" />
    </UnitTest>
    <UnitTest name="CoreUnitTests.Integration.MockWoWClientComprehensiveTests.GameState_InitialState_PlayerAtOrigin" storage="c:\wowclassicgrindbot\coreunittests\bin\debug\net10.0\coreunittests.dll" id="1718f531-3cbb-80b8-3695-c3bbd600db6e">
      <Execution id="e1b450f0-b4a2-4324-a66d-f0284b30b6e9" />
      <TestMethod codeBase="C:\WowClassicGrindBot\CoreUnitTests\bin\Debug\net10.0\CoreUnitTests.dll" adapterTypeName="executor://xunit/VsTestRunner2/netcoreapp" className="CoreUnitTests.Integration.MockWoWClientComprehensiveTests" name="GameState_InitialState_PlayerAtOrigin" />
    </UnitTest>
    <UnitTest name="CoreUnitTests.Hazard.HazardPipelineIntegrationTests.FeatureDisabled_ReturnsZeroCost_EvenWithClustersPresent" storage="c:\wowclassicgrindbot\coreunittests\bin\debug\net10.0\coreunittests.dll" id="eb3c43d7-e96c-e274-54f8-66f8e7f902d6">
      <Execution id="aade8b68-18eb-45ef-a000-d5215f31f201" />
      <TestMethod codeBase="C:\WowClassicGrindBot\CoreUnitTests\bin\Debug\net10.0\CoreUnitTests.dll" adapterTypeName="executor://xunit/VsTestRunner2/netcoreapp" className="CoreUnitTests.Hazard.HazardPipelineIntegrationTests" name="FeatureDisabled_ReturnsZeroCost_EvenWithClustersPresent" />
    </UnitTest>
  </TestDefinitions>
  <TestEntries>
    <TestEntry testId="9686b459-4a30-31a4-dca0-8cd036e05a54" executionId="6c53439d-5be5-4e11-b43d-5e4678b4d03e" testListId="8c84fa94-04c1-424b-9868-57a2d4851a1d" />
    <TestEntry testId="6b0e9898-05ae-a517-d364-ad29e212f842" executionId="05c354d5-1a53-46c6-97a3-6f8ce21f3f0f" testListId="8c84fa94-04c1-424b-9868-57a2d4851a1d" />
    <TestEntry testId="165f5d79-6bf0-6391-9abb-ce79dc9fed44" executionId="c0bed7d7-4420-49e7-8ea2-4b7ee80291a4" testListId="8c84fa94-04c1-424b-9868-57a2d4851a1d" />
    <TestEntry testId="5b1dab26-c620-e93d-bf63-9e40241a0d4e" executionId="fd1e32bd-4a60-417d-858e-9cf0ba6c6b5e" testListId="8c84fa94-04c1-424b-9868-57a2d4851a1d" />
    <TestEntry testId="314a2a37-0048-c2c4-6b60-c3e9809a11cd" executionId="ca1ea9fd-4434-4acf-90b5-f041a900cc5c" testListId="8c84fa94-04c1-424b-9868-57a2d4851a1d" />
    <TestEntry testId="dbe3e498-62c5-63eb-85f2-21729f34a026" executionId="30cdde7f-9710-4759-a16a-d7e366c37216" testListId="8c84fa94-04c1-424b-9868-57a2d4851a1d" />
    <TestEntry testId="796d3fae-a1d5-0a7a-21d3-08e23206fadc" executionId="dcfa5f26-cddb-4500-9543-7c491a7e7769" testListId="8c84fa94-04c1-424b-9868-57a2d4851a1d" />
    <TestEntry testId="eb9bfca2-34ba-7768-199b-046bf6d4e81f" executionId="e9feae94-482d-4072-b9f7-4393ce9b76aa" testListId="8c84fa94-04c1-424b-9868-57a2d4851a1d" />
    <TestEntry testId="684f1ccc-927a-08a7-8f0d-1549e60a7d00" executionId="41d35a6b-c493-42ab-bb44-f79497124e36" testListId="8c84fa94-04c1-424b-9868-57a2d4851a1d" />
    <TestEntry testId="3ef183ff-86b0-2a94-c1c5-e0f0027000cb" executionId="3ad4ecc9-acec-43ac-968b-657d9ac02a94" testListId="8c84fa94-04c1-424b-9868-57a2d4851a1d" />
    <TestEntry testId="d4b10412-88c8-df1c-c131-0fc4e93c50b6" executionId="61aed6de-4e9c-4942-8e77-4f45e86912a6" testListId="8c84fa94-04c1-424b-9868-57a2d4851a1d" />
    <TestEntry testId="bbb0189f-fe75-845d-2240-1b46846a5462" executionId="e3605ed2-52f6-4096-94d9-3756482f7bee" testListId="8c84fa94-04c1-424b-9868-57a2d4851a1d" />
    <TestEntry testId="04906892-3a11-ecbf-399b-830546e6a03f" executionId="3159ec30-2cce-49ad-8ea3-47850a39989e" testListId="8c84fa94-04c1-424b-9868-57a2d4851a1d" />
    <TestEntry testId="aaf3ce73-8ab5-369a-86ff-155b4efc6388" executionId="fb4bcab7-29cf-44a8-8a38-78af523542da" testListId="8c84fa94-04c1-424b-9868-57a2d4851a1d" />
    <TestEntry testId="ad93b65b-4376-65ac-addc-9701cf6dc004" executionId="b415e3ef-4330-4483-a0b6-8e99b40abab3" testListId="8c84fa94-04c1-424b-9868-57a2d4851a1d" />
    <TestEntry testId="1c0cd3d5-2096-0967-bf9f-e4b762d125cf" executionId="022b89c3-d3da-4998-9297-49f8ede7d098" testListId="8c84fa94-04c1-424b-9868-57a2d4851a1d" />
    <TestEntry testId="e0616bde-7883-6262-1f43-b6af6c508553" executionId="b014c572-a47f-4b86-a1bd-fba5f7e197b5" testListId="8c84fa94-04c1-424b-9868-57a2d4851a1d" />
    <TestEntry testId="98e8aae4-54af-32e9-7231-02063db5287f" executionId="5cd482ca-ddb3-455f-ae57-a47cee992820" testListId="8c84fa94-04c1-424b-9868-57a2d4851a1d" />
    <TestEntry testId="85ffabe8-805b-32a8-a68f-5e00188c0a58" executionId="6643fb84-29d6-4dfa-b510-24056ab029d7" testListId="8c84fa94-04c1-424b-9868-57a2d4851a1d" />
    <TestEntry testId="340d46c4-49da-eaf1-e441-bfca4f6eae61" executionId="04c05476-3c00-4618-931f-99b2b274404c" testListId="8c84fa94-04c1-424b-9868-57a2d4851a1d" />
    <TestEntry testId="4b1dc016-1e5c-01bb-0f83-b62568f11a50" executionId="965785c4-e9dc-484b-a20f-3b34e451aeb0" testListId="8c84fa94-04c1-424b-9868-57a2d4851a1d" />
    <TestEntry testId="86b6ea81-7186-aad2-09bb-f143ade899b8" executionId="f9d72522-f28a-42a4-9d3e-ca3cbdfd8f03" testListId="8c84fa94-04c1-424b-9868-57a2d4851a1d" />
    <TestEntry testId="eb3c43d7-e96c-e274-54f8-66f8e7f902d6" executionId="aade8b68-18eb-45ef-a000-d5215f31f201" testListId="8c84fa94-04c1-424b-9868-57a2d4851a1d" />
    <TestEntry testId="10e9ff47-d922-08ce-7d3c-ac95a282dd8e" executionId="4dac86be-a020-4713-9ffd-43a493a38cc4" testListId="8c84fa94-04c1-424b-9868-57a2d4851a1d" />
    <TestEntry testId="8441b681-f087-e80c-6e1a-90039d953d15" executionId="06201ef6-5a4b-4786-b780-227196a5b6a4" testListId="8c84fa94-04c1-424b-9868-57a2d4851a1d" />
    <TestEntry testId="2ee01620-c19d-0188-9b9d-7a6fc7c2a117" executionId="5b866878-bb28-4da7-94f8-163e1591e190" testListId="8c84fa94-04c1-424b-9868-57a2d4851a1d" />
    <TestEntry testId="5d86b5c3-4dc1-5c63-0922-c88b5e2fc9bd" executionId="36ceec7a-1075-48c1-a0c2-9d07eaf19890" testListId="8c84fa94-04c1-424b-9868-57a2d4851a1d" />
    <TestEntry testId="8da653c5-cdc6-bb62-4099-47964b2c5bd2" executionId="63cdd236-e5b7-4bb5-a3cc-4b38c6e177ad" testListId="8c84fa94-04c1-424b-9868-57a2d4851a1d" />
    <TestEntry testId="053d8e54-1c65-ad7a-f87b-a21004c91ac7" executionId="d1f3d7c3-4080-4298-a7a1-4890a5c5ad03" testListId="8c84fa94-04c1-424b-9868-57a2d4851a1d" />
    <TestEntry testId="775196b1-b9c2-cb26-fb40-1755bbb185f9" executionId="c5f34ad4-43aa-4c11-8c4c-ead69118e296" testListId="8c84fa94-04c1-424b-9868-57a2d4851a1d" />
    <TestEntry testId="a69564cd-a3f0-d222-da0b-8c28c01dec65" executionId="c65651c5-d5a9-4094-8327-66bc2e37712d" testListId="8c84fa94-04c1-424b-9868-57a2d4851a1d" />
    <TestEntry testId="1df21e80-ea82-be10-e5a3-3c634aeda2ee" executionId="07c10e75-8718-4590-b454-8d36505f3390" testListId="8c84fa94-04c1-424b-9868-57a2d4851a1d" />
    <TestEntry testId="11fdb42f-4edb-9560-bc91-3e2f5b99d06f" executionId="d2566013-cc5f-4084-9e94-43c20f214d05" testListId="8c84fa94-04c1-424b-9868-57a2d4851a1d" />
    <TestEntry testId="8ddab345-5a78-188c-db6b-421298e9d6e5" executionId="5b495a61-9d7f-4e00-afde-7f3bc8d63d17" testListId="8c84fa94-04c1-424b-9868-57a2d4851a1d" />
    <TestEntry testId="d08f2a65-0577-d627-64cc-65b1a11ec726" executionId="40389da8-a7b3-4256-b1db-8cdda965d128" testListId="8c84fa94-04c1-424b-9868-57a2d4851a1d" />
    <TestEntry testId="4fc8ae05-e9c7-8321-9d07-82c45f172ae9" executionId="e0d09415-9084-4134-a797-07f7f594d7b4" testListId="8c84fa94-04c1-424b-9868-57a2d4851a1d" />
    <TestEntry testId="b50ea5bb-16dd-ec31-d6df-0353b57b156b" executionId="e0a6f694-5062-4e89-b4cb-69fee2f9548a" testListId="8c84fa94-04c1-424b-9868-57a2d4851a1d" />
    <TestEntry testId="5cf18d6b-c95d-0424-0496-eec143ab45b7" executionId="52c04e9e-c202-48e8-a5b6-b33b6b4bb4eb" testListId="8c84fa94-04c1-424b-9868-57a2d4851a1d" />
    <TestEntry testId="e68409b3-9544-2d98-2b93-16974d7cf6f3" executionId="bdac5ff1-6197-4c79-b9a5-70496c1caaf5" testListId="8c84fa94-04c1-424b-9868-57a2d4851a1d" />
    <TestEntry testId="733e2199-a91e-603a-4bb2-51ac74de8d7b" executionId="0afef7be-b287-4320-83fc-5a92065e55fd" testListId="8c84fa94-04c1-424b-9868-57a2d4851a1d" />
    <TestEntry testId="3d513cdf-9f00-e414-83c1-b53fbc614e3b" executionId="be2f9e82-5320-4692-8972-dd7fd29683a0" testListId="8c84fa94-04c1-424b-9868-57a2d4851a1d" />
    <TestEntry testId="9bfc4f84-1819-fe35-e0f1-5bdc9a9ad51e" executionId="c1ca5fd0-0e47-49f4-834a-93390242e778" testListId="8c84fa94-04c1-424b-9868-57a2d4851a1d" />
    <TestEntry testId="70470666-0fec-af76-7540-38f6fd83fbeb" executionId="5215dcf1-4522-4433-970f-f7f65dc4410d" testListId="8c84fa94-04c1-424b-9868-57a2d4851a1d" />
    <TestEntry testId="eceecc5e-2175-ea4a-0e1f-07157a635d76" executionId="9776ece7-f8bd-4e7c-9529-166951dbee69" testListId="8c84fa94-04c1-424b-9868-57a2d4851a1d" />
    <TestEntry testId="1718f531-3cbb-80b8-3695-c3bbd600db6e" executionId="e1b450f0-b4a2-4324-a66d-f0284b30b6e9" testListId="8c84fa94-04c1-424b-9868-57a2d4851a1d" />
    <TestEntry testId="d5b5acf1-19ee-9ca8-50bf-e2eaae3a071a" executionId="0b7946b1-5216-4364-8ba9-f451f232d386" testListId="8c84fa94-04c1-424b-9868-57a2d4851a1d" />
    <TestEntry testId="91c926ea-e018-d76f-3a93-6ccdf8d2104f" executionId="bb6f3440-1242-4475-8637-d876faad368d" testListId="8c84fa94-04c1-424b-9868-57a2d4851a1d" />
    <TestEntry testId="c64aff57-2cb5-a74c-85b3-5c859d6240c4" executionId="50fad1fc-a744-4dc9-8fc1-5e58453a7408" testListId="8c84fa94-04c1-424b-9868-57a2d4851a1d" />
    <TestEntry testId="99d4ab55-c5b3-a6b8-e38d-a6a7f6dc344f" executionId="c2614a3b-aa85-4403-b909-6c52a9e4ce96" testListId="8c84fa94-04c1-424b-9868-57a2d4851a1d" />
    <TestEntry testId="e1501759-e1c1-bbba-a943-d412b426ea5c" executionId="4aff6c65-bd9b-4a55-aecc-ccadb3ad3e8a" testListId="8c84fa94-04c1-424b-9868-57a2d4851a1d" />
    <TestEntry testId="a1ad8cd4-d191-00db-e8a3-06b0d833930c" executionId="96bd4d17-9a1d-4467-80ac-85bb6b0ee81d" testListId="8c84fa94-04c1-424b-9868-57a2d4851a1d" />
    <TestEntry testId="3a06349c-9e18-b247-a0ce-8f6d3fe4ed37" executionId="3b30dfc1-05b6-4af9-8917-6b6076199a0d" testListId="8c84fa94-04c1-424b-9868-57a2d4851a1d" />
    <TestEntry testId="84da7655-d56e-e998-38bf-faf1c53b0734" executionId="b65ce941-3e0d-4c2c-a4c2-0246842df469" testListId="8c84fa94-04c1-424b-9868-57a2d4851a1d" />
    <TestEntry testId="d0215be5-251d-d618-2fc9-b903b29ff12d" executionId="63fb79f1-8cec-4f0b-9f3a-93e46d1e39d8" testListId="8c84fa94-04c1-424b-9868-57a2d4851a1d" />
    <TestEntry testId="8777159c-ec00-f5cc-9904-393a875584e7" executionId="10e3a5d9-b087-4ff3-bacb-f989b6fc66b4" testListId="8c84fa94-04c1-424b-9868-57a2d4851a1d" />
    <TestEntry testId="35952fe0-1929-c035-7219-2a9fce00dacc" executionId="0c33313e-97ef-48a6-b2ac-44e9c34c54df" testListId="8c84fa94-04c1-424b-9868-57a2d4851a1d" />
    <TestEntry testId="3426d70a-a2ed-f70f-e4e6-747db775c24e" executionId="66f4cfd1-cff9-4db4-bf6f-035b68bd42be" testListId="8c84fa94-04c1-424b-9868-57a2d4851a1d" />
    <TestEntry testId="f537b3b3-b190-3433-6316-cf4e39c4e1c5" executionId="24895718-517b-4bb9-bff0-abcd08d5257f" testListId="8c84fa94-04c1-424b-9868-57a2d4851a1d" />
    <TestEntry testId="d9155f10-f914-0d38-064e-d720e03a6c5d" executionId="9957a727-ce31-42a0-a6de-d39c13549b20" testListId="8c84fa94-04c1-424b-9868-57a2d4851a1d" />
    <TestEntry testId="fdc5b4a2-6e14-8951-3298-5e15068c040b" executionId="6a93e427-ab80-44bb-bcac-b7005cc073c4" testListId="8c84fa94-04c1-424b-9868-57a2d4851a1d" />
    <TestEntry testId="4cb71525-0d30-f8b5-8e43-131b28fd244c" executionId="bb6b7198-431e-4fcd-91d0-f81e4214e166" testListId="8c84fa94-04c1-424b-9868-57a2d4851a1d" />
    <TestEntry testId="a0724d11-5fa8-d74d-39de-3d07327e9787" executionId="076f039c-c0df-491a-8a4b-8cc4dc95ad62" testListId="8c84fa94-04c1-424b-9868-57a2d4851a1d" />
    <TestEntry testId="646b33ce-a0e2-2d6d-239a-1c58f07952b1" executionId="71f5962e-260c-40e9-b268-ed279f2e73b5" testListId="8c84fa94-04c1-424b-9868-57a2d4851a1d" />
    <TestEntry testId="16b033ab-7d65-5707-22cf-077cd465721f" executionId="52ee3ddf-5870-48f1-a4a2-eaaa3ff757fe" testListId="8c84fa94-04c1-424b-9868-57a2d4851a1d" />
    <TestEntry testId="2bc72a03-9c60-ea92-2741-f355650dd45c" executionId="7009e8cf-da51-48dc-96b4-dc20aab32aef" testListId="8c84fa94-04c1-424b-9868-57a2d4851a1d" />
    <TestEntry testId="363bbeda-4d83-ba7f-649a-e2e9a487e037" executionId="1bc301fc-1b9c-4737-8ca3-e8e50477992b" testListId="8c84fa94-04c1-424b-9868-57a2d4851a1d" />
    <TestEntry testId="9b3459b3-80d2-60df-8bad-672a24f1ca19" executionId="2c018819-32c9-46da-8d59-002dcfc247fc" testListId="8c84fa94-04c1-424b-9868-57a2d4851a1d" />
    <TestEntry testId="ff55e937-c92a-104e-6c90-9f8ebcf928b3" executionId="bc1a05f3-6604-45bb-b1c7-f7060fde0e78" testListId="8c84fa94-04c1-424b-9868-57a2d4851a1d" />
    <TestEntry testId="7905723c-f500-4ea1-86b8-294e768b709a" executionId="3fdb2ab1-7299-4f56-bf50-bc49b2121454" testListId="8c84fa94-04c1-424b-9868-57a2d4851a1d" />
    <TestEntry testId="da714dda-6ae4-cafc-baed-12e20ca4846f" executionId="86a29022-edcd-4f0d-9175-5abce2063cc9" testListId="8c84fa94-04c1-424b-9868-57a2d4851a1d" />
    <TestEntry testId="5cf6d697-8332-d434-8d6f-575f542f499f" executionId="ae4033f0-b886-4b7a-b195-e5e8eb2f334a" testListId="8c84fa94-04c1-424b-9868-57a2d4851a1d" />
    <TestEntry testId="7a3faae6-680b-6ba7-7e83-4b6c93dd57d9" executionId="f117d739-13e8-4daa-ad27-e8108c2e2d42" testListId="8c84fa94-04c1-424b-9868-57a2d4851a1d" />
    <TestEntry testId="34677521-0df9-9922-9fad-4d6ba430ede4" executionId="6dd70c1f-db07-4753-b467-1b951f1790b2" testListId="8c84fa94-04c1-424b-9868-57a2d4851a1d" />
    <TestEntry testId="bbcd9c70-e504-0ad4-9f72-b3bd572dabfd" executionId="45a395dc-0943-42fa-85e7-18addd44b88e" testListId="8c84fa94-04c1-424b-9868-57a2d4851a1d" />
    <TestEntry testId="ff33454f-54bb-6500-3701-38fd2eca40ef" executionId="2a0612ea-9627-415b-8bc7-adb09837fcdb" testListId="8c84fa94-04c1-424b-9868-57a2d4851a1d" />
    <TestEntry testId="1ba7d5b6-f610-b605-eb5d-d74f8dbf6e09" executionId="57ec1782-638c-41b1-a725-279cd88842dc" testListId="8c84fa94-04c1-424b-9868-57a2d4851a1d" />
    <TestEntry testId="85c981cb-151c-6ca7-00c1-6436b5fde22a" executionId="bf8b8a02-6ffb-4d4d-a168-1b9854a9f7fc" testListId="8c84fa94-04c1-424b-9868-57a2d4851a1d" />
    <TestEntry testId="6593840e-73f5-0290-42d1-c1f9f79ea222" executionId="eda66028-60f4-4fff-b4a4-d18ba10a3d36" testListId="8c84fa94-04c1-424b-9868-57a2d4851a1d" />
    <TestEntry testId="97e5b77b-847c-bd0c-58ed-057982921619" executionId="ae635e81-615d-42ed-8650-752774840625" testListId="8c84fa94-04c1-424b-9868-57a2d4851a1d" />
  </TestEntries>
  <TestLists>
    <TestList name="Results Not in a List" id="8c84fa94-04c1-424b-9868-57a2d4851a1d" />
    <TestList name="All Loaded Results" id="19431567-8539-422a-85d7-44ee4e166bda" />
  </TestLists>
  <ResultSummary outcome="Completed">
    <Counters total="79" executed="79" passed="79" failed="0" error="0" timeout="0" aborted="0" inconclusive="0" passedButRunAborted="0" notRunnable="0" notExecuted="0" disconnected="0" warning="0" completed="0" inProgress="0" pending="0" />
    <Output>
      <StdOut>[xUnit.net 00:00:00.00] xUnit.net VSTest Adapter v2.5.7+8f2703126a (64-bit .NET 10.0.2)&#xD;
[xUnit.net 00:00:00.06]   Discovering: CoreUnitTests&#xD;
[xUnit.net 00:00:00.21]   Discovered:  CoreUnitTests&#xD;
[xUnit.net 00:00:00.21]   Starting:    CoreUnitTests&#xD;
[xUnit.net 00:00:01.03]   Finished:    CoreUnitTests&#xD;
</StdOut>
    </Output>
  </ResultSummary>
</TestRun>