<?xml version="1.0" encoding="utf-8"?>
<TestRun id="c99f54c0-1c17-493b-a9b0-072d1613d1b3" name="camer@ILI 2026-02-14 02:49:19" runUser="ILI\camer" xmlns="http://microsoft.com/schemas/VisualStudio/TeamTest/2010">
  <Times creation="2026-02-14T02:49:19.1845734-05:00" queuing="2026-02-14T02:49:19.1845734-05:00" start="2026-02-14T02:49:17.6744428-05:00" finish="2026-02-14T02:49:19.1892826-05:00" />
  <TestSettings name="default" id="ee0e2682-153c-4fc2-9b7b-4bf354078a0f">
    <Deployment runDeploymentRoot="camer_ILI_2026-02-14_02_49_19" />
  </TestSettings>
  <Results>
    <UnitTestResult executionId="64bc3665-789b-435f-8625-f25dfda02734" testId="3a204b80-2a87-9a2d-2a40-5b0bcdf932da" testName="FrontendUnitTests.Services.RouteVisualizationServiceTests.Memory_Leak_StuckMarkers_ShouldNotGrowUnbounded" computerName="ILI" duration="00:00:00.2526450" startTime="2026-02-14T02:49:19.1170666-05:00" endTime="2026-02-14T02:49:19.1170808-05:00" testType="13cdc9d9-ddb5-4fa4-a97d-d965ccfc6d4b" outcome="Passed" testListId="8c84fa94-04c1-424b-9868-57a2d4851a1d" relativeResultsDirectory="64bc3665-789b-435f-8625-f25dfda02734">
      <Output>
        <StdOut>Initial memory: 864 KB&#xD;
After 1000 markers: 1065 KB&#xD;
After clear: 895 KB&#xD;
Memory growth: 30 KB (3.50%)</StdOut>
      </Output>
    </UnitTestResult>
  </Results>
  <TestDefinitions>
    <UnitTest name="FrontendUnitTests.Services.RouteVisualizationServiceTests.Memory_Leak_StuckMarkers_ShouldNotGrowUnbounded" storage="c:\wowclassicgrindbot\frontendunittests\bin\release\net10.0\frontendunittests.dll" id="3a204b80-2a87-9a2d-2a40-5b0bcdf932da">
      <Execution id="64bc3665-789b-435f-8625-f25dfda02734" />
      <TestMethod codeBase="C:\WowClassicGrindBot\FrontendUnitTests\bin\Release\net10.0\FrontendUnitTests.dll" adapterTypeName="executor://xunit/VsTestRunner2/netcoreapp" className="FrontendUnitTests.Services.RouteVisualizationServiceTests" name="Memory_Leak_StuckMarkers_ShouldNotGrowUnbounded" />
    </UnitTest>
  </TestDefinitions>
  <TestEntries>
    <TestEntry testId="3a204b80-2a87-9a2d-2a40-5b0bcdf932da" executionId="64bc3665-789b-435f-8625-f25dfda02734" testListId="8c84fa94-04c1-424b-9868-57a2d4851a1d" />
  </TestEntries>
  <TestLists>
    <TestList name="Results Not in a List" id="8c84fa94-04c1-424b-9868-57a2d4851a1d" />
    <TestList name="All Loaded Results" id="19431567-8539-422a-85d7-44ee4e166bda" />
  </TestLists>
  <ResultSummary outcome="Completed">
    <Counters total="1" executed="1" passed="1" failed="0" error="0" timeout="0" aborted="0" inconclusive="0" passedButRunAborted="0" notRunnable="0" notExecuted="0" disconnected="0" warning="0" completed="0" inProgress="0" pending="0" />
    <Output>
      <StdOut>[xUnit.net 00:00:00.00] xUnit.net VSTest Adapter v2.5.7+8f2703126a (64-bit .NET 10.0.2)&#xD;
[xUnit.net 00:00:00.53]   Discovering: FrontendUnitTests&#xD;
[xUnit.net 00:00:00.56]   Discovered:  FrontendUnitTests&#xD;
[xUnit.net 00:00:00.57]   Starting:    FrontendUnitTests&#xD;
[xUnit.net 00:00:00.85]   Finished:    FrontendUnitTests&#xD;
</StdOut>
    </Output>
  </ResultSummary>
</TestRun>