<?xml version="1.0" encoding="utf-8"?>
<TestRun id="07554d81-2bea-4f69-a079-32802f5ab8f8" name="camer@ILI 2026-02-14 02:49:24" runUser="ILI\camer" xmlns="http://microsoft.com/schemas/VisualStudio/TeamTest/2010">
  <Times creation="2026-02-14T02:49:24.1250236-05:00" queuing="2026-02-14T02:49:24.1250237-05:00" start="2026-02-14T02:49:22.4293967-05:00" finish="2026-02-14T02:49:24.1297118-05:00" />
  <TestSettings name="default" id="5860f952-4c8b-4a11-9785-5072f54d9cb7">
    <Deployment runDeploymentRoot="camer_ILI_2026-02-14_02_49_24" />
  </TestSettings>
  <Results>
    <UnitTestResult executionId="376c56b5-93e3-4176-887b-492a756af992" testId="b22aa6ce-6802-d1d6-5d2c-2c42390b3252" testName="FrontendUnitTests.Services.RouteVisualizationServiceTests.Performance_HotZoneQuery_ShouldBeFast" computerName="ILI" duration="00:00:00.0085977" startTime="2026-02-14T02:49:24.0545026-05:00" endTime="2026-02-14T02:49:24.0545026-05:00" testType="13cdc9d9-ddb5-4fa4-a97d-d965ccfc6d4b" outcome="Passed" testListId="8c84fa94-04c1-424b-9868-57a2d4851a1d" relativeResultsDirectory="376c56b5-93e3-4176-887b-492a756af992">
      <Output>
        <StdOut>=== Hot Zone Query Latency Histogram ===&#xD;
  0-1ms:   ####################################################################################################&#xD;
  1-5ms:   &#xD;
  5-10ms:  &#xD;
 10-25ms:  &#xD;
 25-50ms:  &#xD;
 50-100ms: &#xD;
100-150ms: &#xD;
150ms+:    &#xD;
&#xD;

P95: 0.00ms, Max: 0ms</StdOut>
      </Output>
    </UnitTestResult>
    <UnitTestResult executionId="21871699-b38c-461f-89ba-0831fd5eeeed" testId="8f8e7948-0ff9-702a-4d8f-7f2f2e8ad507" testName="FrontendUnitTests.Services.RouteVisualizationServiceTests.Performance_ConcurrentAccess_ShouldMaintainThroughput" computerName="ILI" duration="00:00:01.2036702" startTime="2026-02-14T02:49:24.0388905-05:00" endTime="2026-02-14T02:49:24.0389049-05:00" testType="13cdc9d9-ddb5-4fa4-a97d-d965ccfc6d4b" outcome="Passed" testListId="8c84fa94-04c1-424b-9868-57a2d4851a1d" relativeResultsDirectory="21871699-b38c-461f-89ba-0831fd5eeeed">
      <Output>
        <StdOut>=== Concurrent Access Performance ===&#xD;
Total operations: 10000&#xD;
Threads: 8&#xD;
Time: 1.197s&#xD;
Throughput: 8355 ops/sec</StdOut>
      </Output>
    </UnitTestResult>
    <UnitTestResult executionId="c03f145c-cb56-4f43-942f-8a2765a7ae4c" testId="f97c051a-8741-491d-1f1f-93c36532d257" testName="FrontendUnitTests.Services.RouteVisualizationServiceTests.Performance_StuckMarkerCreation_LatencyShouldBeUnderThreshold" computerName="ILI" duration="00:00:00.0074911" startTime="2026-02-14T02:49:24.0460854-05:00" endTime="2026-02-14T02:49:24.0460856-05:00" testType="13cdc9d9-ddb5-4fa4-a97d-d965ccfc6d4b" outcome="Passed" testListId="8c84fa94-04c1-424b-9868-57a2d4851a1d" relativeResultsDirectory="c03f145c-cb56-4f43-942f-8a2765a7ae4c">
      <Output>
        <StdOut>=== Stuck Marker Creation Latency Histogram ===&#xD;
  0-1ms:   ####################################################################################################&#xD;
  1-5ms:   &#xD;
  5-10ms:  &#xD;
 10-25ms:  &#xD;
 25-50ms:  &#xD;
 50-100ms: &#xD;
100-150ms: &#xD;
150ms+:    &#xD;
&#xD;

Statistics:&#xD;
  Average: 0.00ms&#xD;
  P95: 0.00ms&#xD;
  Max: 0ms</StdOut>
      </Output>
    </UnitTestResult>
  </Results>
  <TestDefinitions>
    <UnitTest name="FrontendUnitTests.Services.RouteVisualizationServiceTests.Performance_StuckMarkerCreation_LatencyShouldBeUnderThreshold" storage="c:\wowclassicgrindbot\frontendunittests\bin\release\net10.0\frontendunittests.dll" id="f97c051a-8741-491d-1f1f-93c36532d257">
      <Execution id="c03f145c-cb56-4f43-942f-8a2765a7ae4c" />
      <TestMethod codeBase="C:\WowClassicGrindBot\FrontendUnitTests\bin\Release\net10.0\FrontendUnitTests.dll" adapterTypeName="executor://xunit/VsTestRunner2/netcoreapp" className="FrontendUnitTests.Services.RouteVisualizationServiceTests" name="Performance_StuckMarkerCreation_LatencyShouldBeUnderThreshold" />
    </UnitTest>
    <UnitTest name="FrontendUnitTests.Services.RouteVisualizationServiceTests.Performance_HotZoneQuery_ShouldBeFast" storage="c:\wowclassicgrindbot\frontendunittests\bin\release\net10.0\frontendunittests.dll" id="b22aa6ce-6802-d1d6-5d2c-2c42390b3252">
      <Execution id="376c56b5-93e3-4176-887b-492a756af992" />
      <TestMethod codeBase="C:\WowClassicGrindBot\FrontendUnitTests\bin\Release\net10.0\FrontendUnitTests.dll" adapterTypeName="executor://xunit/VsTestRunner2/netcoreapp" className="FrontendUnitTests.Services.RouteVisualizationServiceTests" name="Performance_HotZoneQuery_ShouldBeFast" />
    </UnitTest>
    <UnitTest name="FrontendUnitTests.Services.RouteVisualizationServiceTests.Performance_ConcurrentAccess_ShouldMaintainThroughput" storage="c:\wowclassicgrindbot\frontendunittests\bin\release\net10.0\frontendunittests.dll" id="8f8e7948-0ff9-702a-4d8f-7f2f2e8ad507">
      <Execution id="21871699-b38c-461f-89ba-0831fd5eeeed" />
      <TestMethod codeBase="C:\WowClassicGrindBot\FrontendUnitTests\bin\Release\net10.0\FrontendUnitTests.dll" adapterTypeName="executor://xunit/VsTestRunner2/netcoreapp" className="FrontendUnitTests.Services.RouteVisualizationServiceTests" name="Performance_ConcurrentAccess_ShouldMaintainThroughput" />
    </UnitTest>
  </TestDefinitions>
  <TestEntries>
    <TestEntry testId="b22aa6ce-6802-d1d6-5d2c-2c42390b3252" executionId="376c56b5-93e3-4176-887b-492a756af992" testListId="8c84fa94-04c1-424b-9868-57a2d4851a1d" />
    <TestEntry testId="8f8e7948-0ff9-702a-4d8f-7f2f2e8ad507" executionId="21871699-b38c-461f-89ba-0831fd5eeeed" testListId="8c84fa94-04c1-424b-9868-57a2d4851a1d" />
    <TestEntry testId="f97c051a-8741-491d-1f1f-93c36532d257" executionId="c03f145c-cb56-4f43-942f-8a2765a7ae4c" testListId="8c84fa94-04c1-424b-9868-57a2d4851a1d" />
  </TestEntries>
  <TestLists>
    <TestList name="Results Not in a List" id="8c84fa94-04c1-424b-9868-57a2d4851a1d" />
    <TestList name="All Loaded Results" id="19431567-8539-422a-85d7-44ee4e166bda" />
  </TestLists>
  <ResultSummary outcome="Completed">
    <Counters total="3" executed="3" passed="3" failed="0" error="0" timeout="0" aborted="0" inconclusive="0" passedButRunAborted="0" notRunnable="0" notExecuted="0" disconnected="0" warning="0" completed="0" inProgress="0" pending="0" />
    <Output>
      <StdOut>[xUnit.net 00:00:00.00] xUnit.net VSTest Adapter v2.5.7+8f2703126a (64-bit .NET 10.0.2)&#xD;
[xUnit.net 00:00:00.05]   Discovering: FrontendUnitTests&#xD;
[xUnit.net 00:00:00.08]   Discovered:  FrontendUnitTests&#xD;
[xUnit.net 00:00:00.08]   Starting:    FrontendUnitTests&#xD;
[xUnit.net 00:00:01.34]   Finished:    FrontendUnitTests&#xD;
</StdOut>
    </Output>
  </ResultSummary>
</TestRun>