<?xml version="1.0" encoding="utf-8"?>
<TestRun id="f3dbe6c0-ce94-4564-ad12-3a19ff488b53" name="camer@ILI 2026-02-14 02:49:39" runUser="ILI\camer" xmlns="http://microsoft.com/schemas/VisualStudio/TeamTest/2010">
  <Times creation="2026-02-14T02:49:39.3211953-05:00" queuing="2026-02-14T02:49:39.3211954-05:00" start="2026-02-14T02:49:38.8644018-05:00" finish="2026-02-14T02:49:39.3215158-05:00" />
  <TestSettings name="default" id="f4379e47-7dbe-4f30-a60a-7d6a5b0425f8">
    <Deployment runDeploymentRoot="camer_ILI_2026-02-14_02_49_39" />
  </TestSettings>
  <TestLists>
    <TestList name="Results Not in a List" id="8c84fa94-04c1-424b-9868-57a2d4851a1d" />
    <TestList name="All Loaded Results" id="19431567-8539-422a-85d7-44ee4e166bda" />
  </TestLists>
  <ResultSummary outcome="Completed">
    <Counters total="0" executed="0" passed="0" failed="0" error="0" timeout="0" aborted="0" inconclusive="0" passedButRunAborted="0" notRunnable="0" notExecuted="0" disconnected="0" warning="0" completed="0" inProgress="0" pending="0" />
    <Output>
      <StdOut>[xUnit.net 00:00:00.00] xUnit.net VSTest Adapter v2.5.7+8f2703126a (64-bit .NET 10.0.2)&#xD;
[xUnit.net 00:00:00.05]   Discovering: FrontendUnitTests&#xD;
[xUnit.net 00:00:00.09]   Discovered:  FrontendUnitTests&#xD;
[xUnit.net 00:00:00.09]   Starting:    FrontendUnitTests&#xD;
[xUnit.net 00:00:00.10]   Finished:    FrontendUnitTests&#xD;
</StdOut>
    </Output>
    <RunInfos>
      <RunInfo computerName="ILI" outcome="Warning" timestamp="2026-02-14T02:49:39.2792870-05:00">
        <Text>No test matches the given testcase filter `FullyQualifiedName~RouteRerouterTests` in C:\WowClassicGrindBot\FrontendUnitTests\bin\Release\net10.0\FrontendUnitTests.dll</Text>
      </RunInfo>
    </RunInfos>
  </ResultSummary>
</TestRun>