<?xml version="1.0" encoding="utf-8"?>
<TestRun id="142236d4-b80f-4909-a190-5c2962457423" name="camer@ILI 2026-02-14 08:40:40" runUser="ILI\camer" xmlns="http://microsoft.com/schemas/VisualStudio/TeamTest/2010">
  <Times creation="2026-02-14T08:40:40.8795243-05:00" queuing="2026-02-14T08:40:40.8795246-05:00" start="2026-02-14T08:40:10.3466855-05:00" finish="2026-02-14T08:40:41.1503676-05:00" />
  <TestSettings name="default" id="78f47191-74d9-460c-931a-020a815f8323">
    <Deployment runDeploymentRoot="camer_ILI_2026-02-14_08_40_40" />
  </TestSettings>
  <Results>
    <UnitTestResult executionId="a8d09e5e-47e6-477f-985b-0e316315cd39" testId="554e1f97-096b-f29b-b98b-b5859025db3c" testName="FrontendUnitTests.Services.RouteVisualizationStabilityTests.Stability_24HourSimulation_ShouldMaintainPerformance" computerName="ILI" duration="00:00:30.0727016" startTime="2026-02-14T08:40:40.8599724-05:00" endTime="2026-02-14T08:40:40.8599870-05:00" testType="13cdc9d9-ddb5-4fa4-a97d-d965ccfc6d4b" outcome="Passed" testListId="8c84fa94-04c1-424b-9868-57a2d4851a1d" relativeResultsDirectory="a8d09e5e-47e6-477f-985b-0e316315cd39">
      <Output>
        <StdOut>=== 24-Hour Stability Test Started ===&#xD;
Initial Memory: 0 MB&#xD;
Test Duration: 30 seconds (simulating 24 hours)&#xD;
=== 24-Hour Stability Test Report ===&#xD;
&#xD;
Test Duration: 30.0 seconds&#xD;
Simulated Operations: 16774&#xD;
&#xD;
--- Memory Analysis ---&#xD;
Initial Memory: 0.00 MB&#xD;
Final Memory: 3.00 MB&#xD;
Memory Delta: 2.00 MB&#xD;
Growth: 330.66%&#xD;
Snapshots Taken: 17&#xD;
Avg Bytes/Operation: 171.60&#xD;
&#xD;
--- Latency Analysis ---&#xD;
Total Operations: 16774&#xD;
Average: 1.54ms&#xD;
P50: 0.00ms&#xD;
P95: 15.00ms&#xD;
P99: 16.00ms&#xD;
Max: 16.00ms&#xD;

Latency Distribution:&#xD;
         0-1ms:  15038 ( 89.7%)&#xD;
         1-5ms:     15 (  0.1%)&#xD;
        5-10ms:      1 (  0.0%)&#xD;
       10-25ms:   1720 ( 10.3%)&#xD;
       25-50ms:      0 (  0.0%)&#xD;
      50-100ms:      0 (  0.0%)&#xD;
     100-150ms:      0 (  0.0%)&#xD;
        150+ms:      0 (  0.0%)&#xD;
&#xD;
--- Exception Analysis ---&#xD;
Total Exceptions: 0&#xD;
&#xD;
--- Test Status ---&#xD;
FAILED&#xD;
&#xD;

Detailed report saved to: C:\Users\camer\AppData\Local\Temp\stability-test-report.json</StdOut>
      </Output>
    </UnitTestResult>
    <UnitTestResult executionId="6fcf2b32-f822-40f3-bd57-384bf7ccc0a6" testId="be54ac9a-2aa1-71a7-6b9d-80b00628178f" testName="FrontendUnitTests.Services.RouteVisualizationStabilityTests.Stability_MemoryLeakDetection_UnderSustainedLoad" computerName="ILI" duration="00:00:00.0383115" startTime="2026-02-14T08:40:41.1072850-05:00" endTime="2026-02-14T08:40:41.1072851-05:00" testType="13cdc9d9-ddb5-4fa4-a97d-d965ccfc6d4b" outcome="Passed" testListId="8c84fa94-04c1-424b-9868-57a2d4851a1d" relativeResultsDirectory="6fcf2b32-f822-40f3-bd57-384bf7ccc0a6">
      <Output>
        <StdOut>=== Memory Leak Analysis ===&#xD;
Time		Memory (MB)&#xD;
0.0s		2.00&#xD;
0.0s		2.00&#xD;
0.0s		2.00&#xD;
0.0s		2.00&#xD;
0.0s		2.00&#xD;
0.0s		2.00&#xD;
0.0s		2.00&#xD;
0.0s		2.00&#xD;
0.0s		2.00&#xD;
0.0s		2.00&#xD;
0.0s		2.00&#xD;

Memory Growth: 0.00 MB per 100 operations</StdOut>
      </Output>
    </UnitTestResult>
    <UnitTestResult executionId="5a81a4b0-c3f1-4755-93f3-1af46e5c5841" testId="165aca9c-5678-11c2-5954-2b7e49e26d54" testName="FrontendUnitTests.Services.RouteVisualizationStabilityTests.Stability_ThreadContention_UnderHighConcurrency" computerName="ILI" duration="00:00:00.2081104" startTime="2026-02-14T08:40:41.0689000-05:00" endTime="2026-02-14T08:40:41.0689001-05:00" testType="13cdc9d9-ddb5-4fa4-a97d-d965ccfc6d4b" outcome="Passed" testListId="8c84fa94-04c1-424b-9868-57a2d4851a1d" relativeResultsDirectory="5a81a4b0-c3f1-4755-93f3-1af46e5c5841">
      <Output>
        <StdOut>=== Thread Contention Results ===&#xD;
Total Operations: 10000&#xD;
Average Latency: 0.00ms&#xD;
P95 Latency: 0.00ms&#xD;
Max Latency: 3.00ms</StdOut>
      </Output>
    </UnitTestResult>
  </Results>
  <TestDefinitions>
    <UnitTest name="FrontendUnitTests.Services.RouteVisualizationStabilityTests.Stability_ThreadContention_UnderHighConcurrency" storage="c:\wowclassicgrindbot\frontendunittests\bin\debug\net10.0\frontendunittests.dll" id="165aca9c-5678-11c2-5954-2b7e49e26d54">
      <Execution id="5a81a4b0-c3f1-4755-93f3-1af46e5c5841" />
      <TestMethod codeBase="C:\WowClassicGrindBot\FrontendUnitTests\bin\Debug\net10.0\FrontendUnitTests.dll" adapterTypeName="executor://xunit/VsTestRunner2/netcoreapp" className="FrontendUnitTests.Services.RouteVisualizationStabilityTests" name="Stability_ThreadContention_UnderHighConcurrency" />
    </UnitTest>
    <UnitTest name="FrontendUnitTests.Services.RouteVisualizationStabilityTests.Stability_MemoryLeakDetection_UnderSustainedLoad" storage="c:\wowclassicgrindbot\frontendunittests\bin\debug\net10.0\frontendunittests.dll" id="be54ac9a-2aa1-71a7-6b9d-80b00628178f">
      <Execution id="6fcf2b32-f822-40f3-bd57-384bf7ccc0a6" />
      <TestMethod codeBase="C:\WowClassicGrindBot\FrontendUnitTests\bin\Debug\net10.0\FrontendUnitTests.dll" adapterTypeName="executor://xunit/VsTestRunner2/netcoreapp" className="FrontendUnitTests.Services.RouteVisualizationStabilityTests" name="Stability_MemoryLeakDetection_UnderSustainedLoad" />
    </UnitTest>
    <UnitTest name="FrontendUnitTests.Services.RouteVisualizationStabilityTests.Stability_24HourSimulation_ShouldMaintainPerformance" storage="c:\wowclassicgrindbot\frontendunittests\bin\debug\net10.0\frontendunittests.dll" id="554e1f97-096b-f29b-b98b-b5859025db3c">
      <Execution id="a8d09e5e-47e6-477f-985b-0e316315cd39" />
      <TestMethod codeBase="C:\WowClassicGrindBot\FrontendUnitTests\bin\Debug\net10.0\FrontendUnitTests.dll" adapterTypeName="executor://xunit/VsTestRunner2/netcoreapp" className="FrontendUnitTests.Services.RouteVisualizationStabilityTests" name="Stability_24HourSimulation_ShouldMaintainPerformance" />
    </UnitTest>
  </TestDefinitions>
  <TestEntries>
    <TestEntry testId="554e1f97-096b-f29b-b98b-b5859025db3c" executionId="a8d09e5e-47e6-477f-985b-0e316315cd39" testListId="8c84fa94-04c1-424b-9868-57a2d4851a1d" />
    <TestEntry testId="be54ac9a-2aa1-71a7-6b9d-80b00628178f" executionId="6fcf2b32-f822-40f3-bd57-384bf7ccc0a6" testListId="8c84fa94-04c1-424b-9868-57a2d4851a1d" />
    <TestEntry testId="165aca9c-5678-11c2-5954-2b7e49e26d54" executionId="5a81a4b0-c3f1-4755-93f3-1af46e5c5841" testListId="8c84fa94-04c1-424b-9868-57a2d4851a1d" />
  </TestEntries>
  <TestLists>
    <TestList name="Results Not in a List" id="8c84fa94-04c1-424b-9868-57a2d4851a1d" />
    <TestList name="All Loaded Results" id="19431567-8539-422a-85d7-44ee4e166bda" />
  </TestLists>
  <ResultSummary outcome="Completed">
    <Counters total="3" executed="3" passed="3" failed="0" error="0" timeout="0" aborted="0" inconclusive="0" passedButRunAborted="0" notRunnable="0" notExecuted="0" disconnected="0" warning="0" completed="0" inProgress="0" pending="0" />
    <Output>
      <StdOut>[xUnit.net 00:00:00.00] xUnit.net VSTest Adapter v2.5.7+8f2703126a (64-bit .NET 10.0.2)&#xD;
[xUnit.net 00:00:00.05]   Discovering: FrontendUnitTests&#xD;
[xUnit.net 00:00:00.08]   Discovered:  FrontendUnitTests&#xD;
[xUnit.net 00:00:00.09]   Starting:    FrontendUnitTests&#xD;
[xUnit.net 00:00:30.45]   Finished:    FrontendUnitTests&#xD;
</StdOut>
    </Output>
  </ResultSummary>
</TestRun>