<?xml version="1.0" encoding="utf-8"?>
<TestRun id="ad3b83cc-1123-4675-b91b-b86dc6a21040" name="camer@ILI 2026-02-14 02:49:35" runUser="ILI\camer" xmlns="http://microsoft.com/schemas/VisualStudio/TeamTest/2010">
  <Times creation="2026-02-14T02:49:35.7135299-05:00" queuing="2026-02-14T02:49:35.7135302-05:00" start="2026-02-14T02:49:35.1646600-05:00" finish="2026-02-14T02:49:35.7173815-05:00" />
  <TestSettings name="default" id="fbfc6395-15c0-440b-a3ec-c24ff6516aae">
    <Deployment runDeploymentRoot="camer_ILI_2026-02-14_02_49_35" />
  </TestSettings>
  <Results>
    <UnitTestResult executionId="ed60dbc9-fda3-47e2-a9f5-212e4fc9ae79" testId="119f88b7-7af2-768f-2cac-3a1e32278430" testName="FrontendUnitTests.Services.RouteVisualizationServiceTests.ThreadSafety_ConcurrentAddRemove_ShouldBeSafe" computerName="ILI" duration="00:00:00.0394419" startTime="2026-02-14T02:49:35.6392778-05:00" endTime="2026-02-14T02:49:35.6392926-05:00" testType="13cdc9d9-ddb5-4fa4-a97d-d965ccfc6d4b" outcome="Passed" testListId="8c84fa94-04c1-424b-9868-57a2d4851a1d" relativeResultsDirectory="ed60dbc9-fda3-47e2-a9f5-212e4fc9ae79" />
  </Results>
  <TestDefinitions>
    <UnitTest name="FrontendUnitTests.Services.RouteVisualizationServiceTests.ThreadSafety_ConcurrentAddRemove_ShouldBeSafe" storage="c:\wowclassicgrindbot\frontendunittests\bin\release\net10.0\frontendunittests.dll" id="119f88b7-7af2-768f-2cac-3a1e32278430">
      <Execution id="ed60dbc9-fda3-47e2-a9f5-212e4fc9ae79" />
      <TestMethod codeBase="C:\WowClassicGrindBot\FrontendUnitTests\bin\Release\net10.0\FrontendUnitTests.dll" adapterTypeName="executor://xunit/VsTestRunner2/netcoreapp" className="FrontendUnitTests.Services.RouteVisualizationServiceTests" name="ThreadSafety_ConcurrentAddRemove_ShouldBeSafe" />
    </UnitTest>
  </TestDefinitions>
  <TestEntries>
    <TestEntry testId="119f88b7-7af2-768f-2cac-3a1e32278430" executionId="ed60dbc9-fda3-47e2-a9f5-212e4fc9ae79" testListId="8c84fa94-04c1-424b-9868-57a2d4851a1d" />
  </TestEntries>
  <TestLists>
    <TestList name="Results Not in a List" id="8c84fa94-04c1-424b-9868-57a2d4851a1d" />
    <TestList name="All Loaded Results" id="19431567-8539-422a-85d7-44ee4e166bda" />
  </TestLists>
  <ResultSummary outcome="Completed">
    <Counters total="1" executed="1" passed="1" failed="0" error="0" timeout="0" aborted="0" inconclusive="0" passedButRunAborted="0" notRunnable="0" notExecuted="0" disconnected="0" warning="0" completed="0" inProgress="0" pending="0" />
    <Output>
      <StdOut>[xUnit.net 00:00:00.00] xUnit.net VSTest Adapter v2.5.7+8f2703126a (64-bit .NET 10.0.2)&#xD;
[xUnit.net 00:00:00.05]   Discovering: FrontendUnitTests&#xD;
[xUnit.net 00:00:00.08]   Discovered:  FrontendUnitTests&#xD;
[xUnit.net 00:00:00.09]   Starting:    FrontendUnitTests&#xD;
[xUnit.net 00:00:00.16]   Finished:    FrontendUnitTests&#xD;
</StdOut>
    </Output>
  </ResultSummary>
</TestRun>