<?xml version="1.0" encoding="utf-8"?>
<TestRun id="47a65b68-2f2e-46aa-8c1e-fdb87b8d76c1" name="camer@ILI 2026-02-08 07:34:51" runUser="ILI\camer" xmlns="http://microsoft.com/schemas/VisualStudio/TeamTest/2010">
  <Times creation="2026-02-08T07:34:51.1382361-05:00" queuing="2026-02-08T07:34:51.1382363-05:00" start="2026-02-08T07:34:36.9702752-05:00" finish="2026-02-08T07:34:55.5099429-05:00" />
  <TestSettings name="default" id="b57650bb-e04d-4af0-a0f0-b772f5fbcb43">
    <Deployment runDeploymentRoot="camer_ILI_2026-02-08_07_34_51" />
  </TestSettings>
  <Results>
    <UnitTestResult executionId="77de24b7-663e-4b4e-9cb4-f6644360abdc" testId="7bdd5588-1861-40eb-3ede-687f38d3e0b8" testName="CoreUnitTests.Hazard.RouteRehabilitatorTests.ReportSuccessfulTraversal_WhenDisabled_DoesNothing" computerName="ILI" duration="00:00:00.0011803" startTime="2026-02-08T07:34:51.2365526-05:00" endTime="2026-02-08T07:34:51.2365527-05:00" testType="13cdc9d9-ddb5-4fa4-a97d-d965ccfc6d4b" outcome="Passed" testListId="8c84fa94-04c1-424b-9868-57a2d4851a1d" relativeResultsDirectory="77de24b7-663e-4b4e-9cb4-f6644360abdc" />
    <UnitTestResult executionId="57afd8b0-314f-49e6-9442-af93d9a7cf54" testId="dd1c86ef-6fcf-fa6e-388d-4cc18506cada" testName="CoreUnitTests.Humanization.HumanizationProviderDisabledTests.DisabledProvider_ReturnsBaselineValues" computerName="ILI" duration="00:00:00.0172876" startTime="2026-02-08T07:34:51.2501742-05:00" endTime="2026-02-08T07:34:51.2501743-05:00" testType="13cdc9d9-ddb5-4fa4-a97d-d965ccfc6d4b" outcome="Passed" testListId="8c84fa94-04c1-424b-9868-57a2d4851a1d" relativeResultsDirectory="57afd8b0-314f-49e6-9442-af93d9a7cf54" />
    <UnitTestResult executionId="edc19dda-20fb-439c-9143-16d58f6f818b" testId="b3667faa-b4e1-94cb-f8c0-822642b79357" testName="CoreUnitTests.EndToEnd.Scenarios.CombatRotationScenario.AutoAttack_ShouldDealDamage" computerName="ILI" duration="00:00:00.3296716" startTime="2026-02-08T07:34:52.2604381-05:00" endTime="2026-02-08T07:34:52.2604383-05:00" testType="13cdc9d9-ddb5-4fa4-a97d-d965ccfc6d4b" outcome="Passed" testListId="8c84fa94-04c1-424b-9868-57a2d4851a1d" relativeResultsDirectory="edc19dda-20fb-439c-9143-16d58f6f818b">
      <Output>
        <StdOut>=== Starting Scenario: Combat Rotation ===&#xD;
Description: Validates the full combat cycle: targeting, approach, combat, and looting. Tests rotation optimizer, GCD handling, and ability execution.&#xD;
  Spawning NPC: Target Dummy (L1) at &lt;3, 0, 0&gt;&#xD;
  Initial target health: 100&#xD;
  Condition met: combat log should have entries (after 2 attempts, 110ms)&#xD;
  After damage: 90&#xD;
=== Completed Scenario: Combat Rotation ===</StdOut>
      </Output>
    </UnitTestResult>
    <UnitTestResult executionId="d160998e-7bc9-4b4f-9e5c-136613dc2ccc" testId="d5732559-2cd3-70a2-9b4c-3e81b05e0ee9" testName="CoreUnitTests.EndToEnd.Scenarios.MemoryLeakScenario.ScreenCapture_ShouldNotLeakImages" computerName="ILI" duration="00:00:00.0620095" startTime="2026-02-08T07:34:51.2646181-05:00" endTime="2026-02-08T07:34:51.2646182-05:00" testType="13cdc9d9-ddb5-4fa4-a97d-d965ccfc6d4b" outcome="Passed" testListId="8c84fa94-04c1-424b-9868-57a2d4851a1d" relativeResultsDirectory="d160998e-7bc9-4b4f-9e5c-136613dc2ccc">
      <Output>
        <StdOut>=== Starting Scenario: Memory Leak Detection ===&#xD;
Description: Validates that the bot does not leak memory over extended runtime. Monitors managed heap, unmanaged resources, and handle counts.&#xD;
  Testing screen capture disposal...&#xD;
  Baseline: 83000 KB&#xD;
  After 100 captures: 77796 KB&#xD;
  Growth: -5204 KB&#xD;
=== Completed Scenario: Memory Leak Detection ===</StdOut>
      </Output>
    </UnitTestResult>
    <UnitTestResult executionId="9a43e0c6-ceab-4740-b1f7-c0b3fb7d05a4" testId="1fb04fe5-c3bf-3b30-1695-0f35afb0a206" testName="CoreUnitTests.Input.VirtualKeyToCharTests.GetDisplayName_ReturnsCorrectName(vk: 48, expected: &quot;0&quot;)" computerName="ILI" duration="00:00:00.0005135" startTime="2026-02-08T07:34:51.2132166-05:00" endTime="2026-02-08T07:34:51.2132166-05:00" testType="13cdc9d9-ddb5-4fa4-a97d-d965ccfc6d4b" outcome="Passed" testListId="8c84fa94-04c1-424b-9868-57a2d4851a1d" relativeResultsDirectory="9a43e0c6-ceab-4740-b1f7-c0b3fb7d05a4" />
    <UnitTestResult executionId="f1b412a6-d536-4bdb-b60c-c0b5f896109a" testId="456cab2b-c91e-a8a8-26e2-e74432e4d25e" testName="CoreUnitTests.CombatRotation.RotationMetricsTests.SuccessRate_ZeroAttempts_ReturnsZero" computerName="ILI" duration="00:00:00.0112577" startTime="2026-02-08T07:34:51.1120136-05:00" endTime="2026-02-08T07:34:51.1120137-05:00" testType="13cdc9d9-ddb5-4fa4-a97d-d965ccfc6d4b" outcome="Passed" testListId="8c84fa94-04c1-424b-9868-57a2d4851a1d" relativeResultsDirectory="f1b412a6-d536-4bdb-b60c-c0b5f896109a" />
    <UnitTestResult executionId="8896a88d-47d6-444e-8144-455cd637c421" testId="fa91235a-baa7-71a7-8f45-3a4a4aded621" testName="CoreUnitTests.CombatRotation.BackwardCompatibilityTests.CombatRotationOptimizerOptions_DisabledByDefault" computerName="ILI" duration="00:00:00.0000890" startTime="2026-02-08T07:34:51.2122505-05:00" endTime="2026-02-08T07:34:51.2122506-05:00" testType="13cdc9d9-ddb5-4fa4-a97d-d965ccfc6d4b" outcome="Passed" testListId="8c84fa94-04c1-424b-9868-57a2d4851a1d" relativeResultsDirectory="8896a88d-47d6-444e-8144-455cd637c421" />
    <UnitTestResult executionId="7c676f91-e6d5-46a3-b386-d4a8f2f3ff5d" testId="796d3fae-a1d5-0a7a-21d3-08e23206fadc" testName="CoreUnitTests.EndToEnd.Scenarios.BotIntegrationTest.Implements_BothInterfaces" computerName="ILI" duration="00:00:00.0004568" startTime="2026-02-08T07:34:51.2666933-05:00" endTime="2026-02-08T07:34:51.2666934-05:00" testType="13cdc9d9-ddb5-4fa4-a97d-d965ccfc6d4b" outcome="Passed" testListId="8c84fa94-04c1-424b-9868-57a2d4851a1d" relativeResultsDirectory="7c676f91-e6d5-46a3-b386-d4a8f2f3ff5d">
      <Output>
        <StdOut>=== Starting Scenario: Bot Integration ===&#xD;
Description: Validates MockWowScreen implements both IWowScreen and IAddonDataProvider for bot integration&#xD;
=== Completed Scenario: Bot Integration ===</StdOut>
      </Output>
    </UnitTestResult>
    <UnitTestResult executionId="6367a3a3-6142-4a2d-83b0-f7e3ceb65071" testId="2c91b90d-80bf-f397-c888-4316060e0dea" testName="CoreUnitTests.EndToEnd.Scenarios.CombatRotationScenario.Combat_ShouldStart_WhenTargetingAndAttacking" computerName="ILI" duration="00:00:00.4281874" startTime="2026-02-08T07:34:51.9302412-05:00" endTime="2026-02-08T07:34:51.9302414-05:00" testType="13cdc9d9-ddb5-4fa4-a97d-d965ccfc6d4b" outcome="Passed" testListId="8c84fa94-04c1-424b-9868-57a2d4851a1d" relativeResultsDirectory="6367a3a3-6142-4a2d-83b0-f7e3ceb65071">
      <Output>
        <StdOut>=== Starting Scenario: Combat Rotation ===&#xD;
Description: Validates the full combat cycle: targeting, approach, combat, and looting. Tests rotation optimizer, GCD handling, and ability execution.&#xD;
  Spawning NPC: Wolf (L2) at &lt;5, 0, 0&gt;&#xD;
  Target acquired: Wolf&#xD;
  Combat started&#xD;
=== Completed Scenario: Combat Rotation ===</StdOut>
      </Output>
    </UnitTestResult>
    <UnitTestResult executionId="44c3dd98-fb48-4dc0-8982-421479adfaf9" testId="40662b1d-0366-b0b0-0151-48853fc06852" testName="CoreUnitTests.CombatRotation.DpsRoleStrategyTests.Strategy_CanBeConstructed" computerName="ILI" duration="00:00:00.0001219" startTime="2026-02-08T07:34:51.2485202-05:00" endTime="2026-02-08T07:34:51.2485203-05:00" testType="13cdc9d9-ddb5-4fa4-a97d-d965ccfc6d4b" outcome="Passed" testListId="8c84fa94-04c1-424b-9868-57a2d4851a1d" relativeResultsDirectory="44c3dd98-fb48-4dc0-8982-421479adfaf9" />
    <UnitTestResult executionId="157f89b8-f43f-4149-a667-d7c9157b1941" testId="e3b99601-abc0-3d4f-0ee9-bc1c2175dc3b" testName="CoreUnitTests.Humanization.FatigueSimulatorTests.StartBreak_EntersAndLeavesBreak" computerName="ILI" duration="00:00:00.0024929" startTime="2026-02-08T07:34:51.2499794-05:00" endTime="2026-02-08T07:34:51.2499795-05:00" testType="13cdc9d9-ddb5-4fa4-a97d-d965ccfc6d4b" outcome="Passed" testListId="8c84fa94-04c1-424b-9868-57a2d4851a1d" relativeResultsDirectory="157f89b8-f43f-4149-a667-d7c9157b1941" />
    <UnitTestResult executionId="dc4d5b49-d92d-4276-9441-d11ba224ad8e" testId="3ebad997-cffa-17aa-b8e7-a45313d35462" testName="CoreUnitTests.GoalsComponent.StuckDetectorBreadcrumbTests.IsEnhancedRecoveryAvailable_False_WhenFeatureFlagDisabled" computerName="ILI" duration="00:00:00.0218878" startTime="2026-02-08T07:34:51.1744187-05:00" endTime="2026-02-08T07:34:51.1744188-05:00" testType="13cdc9d9-ddb5-4fa4-a97d-d965ccfc6d4b" outcome="Passed" testListId="8c84fa94-04c1-424b-9868-57a2d4851a1d" relativeResultsDirectory="dc4d5b49-d92d-4276-9441-d11ba224ad8e" />
    <UnitTestResult executionId="38e0c4f3-c341-409e-a31d-2b3b97d72e4f" testId="eb1b1539-0cbd-3800-cd67-21e0f40e65dc" testName="CoreUnitTests.Hazard.HazardEventCollectorTests.Dispose_UnsubscribesFromAllEventSources" computerName="ILI" duration="00:00:00.0497460" startTime="2026-02-08T07:34:51.2256055-05:00" endTime="2026-02-08T07:34:51.2256056-05:00" testType="13cdc9d9-ddb5-4fa4-a97d-d965ccfc6d4b" outcome="Passed" testListId="8c84fa94-04c1-424b-9868-57a2d4851a1d" relativeResultsDirectory="38e0c4f3-c341-409e-a31d-2b3b97d72e4f" />
    <UnitTestResult executionId="2e17dbfd-81df-4a59-928f-2ccb5de9514c" testId="099c2ecc-01a5-be8f-c4e8-86c6395e8943" testName="CoreUnitTests.Input.KeyRepeatTimerTests.Start_SetsIsRunning" computerName="ILI" duration="00:00:00.0001335" startTime="2026-02-08T07:34:51.1416550-05:00" endTime="2026-02-08T07:34:51.1416550-05:00" testType="13cdc9d9-ddb5-4fa4-a97d-d965ccfc6d4b" outcome="Passed" testListId="8c84fa94-04c1-424b-9868-57a2d4851a1d" relativeResultsDirectory="2e17dbfd-81df-4a59-928f-2ccb5de9514c" />
    <UnitTestResult executionId="b070caec-092c-4546-a407-ef285623bf57" testId="b58b0bc9-11bc-1eff-09ff-5a3363ae5401" testName="CoreUnitTests.EndToEnd.Scenarios.StuckRecoveryScenario.BreadcrumbBacktrack_ShouldReturnPreviousPosition" computerName="ILI" duration="00:00:00.0269631" startTime="2026-02-08T07:34:51.2566598-05:00" endTime="2026-02-08T07:34:51.2566599-05:00" testType="13cdc9d9-ddb5-4fa4-a97d-d965ccfc6d4b" outcome="Passed" testListId="8c84fa94-04c1-424b-9868-57a2d4851a1d" relativeResultsDirectory="b070caec-092c-4546-a407-ef285623bf57">
      <Output>
        <StdOut>=== Starting Scenario: Stuck Recovery ===&#xD;
Description: Validates that the bot can detect when stuck and recover using breadcrumb tracking. Tests position history recording and backtracking.&#xD;
  Current position: &lt;100, 0, 0&gt;&#xD;
  History count: 10&#xD;
=== Completed Scenario: Stuck Recovery ===</StdOut>
      </Output>
    </UnitTestResult>
    <UnitTestResult executionId="2d2f9599-693d-42d5-a0f8-d65942fed7b1" testId="c2599b6b-990d-b55c-106b-1ca851659231" testName="CoreUnitTests.EndToEnd.Scenarios.BotDataPipelineTest.PlayerReader_Level_ShouldMatchGameState" computerName="ILI" duration="00:00:00.0338019" startTime="2026-02-08T07:34:51.2608583-05:00" endTime="2026-02-08T07:34:51.2608584-05:00" testType="13cdc9d9-ddb5-4fa4-a97d-d965ccfc6d4b" outcome="Passed" testListId="8c84fa94-04c1-424b-9868-57a2d4851a1d" relativeResultsDirectory="2d2f9599-693d-42d5-a0f8-d65942fed7b1">
      <Output>
        <StdOut>=== Starting Scenario: Bot Data Pipeline ===&#xD;
Description: Validates full game state pipeline from MockWoWClient through AddonReader to PlayerReader&#xD;
=== Completed Scenario: Bot Data Pipeline ===</StdOut>
      </Output>
    </UnitTestResult>
    <UnitTestResult executionId="17ac5e10-ab69-4268-a09f-d2bf9d8c46a4" testId="02881043-6b5a-7085-08e6-6808caf57857" testName="CoreUnitTests.Input.VirtualKeyToCharTests.Map_Digits_ReturnsCorrectChar(vk: 56, expected: '8')" computerName="ILI" duration="00:00:00.0000032" startTime="2026-02-08T07:34:51.1552110-05:00" endTime="2026-02-08T07:34:51.1552111-05:00" testType="13cdc9d9-ddb5-4fa4-a97d-d965ccfc6d4b" outcome="Passed" testListId="8c84fa94-04c1-424b-9868-57a2d4851a1d" relativeResultsDirectory="17ac5e10-ab69-4268-a09f-d2bf9d8c46a4" />
    <UnitTestResult executionId="20019c28-a32f-4f95-aceb-76951f5db70c" testId="2b301034-99b5-54fc-afc8-81531a906658" testName="CoreUnitTests.Input.VirtualKeyToCharTests.Map_Letters_ReturnsLowercase(vk: 66, expected: 'b')" computerName="ILI" duration="00:00:00.0000029" startTime="2026-02-08T07:34:51.1396454-05:00" endTime="2026-02-08T07:34:51.1396454-05:00" testType="13cdc9d9-ddb5-4fa4-a97d-d965ccfc6d4b" outcome="Passed" testListId="8c84fa94-04c1-424b-9868-57a2d4851a1d" relativeResultsDirectory="20019c28-a32f-4f95-aceb-76951f5db70c" />
    <UnitTestResult executionId="c2bd7663-1a47-4b08-990d-63665315a7b3" testId="2503c815-a569-02d6-6045-60bb531196cb" testName="CoreUnitTests.CombatRotation.GameStateSnapshotTests.ProjectedResourceAtGcdEnd_ForecastsCorrectly" computerName="ILI" duration="00:00:00.0109833" startTime="2026-02-08T07:34:51.1267175-05:00" endTime="2026-02-08T07:34:51.1267176-05:00" testType="13cdc9d9-ddb5-4fa4-a97d-d965ccfc6d4b" outcome="Passed" testListId="8c84fa94-04c1-424b-9868-57a2d4851a1d" relativeResultsDirectory="c2bd7663-1a47-4b08-990d-63665315a7b3" />
    <UnitTestResult executionId="97bf1fa5-ce5f-4c12-bdbe-72f73e2d8588" testId="a2814cf3-5d09-0149-93b1-4a3d5968f8f0" testName="CoreUnitTests.PPather.HybridPatherTests.Dispose_DisposesRemoteAndFallback" computerName="ILI" duration="00:00:00.0040712" startTime="2026-02-08T07:34:51.1737835-05:00" endTime="2026-02-08T07:34:51.1737836-05:00" testType="13cdc9d9-ddb5-4fa4-a97d-d965ccfc6d4b" outcome="Passed" testListId="8c84fa94-04c1-424b-9868-57a2d4851a1d" relativeResultsDirectory="97bf1fa5-ce5f-4c12-bdbe-72f73e2d8588" />
    <UnitTestResult executionId="be397e4a-0cff-4722-bbc8-cb50d7a46d1e" testId="ad71d269-6f4c-478e-10ce-34d7c20672b5" testName="CoreUnitTests.EndToEnd.Scenarios.StuckRecoveryScenario.Breadcrumbs_ShouldHaveMinimumDistance" computerName="ILI" duration="00:00:00.0004572" startTime="2026-02-08T07:34:51.2685409-05:00" endTime="2026-02-08T07:34:51.2685410-05:00" testType="13cdc9d9-ddb5-4fa4-a97d-d965ccfc6d4b" outcome="Passed" testListId="8c84fa94-04c1-424b-9868-57a2d4851a1d" relativeResultsDirectory="be397e4a-0cff-4722-bbc8-cb50d7a46d1e">
      <Output>
        <StdOut>=== Starting Scenario: Stuck Recovery ===&#xD;
Description: Validates that the bot can detect when stuck and recover using breadcrumb tracking. Tests position history recording and backtracking.&#xD;
=== Completed Scenario: Stuck Recovery ===</StdOut>
      </Output>
    </UnitTestResult>
    <UnitTestResult executionId="0ddb7295-dfc5-4742-a1a9-5effc639f05c" testId="bbcd9c70-e504-0ad4-9f72-b3bd572dabfd" testName="CoreUnitTests.CombatRotation.FeatureFlagIntegrationTests.FeatureFlagsOptions_GetEnabledFeatures_ExcludesWhenDisabled" computerName="ILI" duration="00:00:00.0267105" startTime="2026-02-08T07:34:51.2171076-05:00" endTime="2026-02-08T07:34:51.2171076-05:00" testType="13cdc9d9-ddb5-4fa4-a97d-d965ccfc6d4b" outcome="Passed" testListId="8c84fa94-04c1-424b-9868-57a2d4851a1d" relativeResultsDirectory="0ddb7295-dfc5-4742-a1a9-5effc639f05c" />
    <UnitTestResult executionId="57d9eee0-1e0e-4346-93ac-04015e4e8c76" testId="46dce698-0489-f292-1eca-a12ba0869715" testName="CoreUnitTests.Performance.LRUCacheTests.HitRate_TracksHitsAndMisses" computerName="ILI" duration="00:00:00.0087117" startTime="2026-02-08T07:34:51.1837386-05:00" endTime="2026-02-08T07:34:51.1837388-05:00" testType="13cdc9d9-ddb5-4fa4-a97d-d965ccfc6d4b" outcome="Passed" testListId="8c84fa94-04c1-424b-9868-57a2d4851a1d" relativeResultsDirectory="57d9eee0-1e0e-4346-93ac-04015e4e8c76" />
    <UnitTestResult executionId="302c49af-8169-4a95-8f00-1f64b85f9e70" testId="be39d78b-4697-0df9-daac-da02e3fa38ef" testName="CoreUnitTests.EndToEnd.Scenarios.BotDataPipelineTest.CombatState_ShouldUpdateBits" computerName="ILI" duration="00:00:00.0059247" startTime="2026-02-08T07:34:51.2802475-05:00" endTime="2026-02-08T07:34:51.2802476-05:00" testType="13cdc9d9-ddb5-4fa4-a97d-d965ccfc6d4b" outcome="Passed" testListId="8c84fa94-04c1-424b-9868-57a2d4851a1d" relativeResultsDirectory="302c49af-8169-4a95-8f00-1f64b85f9e70">
      <Output>
        <StdOut>=== Starting Scenario: Bot Data Pipeline ===&#xD;
Description: Validates full game state pipeline from MockWoWClient through AddonReader to PlayerReader&#xD;
=== Completed Scenario: Bot Data Pipeline ===</StdOut>
      </Output>
    </UnitTestResult>
    <UnitTestResult executionId="7b5a57dc-bd55-494c-a0a0-ce6f53d811eb" testId="621b922b-2288-73ca-7f94-618b38fe768f" testName="CoreUnitTests.Input.VirtualKeyToCharTests.Map_Digits_ReturnsCorrectChar(vk: 52, expected: '4')" computerName="ILI" duration="00:00:00.0000029" startTime="2026-02-08T07:34:51.1722202-05:00" endTime="2026-02-08T07:34:51.1722203-05:00" testType="13cdc9d9-ddb5-4fa4-a97d-d965ccfc6d4b" outcome="Passed" testListId="8c84fa94-04c1-424b-9868-57a2d4851a1d" relativeResultsDirectory="7b5a57dc-bd55-494c-a0a0-ce6f53d811eb" />
    <UnitTestResult executionId="3657d562-d5a2-4149-a317-31103685d648" testId="c5d97da5-ef3b-b60f-3918-b722324e2676" testName="CoreUnitTests.EndToEnd.Scenarios.BotStartupScenario.All324Frames_ShouldBeDetected_InConfigMode" computerName="ILI" duration="00:00:00.1541749" startTime="2026-02-08T07:34:51.3645551-05:00" endTime="2026-02-08T07:34:51.3645552-05:00" testType="13cdc9d9-ddb5-4fa4-a97d-d965ccfc6d4b" outcome="Passed" testListId="8c84fa94-04c1-424b-9868-57a2d4851a1d" relativeResultsDirectory="3657d562-d5a2-4149-a317-31103685d648">
      <Output>
        <StdOut>=== Starting Scenario: Bot Startup ===&#xD;
Description: Validates that the bot correctly detects all 324 pixel frames from the WoW addon. Tests both config mode (frame indices) and data mode (game state) detection.&#xD;
  Step 1: Enable config mode&#xD;
  Step 2: Capture screen and validate&#xD;
  Screen captured: 28x200 pixels&#xD;
  Last pixel: R=0, G=0, B=0&#xD;
=== Completed Scenario: Bot Startup ===</StdOut>
      </Output>
    </UnitTestResult>
    <UnitTestResult executionId="3c7582d5-30f8-4396-91e4-7783232adf1b" testId="7f0dc516-c4bb-a955-d5b4-d9555d750fbe" testName="CoreUnitTests.CombatRotation.RotationOptimizerTests.Optimize_EqualScores_PreservesOriginalOrder" computerName="ILI" duration="00:00:00.0004486" startTime="2026-02-08T07:34:51.2469191-05:00" endTime="2026-02-08T07:34:51.2469192-05:00" testType="13cdc9d9-ddb5-4fa4-a97d-d965ccfc6d4b" outcome="Passed" testListId="8c84fa94-04c1-424b-9868-57a2d4851a1d" relativeResultsDirectory="3c7582d5-30f8-4396-91e4-7783232adf1b" />
    <UnitTestResult executionId="9d513f81-9284-44bc-8d86-d0d3ed5081ec" testId="008a1d75-2a6a-363d-6c52-f07bb78feed2" testName="CoreUnitTests.CombatRotation.GameStateSnapshotTests.ResourceFraction_WhenMaxZero_ReturnsZero" computerName="ILI" duration="00:00:00.0010868" startTime="2026-02-08T07:34:51.1508750-05:00" endTime="2026-02-08T07:34:51.1508751-05:00" testType="13cdc9d9-ddb5-4fa4-a97d-d965ccfc6d4b" outcome="Passed" testListId="8c84fa94-04c1-424b-9868-57a2d4851a1d" relativeResultsDirectory="9d513f81-9284-44bc-8d86-d0d3ed5081ec" />
    <UnitTestResult executionId="c2197d95-eae5-4db5-b713-af40d7e91413" testId="a380d99d-44c8-eb18-5888-c9078cd796e4" testName="CoreUnitTests.CombatRotation.CombatRotationOptimizerOptionsTests.Properties_CanBeSet" computerName="ILI" duration="00:00:00.0009777" startTime="2026-02-08T07:34:51.2339598-05:00" endTime="2026-02-08T07:34:51.2339599-05:00" testType="13cdc9d9-ddb5-4fa4-a97d-d965ccfc6d4b" outcome="Passed" testListId="8c84fa94-04c1-424b-9868-57a2d4851a1d" relativeResultsDirectory="c2197d95-eae5-4db5-b713-af40d7e91413" />
    <UnitTestResult executionId="82976a03-d189-45c8-982a-0a8e606c694c" testId="6a422921-668d-8547-6a1d-c1d3c81064ea" testName="CoreUnitTests.Hazard.RouteRehabilitatorTests.ReportSuccessfulTraversal_OutsideCluster_DoesNothing" computerName="ILI" duration="00:00:00.0005870" startTime="2026-02-08T07:34:51.2402875-05:00" endTime="2026-02-08T07:34:51.2402875-05:00" testType="13cdc9d9-ddb5-4fa4-a97d-d965ccfc6d4b" outcome="Passed" testListId="8c84fa94-04c1-424b-9868-57a2d4851a1d" relativeResultsDirectory="82976a03-d189-45c8-982a-0a8e606c694c" />
    <UnitTestResult executionId="59dbdd59-7cbb-48bc-825d-708903e4ddf7" testId="84b7a8c0-1a19-8021-ab00-d0f160e381fb" testName="CoreUnitTests.EndToEnd.Scenarios.CombatRotationScenario.GCD_ShouldPreventAbilitySpam" computerName="ILI" duration="00:00:00.3365827" startTime="2026-02-08T07:34:51.5014459-05:00" endTime="2026-02-08T07:34:51.5014461-05:00" testType="13cdc9d9-ddb5-4fa4-a97d-d965ccfc6d4b" outcome="Passed" testListId="8c84fa94-04c1-424b-9868-57a2d4851a1d" relativeResultsDirectory="59dbdd59-7cbb-48bc-825d-708903e4ddf7">
      <Output>
        <StdOut>=== Starting Scenario: Combat Rotation ===&#xD;
Description: Validates the full combat cycle: targeting, approach, combat, and looting. Tests rotation optimizer, GCD handling, and ability execution.&#xD;
  Spawning NPC: GCD Test (L2) at &lt;5, 0, 0&gt;&#xD;
  Combat events: 2&#xD;
=== Completed Scenario: Combat Rotation ===</StdOut>
      </Output>
    </UnitTestResult>
    <UnitTestResult executionId="5e376e12-b2f1-49be-ac6c-34076693a786" testId="db9120a6-87fa-7665-2092-1206079283f5" testName="CoreUnitTests.CombatRotation.RotationOptimizerTests.IsEnabled_ReturnsTrue_WhenFeatureFlagEnabled" computerName="ILI" duration="00:00:00.0003950" startTime="2026-02-08T07:34:51.2477105-05:00" endTime="2026-02-08T07:34:51.2477105-05:00" testType="13cdc9d9-ddb5-4fa4-a97d-d965ccfc6d4b" outcome="Passed" testListId="8c84fa94-04c1-424b-9868-57a2d4851a1d" relativeResultsDirectory="5e376e12-b2f1-49be-ac6c-34076693a786" />
    <UnitTestResult executionId="325fec32-a83c-4291-8e76-baec8f48f9ee" testId="ee54019f-460c-38da-5da3-722f27ef3710" testName="CoreUnitTests.EndToEnd.Scenarios.TargetAcquisitionScenario.MultipleNpcs_ShouldTargetNearest" computerName="ILI" duration="00:00:00.2114400" startTime="2026-02-08T07:34:51.5932092-05:00" endTime="2026-02-08T07:34:51.5932094-05:00" testType="13cdc9d9-ddb5-4fa4-a97d-d965ccfc6d4b" outcome="Passed" testListId="8c84fa94-04c1-424b-9868-57a2d4851a1d" relativeResultsDirectory="325fec32-a83c-4291-8e76-baec8f48f9ee">
      <Output>
        <StdOut>=== Starting Scenario: Target Acquisition ===&#xD;
Description: Validates that the bot can acquire targets using Tab key targeting. Tests target detection, health reading, and distance calculation.&#xD;
  Spawning NPC: Far Mob (L1) at &lt;50, 0, 0&gt;&#xD;
  Spawning NPC: Near Mob (L2) at &lt;5, 0, 0&gt;&#xD;
  Spawning NPC: Medium Mob (L3) at &lt;20, 0, 0&gt;&#xD;
  Target acquired: Near Mob&#xD;
=== Completed Scenario: Target Acquisition ===</StdOut>
      </Output>
    </UnitTestResult>
    <UnitTestResult executionId="a9fca5d6-6952-4c63-937b-201ac05b5958" testId="11fdb42f-4edb-9560-bc91-3e2f5b99d06f" testName="CoreUnitTests.Hazard.HazardPipelineIntegrationTests.StoreClusterCostPipeline_ProducesHighCostNearCentroid_ZeroFarAway" computerName="ILI" duration="00:00:00.0245881" startTime="2026-02-08T07:34:51.2262567-05:00" endTime="2026-02-08T07:34:51.2262568-05:00" testType="13cdc9d9-ddb5-4fa4-a97d-d965ccfc6d4b" outcome="Passed" testListId="8c84fa94-04c1-424b-9868-57a2d4851a1d" relativeResultsDirectory="a9fca5d6-6952-4c63-937b-201ac05b5958" />
    <UnitTestResult executionId="01029293-9829-4406-a93f-dd9f2f3c86d9" testId="bd56120b-d6be-7a01-9034-fd1233f61e7b" testName="CoreUnitTests.CombatRotation.BackwardCompatibilityTests.CombatRotationOptimizerOptions_FallbackEnabledByDefault" computerName="ILI" duration="00:00:00.0001540" startTime="2026-02-08T07:34:51.2220847-05:00" endTime="2026-02-08T07:34:51.2220848-05:00" testType="13cdc9d9-ddb5-4fa4-a97d-d965ccfc6d4b" outcome="Passed" testListId="8c84fa94-04c1-424b-9868-57a2d4851a1d" relativeResultsDirectory="01029293-9829-4406-a93f-dd9f2f3c86d9" />
    <UnitTestResult executionId="93269fb3-6266-41dc-9932-8b21db4cea4c" testId="fcc3239b-22da-4379-5375-376e5625bbe0" testName="CoreUnitTests.Performance.LRUCacheTests.TryGetValue_DoesNotAllocate_OnRepeatedHits_AfterWarmup" computerName="ILI" duration="00:00:00.0274579" startTime="2026-02-08T07:34:51.2335417-05:00" endTime="2026-02-08T07:34:51.2335418-05:00" testType="13cdc9d9-ddb5-4fa4-a97d-d965ccfc6d4b" outcome="Passed" testListId="8c84fa94-04c1-424b-9868-57a2d4851a1d" relativeResultsDirectory="93269fb3-6266-41dc-9932-8b21db4cea4c" />
    <UnitTestResult executionId="a1bca795-4aa4-4c87-88e5-8b7e3a6eb5a9" testId="412d8d9a-55e7-2861-a36b-12bb977d7012" testName="CoreUnitTests.Hazard.HazardEventCollectorTests.HandlePlayerDeath_RecordsDeathEvent" computerName="ILI" duration="00:00:00.0099423" startTime="2026-02-08T07:34:51.2503827-05:00" endTime="2026-02-08T07:34:51.2503827-05:00" testType="13cdc9d9-ddb5-4fa4-a97d-d965ccfc6d4b" outcome="Passed" testListId="8c84fa94-04c1-424b-9868-57a2d4851a1d" relativeResultsDirectory="a1bca795-4aa4-4c87-88e5-8b7e3a6eb5a9" />
    <UnitTestResult executionId="63d48b18-caaa-4f0d-acf6-72b19650d75f" testId="ae06e9c1-d9c0-f650-16dc-29a1a997cb12" testName="CoreUnitTests.PPather.HybridPatherTests.DrawSphere_RemoteConnected_DelegatesToRemote" computerName="ILI" duration="00:00:00.0110972" startTime="2026-02-08T07:34:51.1133105-05:00" endTime="2026-02-08T07:34:51.1133106-05:00" testType="13cdc9d9-ddb5-4fa4-a97d-d965ccfc6d4b" outcome="Passed" testListId="8c84fa94-04c1-424b-9868-57a2d4851a1d" relativeResultsDirectory="63d48b18-caaa-4f0d-acf6-72b19650d75f" />
    <UnitTestResult executionId="05906f67-e4c5-4551-ba26-ce4b9ac4ed2f" testId="8782df01-2f42-0319-c342-addd496ddaa9" testName="CoreUnitTests.Input.VirtualKeyToCharTests.Map_Digits_ReturnsCorrectChar(vk: 49, expected: '1')" computerName="ILI" duration="00:00:00.0000113" startTime="2026-02-08T07:34:51.1535827-05:00" endTime="2026-02-08T07:34:51.1535828-05:00" testType="13cdc9d9-ddb5-4fa4-a97d-d965ccfc6d4b" outcome="Passed" testListId="8c84fa94-04c1-424b-9868-57a2d4851a1d" relativeResultsDirectory="05906f67-e4c5-4551-ba26-ce4b9ac4ed2f" />
    <UnitTestResult executionId="b801c46f-8f98-4212-b33d-bee01501eb69" testId="fcffab4c-94e9-8a96-56ed-d76f37245807" testName="CoreUnitTests.Humanization.HumanizedRandomTests.NextGaussian_ProducesExpectedMeanAndStdDev_Approximately" computerName="ILI" duration="00:00:00.1397793" startTime="2026-02-08T07:34:51.2821014-05:00" endTime="2026-02-08T07:34:51.2821015-05:00" testType="13cdc9d9-ddb5-4fa4-a97d-d965ccfc6d4b" outcome="Passed" testListId="8c84fa94-04c1-424b-9868-57a2d4851a1d" relativeResultsDirectory="b801c46f-8f98-4212-b33d-bee01501eb69" />
    <UnitTestResult executionId="6f18b033-ddde-43d7-8765-f39c0f22109f" testId="a3b4a434-200b-1b9d-b9c7-46e631420640" testName="CoreUnitTests.Input.VirtualKeyToCharTests.IsPrintable_ReturnsCorrectValue(vk: 48, expected: True)" computerName="ILI" duration="00:00:00.0000051" startTime="2026-02-08T07:34:51.1859085-05:00" endTime="2026-02-08T07:34:51.1859085-05:00" testType="13cdc9d9-ddb5-4fa4-a97d-d965ccfc6d4b" outcome="Passed" testListId="8c84fa94-04c1-424b-9868-57a2d4851a1d" relativeResultsDirectory="6f18b033-ddde-43d7-8765-f39c0f22109f" />
    <UnitTestResult executionId="891848d7-0fe3-41bf-964a-c5773ef01711" testId="d21ef3df-1306-15c0-4a4c-9babe8ebed71" testName="CoreUnitTests.Input.KeyRepeatTimerTests.Stop_ClearsIsRunning" computerName="ILI" duration="00:00:00.0001475" startTime="2026-02-08T07:34:51.1382513-05:00" endTime="2026-02-08T07:34:51.1382514-05:00" testType="13cdc9d9-ddb5-4fa4-a97d-d965ccfc6d4b" outcome="Passed" testListId="8c84fa94-04c1-424b-9868-57a2d4851a1d" relativeResultsDirectory="891848d7-0fe3-41bf-964a-c5773ef01711" />
    <UnitTestResult executionId="e3979e83-bbcc-4021-b24c-1ccccb72d9b5" testId="996f2fd6-04be-9f09-7956-d5ef8309c931" testName="CoreUnitTests.Hazard.HazardEventCollectorTests.Handlers_DoNotRecord_WhenFeatureFlagDisabled" computerName="ILI" duration="00:00:00.0037640" startTime="2026-02-08T07:34:51.2331152-05:00" endTime="2026-02-08T07:34:51.2331152-05:00" testType="13cdc9d9-ddb5-4fa4-a97d-d965ccfc6d4b" outcome="Passed" testListId="8c84fa94-04c1-424b-9868-57a2d4851a1d" relativeResultsDirectory="e3979e83-bbcc-4021-b24c-1ccccb72d9b5" />
    <UnitTestResult executionId="11bfd4fb-81dc-49b9-8425-36f5032b9807" testId="b80243f1-6d2c-257b-8987-d761750ebbc6" testName="CoreUnitTests.Input.VirtualKeyToCharTests.Map_SymbolKeys_ReturnsCorrectChar(vk: 219, expected: '[')" computerName="ILI" duration="00:00:00.0000029" startTime="2026-02-08T07:34:51.1333157-05:00" endTime="2026-02-08T07:34:51.1333158-05:00" testType="13cdc9d9-ddb5-4fa4-a97d-d965ccfc6d4b" outcome="Passed" testListId="8c84fa94-04c1-424b-9868-57a2d4851a1d" relativeResultsDirectory="11bfd4fb-81dc-49b9-8425-36f5032b9807" />
    <UnitTestResult executionId="e011a585-5739-4ec4-bdb7-c3d7555d6900" testId="ace3f2fb-3c29-976f-c40e-05171cacf4f4" testName="CoreUnitTests.EndToEnd.Scenarios.MockWowScreenInterfaceCompliance.WaitForUpdate_ShouldSucceed" computerName="ILI" duration="00:00:00.0001886" startTime="2026-02-08T07:34:51.2805966-05:00" endTime="2026-02-08T07:34:51.2805966-05:00" testType="13cdc9d9-ddb5-4fa4-a97d-d965ccfc6d4b" outcome="Passed" testListId="8c84fa94-04c1-424b-9868-57a2d4851a1d" relativeResultsDirectory="e011a585-5739-4ec4-bdb7-c3d7555d6900">
      <Output>
        <StdOut>=== Starting Scenario: MockWowScreen Interface Compliance ===&#xD;
Description: Verifies MockWowScreen implements IWowScreen, IRectProvider, IScreenImageProvider, IMinimapImageProvider&#xD;
=== Completed Scenario: MockWowScreen Interface Compliance ===</StdOut>
      </Output>
    </UnitTestResult>
    <UnitTestResult executionId="28bf90c7-5598-4a58-9020-1cbd4712b917" testId="8104c9d1-3d01-ed64-59cc-e7ee843f2407" testName="CoreUnitTests.Input.VirtualKeyToCharTests.Map_NonPrintableKeys_ReturnsNull(vk: 39)" computerName="ILI" duration="00:00:00.0000017" startTime="2026-02-08T07:34:51.1448125-05:00" endTime="2026-02-08T07:34:51.1448126-05:00" testType="13cdc9d9-ddb5-4fa4-a97d-d965ccfc6d4b" outcome="Passed" testListId="8c84fa94-04c1-424b-9868-57a2d4851a1d" relativeResultsDirectory="28bf90c7-5598-4a58-9020-1cbd4712b917" />
    <UnitTestResult executionId="ba3dd75e-66f4-429c-a5a5-7acaf4432a5e" testId="440478fd-0b78-13b5-8bf2-f4bb508aabf1" testName="CoreUnitTests.PPather.HybridPatherTests.FindWorldRoute_Legacy_RemoteConnected_ReturnsRemotePath" computerName="ILI" duration="00:00:00.0001765" startTime="2026-02-08T07:34:51.2204760-05:00" endTime="2026-02-08T07:34:51.2204761-05:00" testType="13cdc9d9-ddb5-4fa4-a97d-d965ccfc6d4b" outcome="Passed" testListId="8c84fa94-04c1-424b-9868-57a2d4851a1d" relativeResultsDirectory="ba3dd75e-66f4-429c-a5a5-7acaf4432a5e" />
    <UnitTestResult executionId="a8f268af-6a9a-4ebf-915b-b551642501d0" testId="8ccbbada-de9d-bc2c-1595-e456a6f17d5e" testName="CoreUnitTests.EndToEnd.Scenarios.BotStartupScenario.FramePositions_ShouldBeCalculatedCorrectly" computerName="ILI" duration="00:00:00.0004189" startTime="2026-02-08T07:34:51.4755628-05:00" endTime="2026-02-08T07:34:51.4755629-05:00" testType="13cdc9d9-ddb5-4fa4-a97d-d965ccfc6d4b" outcome="Passed" testListId="8c84fa94-04c1-424b-9868-57a2d4851a1d" relativeResultsDirectory="a8f268af-6a9a-4ebf-915b-b551642501d0">
      <Output>
        <StdOut>=== Starting Scenario: Bot Startup ===&#xD;
Description: Validates that the bot correctly detects all 324 pixel frames from the WoW addon. Tests both config mode (frame indices) and data mode (game state) detection.&#xD;
  Frame 0 position: (0, 0) size 4x4&#xD;
=== Completed Scenario: Bot Startup ===</StdOut>
      </Output>
    </UnitTestResult>
    <UnitTestResult executionId="8fd3d9ba-f657-4dac-ba91-c047371bcee1" testId="e2c133e2-b926-a2c1-5c37-2210592e2b25" testName="CoreUnitTests.CombatRotation.RotationMetricsTests.RecordAttempt_CreatesStatEntry" computerName="ILI" duration="00:00:00.0092969" startTime="2026-02-08T07:34:51.1855832-05:00" endTime="2026-02-08T07:34:51.1855833-05:00" testType="13cdc9d9-ddb5-4fa4-a97d-d965ccfc6d4b" outcome="Passed" testListId="8c84fa94-04c1-424b-9868-57a2d4851a1d" relativeResultsDirectory="8fd3d9ba-f657-4dac-ba91-c047371bcee1" />
    <UnitTestResult executionId="e005ed1f-61c8-49e4-bfd9-89e0043860ca" testId="e08a3491-0220-e55a-d49b-4ded1ea4604a" testName="CoreUnitTests.EndToEnd.Scenarios.BotDataPipelineTest.PlayerReader_Health_ShouldMatchGameState" computerName="ILI" duration="00:00:00.0047739" startTime="2026-02-08T07:34:51.2781097-05:00" endTime="2026-02-08T07:34:51.2781098-05:00" testType="13cdc9d9-ddb5-4fa4-a97d-d965ccfc6d4b" outcome="Passed" testListId="8c84fa94-04c1-424b-9868-57a2d4851a1d" relativeResultsDirectory="e005ed1f-61c8-49e4-bfd9-89e0043860ca">
      <Output>
        <StdOut>=== Starting Scenario: Bot Data Pipeline ===&#xD;
Description: Validates full game state pipeline from MockWoWClient through AddonReader to PlayerReader&#xD;
=== Completed Scenario: Bot Data Pipeline ===</StdOut>
      </Output>
    </UnitTestResult>
    <UnitTestResult executionId="7d5d06ee-7782-44c1-996f-df7f458a0238" testId="6839d65c-9f1b-dfb0-3b7f-17ac1dff29fc" testName="CoreUnitTests.EndToEnd.Scenarios.StuckRecoveryScenario.Movement_ShouldRecordBreadcrumbs" computerName="ILI" duration="00:00:00.0003749" startTime="2026-02-08T07:34:51.2659874-05:00" endTime="2026-02-08T07:34:51.2659874-05:00" testType="13cdc9d9-ddb5-4fa4-a97d-d965ccfc6d4b" outcome="Passed" testListId="8c84fa94-04c1-424b-9868-57a2d4851a1d" relativeResultsDirectory="7d5d06ee-7782-44c1-996f-df7f458a0238">
      <Output>
        <StdOut>=== Starting Scenario: Stuck Recovery ===&#xD;
Description: Validates that the bot can detect when stuck and recover using breadcrumb tracking. Tests position history recording and backtracking.&#xD;
  Recorded 10 breadcrumb positions&#xD;
=== Completed Scenario: Stuck Recovery ===</StdOut>
      </Output>
    </UnitTestResult>
    <UnitTestResult executionId="47bdaa29-296d-4b6e-82d9-5880cdb8921e" testId="1df0762e-ffdf-411c-ceb4-16d206416d9a" testName="CoreUnitTests.EndToEnd.Scenarios.TargetAcquisitionScenario.ClearTarget_ShouldRemoveCurrentTarget" computerName="ILI" duration="00:00:00.3293904" startTime="2026-02-08T07:34:52.1345551-05:00" endTime="2026-02-08T07:34:52.1345553-05:00" testType="13cdc9d9-ddb5-4fa4-a97d-d965ccfc6d4b" outcome="Passed" testListId="8c84fa94-04c1-424b-9868-57a2d4851a1d" relativeResultsDirectory="47bdaa29-296d-4b6e-82d9-5880cdb8921e">
      <Output>
        <StdOut>=== Starting Scenario: Target Acquisition ===&#xD;
Description: Validates that the bot can acquire targets using Tab key targeting. Tests target detection, health reading, and distance calculation.&#xD;
  Spawning NPC: Target (L1) at &lt;5, 0, 0&gt;&#xD;
  Target acquired: Target&#xD;
=== Completed Scenario: Target Acquisition ===</StdOut>
      </Output>
    </UnitTestResult>
    <UnitTestResult executionId="5c8eb40d-ebf2-4089-b89e-0d272a05f057" testId="fdc5b4a2-6e14-8951-3298-5e15068c040b" testName="CoreUnitTests.EndToEnd.Scenarios.BotIntegrationTest.Update_CapturesScreenImage" computerName="ILI" duration="00:00:00.0064919" startTime="2026-02-08T07:34:51.2706461-05:00" endTime="2026-02-08T07:34:51.2706461-05:00" testType="13cdc9d9-ddb5-4fa4-a97d-d965ccfc6d4b" outcome="Passed" testListId="8c84fa94-04c1-424b-9868-57a2d4851a1d" relativeResultsDirectory="5c8eb40d-ebf2-4089-b89e-0d272a05f057">
      <Output>
        <StdOut>=== Starting Scenario: Bot Integration ===&#xD;
Description: Validates MockWowScreen implements both IWowScreen and IAddonDataProvider for bot integration&#xD;
=== Completed Scenario: Bot Integration ===</StdOut>
      </Output>
    </UnitTestResult>
    <UnitTestResult executionId="4adddfdf-8f2e-4dbf-bbaf-a4862a2512a5" testId="f0ba4b24-1a96-9269-89b5-2b69c8808603" testName="CoreUnitTests.EndToEnd.Scenarios.MockWowScreenInterfaceCompliance.IMinimapImageProvider_Properties_ShouldWork" computerName="ILI" duration="00:00:00.0049756" startTime="2026-02-08T07:34:51.2616597-05:00" endTime="2026-02-08T07:34:51.2616597-05:00" testType="13cdc9d9-ddb5-4fa4-a97d-d965ccfc6d4b" outcome="Passed" testListId="8c84fa94-04c1-424b-9868-57a2d4851a1d" relativeResultsDirectory="4adddfdf-8f2e-4dbf-bbaf-a4862a2512a5">
      <Output>
        <StdOut>=== Starting Scenario: MockWowScreen Interface Compliance ===&#xD;
Description: Verifies MockWowScreen implements IWowScreen, IRectProvider, IScreenImageProvider, IMinimapImageProvider&#xD;
=== Completed Scenario: MockWowScreen Interface Compliance ===</StdOut>
      </Output>
    </UnitTestResult>
    <UnitTestResult executionId="6996ef4b-67ba-4904-bc75-d8b71c12531b" testId="e4c58e31-9797-bed8-84d3-2fdca8745429" testName="CoreUnitTests.Input.VirtualKeyToCharTests.Map_SymbolKeys_ReturnsCorrectChar(vk: 190, expected: '.')" computerName="ILI" duration="00:00:00.0000039" startTime="2026-02-08T07:34:51.1302157-05:00" endTime="2026-02-08T07:34:51.1302158-05:00" testType="13cdc9d9-ddb5-4fa4-a97d-d965ccfc6d4b" outcome="Passed" testListId="8c84fa94-04c1-424b-9868-57a2d4851a1d" relativeResultsDirectory="6996ef4b-67ba-4904-bc75-d8b71c12531b" />
    <UnitTestResult executionId="451a3118-99fd-4c65-8466-3b513e279d6a" testId="978b618b-7001-b014-6a09-0b7ea8966676" testName="CoreUnitTests.EndToEnd.Scenarios.PixelEncodingRoundTrip.PlayerHealth_ShouldRoundTripCorrectly" computerName="ILI" duration="00:00:00.0040045" startTime="2026-02-08T07:34:51.2599753-05:00" endTime="2026-02-08T07:34:51.2599754-05:00" testType="13cdc9d9-ddb5-4fa4-a97d-d965ccfc6d4b" outcome="Passed" testListId="8c84fa94-04c1-424b-9868-57a2d4851a1d" relativeResultsDirectory="451a3118-99fd-4c65-8466-3b513e279d6a">
      <Output>
        <StdOut>=== Starting Scenario: Pixel Encoding Round-Trip ===&#xD;
Description: Verifies MockWoWClient pixel encoding matches AddonReader decoding&#xD;
=== Completed Scenario: Pixel Encoding Round-Trip ===</StdOut>
      </Output>
    </UnitTestResult>
    <UnitTestResult executionId="16a3eac5-7682-48ca-9c61-4f2c4ddaa249" testId="2a30ad37-a65d-181e-e93e-fa9c8340a2e5" testName="CoreUnitTests.CombatRotation.GameStateSnapshotTests.IsExecutePhase_WhenTargetBelow20_ReturnsTrue" computerName="ILI" duration="00:00:00.0008841" startTime="2026-02-08T07:34:51.1482017-05:00" endTime="2026-02-08T07:34:51.1482018-05:00" testType="13cdc9d9-ddb5-4fa4-a97d-d965ccfc6d4b" outcome="Passed" testListId="8c84fa94-04c1-424b-9868-57a2d4851a1d" relativeResultsDirectory="16a3eac5-7682-48ca-9c61-4f2c4ddaa249" />
    <UnitTestResult executionId="07cf2f8e-e417-4dfa-b481-3972ad691d02" testId="88f2ef7c-82b0-bde1-e6d0-467872535310" testName="CoreUnitTests.Input.VirtualKeyToCharTests.Map_SymbolKeys_ReturnsCorrectChar(vk: 189, expected: '-')" computerName="ILI" duration="00:00:00.0000030" startTime="2026-02-08T07:34:51.1337184-05:00" endTime="2026-02-08T07:34:51.1337184-05:00" testType="13cdc9d9-ddb5-4fa4-a97d-d965ccfc6d4b" outcome="Passed" testListId="8c84fa94-04c1-424b-9868-57a2d4851a1d" relativeResultsDirectory="07cf2f8e-e417-4dfa-b481-3972ad691d02" />
    <UnitTestResult executionId="c9d066aa-c2dc-4d5f-858a-d1d62e4a736b" testId="d4e6c6f8-15ee-9303-c3a2-15efbd971db6" testName="CoreUnitTests.Input.BurstDampenerTests.CheckAndDampen_FastRate_TriggersDampening" computerName="ILI" duration="00:00:00.8327536" startTime="2026-02-08T07:34:52.3221368-05:00" endTime="2026-02-08T07:34:52.3221369-05:00" testType="13cdc9d9-ddb5-4fa4-a97d-d965ccfc6d4b" outcome="Passed" testListId="8c84fa94-04c1-424b-9868-57a2d4851a1d" relativeResultsDirectory="c9d066aa-c2dc-4d5f-858a-d1d62e4a736b" />
    <UnitTestResult executionId="31acc032-9991-46a2-8f40-cc8a78e8b23d" testId="b88da54c-4c8e-d920-cfd0-431ec5934849" testName="CoreUnitTests.Input.VirtualKeyToCharTests.GetDisplayName_ReturnsCorrectName(vk: 65, expected: &quot;A&quot;)" computerName="ILI" duration="00:00:00.0000045" startTime="2026-02-08T07:34:51.2141049-05:00" endTime="2026-02-08T07:34:51.2141050-05:00" testType="13cdc9d9-ddb5-4fa4-a97d-d965ccfc6d4b" outcome="Passed" testListId="8c84fa94-04c1-424b-9868-57a2d4851a1d" relativeResultsDirectory="31acc032-9991-46a2-8f40-cc8a78e8b23d" />
    <UnitTestResult executionId="d35109a0-7305-45f3-8250-0c6165d2e459" testId="c133357c-9295-7da1-600a-f222fe329db4" testName="CoreUnitTests.GoalsComponent.BreadcrumbTrackerTests.ConcurrencySmoke_ConcurrentReadsAndWrites_DoNotThrow_AndKeepInvariants" computerName="ILI" duration="00:00:00.0437827" startTime="2026-02-08T07:34:51.2512001-05:00" endTime="2026-02-08T07:34:51.2512002-05:00" testType="13cdc9d9-ddb5-4fa4-a97d-d965ccfc6d4b" outcome="Passed" testListId="8c84fa94-04c1-424b-9868-57a2d4851a1d" relativeResultsDirectory="d35109a0-7305-45f3-8250-0c6165d2e459" />
    <UnitTestResult executionId="e8abb326-4f84-4368-ac25-dc024768a04a" testId="6a95a3ca-fdc8-7aab-d795-04c89fe1659c" testName="CoreUnitTests.PPather.HybridPatherTests.FindWorldRoute_CB_RemoteDisconnected_FallsBackToLocal" computerName="ILI" duration="00:00:00.0004325" startTime="2026-02-08T07:34:51.2355657-05:00" endTime="2026-02-08T07:34:51.2355657-05:00" testType="13cdc9d9-ddb5-4fa4-a97d-d965ccfc6d4b" outcome="Passed" testListId="8c84fa94-04c1-424b-9868-57a2d4851a1d" relativeResultsDirectory="e8abb326-4f84-4368-ac25-dc024768a04a" />
    <UnitTestResult executionId="fe13afb5-d0a6-4030-9994-bd676395beaf" testId="bbbf4314-379b-2179-9f05-492e48cdde62" testName="CoreUnitTests.Input.BurstDampenerTests.GetCurrentRate_AfterCalls_ReturnsReasonableRate" computerName="ILI" duration="00:00:00.3962433" startTime="2026-02-08T07:34:51.4892678-05:00" endTime="2026-02-08T07:34:51.4892679-05:00" testType="13cdc9d9-ddb5-4fa4-a97d-d965ccfc6d4b" outcome="Passed" testListId="8c84fa94-04c1-424b-9868-57a2d4851a1d" relativeResultsDirectory="fe13afb5-d0a6-4030-9994-bd676395beaf" />
    <UnitTestResult executionId="2c0b5093-cef3-4cfd-8be7-2e81183eb6e5" testId="4b9fe8cd-7ea0-c53f-6e2f-abccf2a6be33" testName="CoreUnitTests.Input.BurstDampenerTests.GetCurrentRate_EmptyBuffer_ReturnsZero" computerName="ILI" duration="00:00:00.0002212" startTime="2026-02-08T07:34:53.8930514-05:00" endTime="2026-02-08T07:34:53.8930514-05:00" testType="13cdc9d9-ddb5-4fa4-a97d-d965ccfc6d4b" outcome="Passed" testListId="8c84fa94-04c1-424b-9868-57a2d4851a1d" relativeResultsDirectory="2c0b5093-cef3-4cfd-8be7-2e81183eb6e5" />
    <UnitTestResult executionId="039e94de-9ff0-4545-ad3e-4db5a18b9f98" testId="0b77f005-838f-e646-fe35-a478138c0e50" testName="CoreUnitTests.Input.VirtualKeyToCharTests.Map_Digits_ReturnsCorrectChar(vk: 51, expected: '3')" computerName="ILI" duration="00:00:00.0000036" startTime="2026-02-08T07:34:51.1530902-05:00" endTime="2026-02-08T07:34:51.1530903-05:00" testType="13cdc9d9-ddb5-4fa4-a97d-d965ccfc6d4b" outcome="Passed" testListId="8c84fa94-04c1-424b-9868-57a2d4851a1d" relativeResultsDirectory="039e94de-9ff0-4545-ad3e-4db5a18b9f98" />
    <UnitTestResult executionId="eea3f54a-6aa6-48f6-a10b-887b3447e557" testId="24957d02-c9d8-047a-8960-82dc47b6d8fa" testName="CoreUnitTests.CombatRotation.ProfileDeserializationTests.AnnotatedWarriorProfile_DeserializesWeightAndScoreConditions" computerName="ILI" duration="00:00:00.0008916" startTime="2026-02-08T07:34:51.2826117-05:00" endTime="2026-02-08T07:34:51.2826117-05:00" testType="13cdc9d9-ddb5-4fa4-a97d-d965ccfc6d4b" outcome="Passed" testListId="8c84fa94-04c1-424b-9868-57a2d4851a1d" relativeResultsDirectory="eea3f54a-6aa6-48f6-a10b-887b3447e557" />
    <UnitTestResult executionId="b9997de0-7a06-4238-baac-127b2ea792fe" testId="1bcecd6b-f0b1-9023-9d14-80546cbfa45d" testName="CoreUnitTests.EndToEnd.Scenarios.MemoryLeakScenario.PositionHistory_ShouldBeCapped" computerName="ILI" duration="00:00:00.0007824" startTime="2026-02-08T07:34:51.3412694-05:00" endTime="2026-02-08T07:34:51.3412695-05:00" testType="13cdc9d9-ddb5-4fa4-a97d-d965ccfc6d4b" outcome="Passed" testListId="8c84fa94-04c1-424b-9868-57a2d4851a1d" relativeResultsDirectory="b9997de0-7a06-4238-baac-127b2ea792fe">
      <Output>
        <StdOut>=== Starting Scenario: Memory Leak Detection ===&#xD;
Description: Validates that the bot does not leak memory over extended runtime. Monitors managed heap, unmanaged resources, and handle counts.&#xD;
  Testing breadcrumb capacity...&#xD;
  History count: 50 (max 50)&#xD;
=== Completed Scenario: Memory Leak Detection ===</StdOut>
      </Output>
    </UnitTestResult>
    <UnitTestResult executionId="c5b8309f-3950-47b7-87f1-f1b4d9724460" testId="dce5421a-c7dc-d977-d2ac-ea3cc96293fd" testName="CoreUnitTests.Input.VirtualKeyToCharTests.Map_Letters_ReturnsLowercase(vk: 65, expected: 'a')" computerName="ILI" duration="00:00:00.0006248" startTime="2026-02-08T07:34:51.1385275-05:00" endTime="2026-02-08T07:34:51.1385276-05:00" testType="13cdc9d9-ddb5-4fa4-a97d-d965ccfc6d4b" outcome="Passed" testListId="8c84fa94-04c1-424b-9868-57a2d4851a1d" relativeResultsDirectory="c5b8309f-3950-47b7-87f1-f1b4d9724460" />
    <UnitTestResult executionId="30a29b06-21b2-4b7f-bb25-e1f0a594f15f" testId="b58eb47f-d23c-b83e-72b4-05a0c842ca15" testName="CoreUnitTests.PPather.HybridPatherTests.FindMapRoute_Legacy_RemoteDisconnected_UsesFallback" computerName="ILI" duration="00:00:00.0192046" startTime="2026-02-08T07:34:51.2156436-05:00" endTime="2026-02-08T07:34:51.2156436-05:00" testType="13cdc9d9-ddb5-4fa4-a97d-d965ccfc6d4b" outcome="Passed" testListId="8c84fa94-04c1-424b-9868-57a2d4851a1d" relativeResultsDirectory="30a29b06-21b2-4b7f-bb25-e1f0a594f15f" />
    <UnitTestResult executionId="5948c953-1cd8-4f6b-a1c3-3037f6e4cc34" testId="9d376aa4-7ff7-5aa9-2ea1-91ca167cd2d6" testName="CoreUnitTests.CombatRotation.RotationMetricsTests.RecordAttempt_AccumulatesMultipleAttempts" computerName="ILI" duration="00:00:00.0001748" startTime="2026-02-08T07:34:51.2167490-05:00" endTime="2026-02-08T07:34:51.2167491-05:00" testType="13cdc9d9-ddb5-4fa4-a97d-d965ccfc6d4b" outcome="Passed" testListId="8c84fa94-04c1-424b-9868-57a2d4851a1d" relativeResultsDirectory="5948c953-1cd8-4f6b-a1c3-3037f6e4cc34" />
    <UnitTestResult executionId="d9f3bfb5-e222-4aec-9761-754f0da25b93" testId="e8e0eafa-10d0-7f1e-11ff-20668926b9cf" testName="CoreUnitTests.Input.VirtualKeyToCharTests.Map_Digits_ReturnsCorrectChar(vk: 48, expected: '0')" computerName="ILI" duration="00:00:00.0007201" startTime="2026-02-08T07:34:51.1514314-05:00" endTime="2026-02-08T07:34:51.1514315-05:00" testType="13cdc9d9-ddb5-4fa4-a97d-d965ccfc6d4b" outcome="Passed" testListId="8c84fa94-04c1-424b-9868-57a2d4851a1d" relativeResultsDirectory="d9f3bfb5-e222-4aec-9761-754f0da25b93" />
    <UnitTestResult executionId="a401e88a-f6ff-4d27-8395-366431532f6e" testId="9215d4d2-1bbd-f929-4408-e5956f62a826" testName="CoreUnitTests.PPather.HybridPatherTests.Dispose_NonDisposableFallback_DoesNotThrow" computerName="ILI" duration="00:00:00.0004929" startTime="2026-02-08T07:34:51.1752019-05:00" endTime="2026-02-08T07:34:51.1752020-05:00" testType="13cdc9d9-ddb5-4fa4-a97d-d965ccfc6d4b" outcome="Passed" testListId="8c84fa94-04c1-424b-9868-57a2d4851a1d" relativeResultsDirectory="a401e88a-f6ff-4d27-8395-366431532f6e" />
    <UnitTestResult executionId="8aa7b705-5bf4-499f-a7ab-88b1577d0953" testId="e3db406d-99ba-c71e-6cf1-0c314b4060c8" testName="CoreUnitTests.Input.VirtualKeyToCharTests.Map_SymbolKeys_ReturnsCorrectChar(vk: 188, expected: ',')" computerName="ILI" duration="00:00:00.0000028" startTime="2026-02-08T07:34:51.1305768-05:00" endTime="2026-02-08T07:34:51.1305768-05:00" testType="13cdc9d9-ddb5-4fa4-a97d-d965ccfc6d4b" outcome="Passed" testListId="8c84fa94-04c1-424b-9868-57a2d4851a1d" relativeResultsDirectory="8aa7b705-5bf4-499f-a7ab-88b1577d0953" />
    <UnitTestResult executionId="60698228-2fde-47e0-abe9-327e0c55c371" testId="59220290-6acf-5630-d958-af7308fdca50" testName="CoreUnitTests.Input.VirtualKeyToCharTests.Map_NonPrintableKeys_ReturnsNull(vk: 13)" computerName="ILI" duration="00:00:00.0000027" startTime="2026-02-08T07:34:51.1466834-05:00" endTime="2026-02-08T07:34:51.1466835-05:00" testType="13cdc9d9-ddb5-4fa4-a97d-d965ccfc6d4b" outcome="Passed" testListId="8c84fa94-04c1-424b-9868-57a2d4851a1d" relativeResultsDirectory="60698228-2fde-47e0-abe9-327e0c55c371" />
    <UnitTestResult executionId="02ba006f-1081-48e3-94fd-ba0340423203" testId="3eb4bb00-58aa-f8c4-ea64-94e9fb3f951b" testName="CoreUnitTests.CombatRotation.GameStateSnapshotTests.IsExecutePhase_WhenTargetAt0_ReturnsFalse" computerName="ILI" duration="00:00:00.0013574" startTime="2026-02-08T07:34:51.1400161-05:00" endTime="2026-02-08T07:34:51.1400162-05:00" testType="13cdc9d9-ddb5-4fa4-a97d-d965ccfc6d4b" outcome="Passed" testListId="8c84fa94-04c1-424b-9868-57a2d4851a1d" relativeResultsDirectory="02ba006f-1081-48e3-94fd-ba0340423203" />
    <UnitTestResult executionId="48230971-bd6c-4e9f-961f-f5ac60849483" testId="d521f0ab-0afa-5e30-cce0-42a12def6daf" testName="CoreUnitTests.CombatRotation.GameStateSnapshotTests.IsExecutePhase_WhenTargetAbove20_ReturnsFalse" computerName="ILI" duration="00:00:00.0005331" startTime="2026-02-08T07:34:51.1798870-05:00" endTime="2026-02-08T07:34:51.1798871-05:00" testType="13cdc9d9-ddb5-4fa4-a97d-d965ccfc6d4b" outcome="Passed" testListId="8c84fa94-04c1-424b-9868-57a2d4851a1d" relativeResultsDirectory="48230971-bd6c-4e9f-961f-f5ac60849483" />
    <UnitTestResult executionId="ace4fa6d-c9c2-404c-8ee4-5364d464322e" testId="114b2d4a-5465-b6e5-2223-cb8e022bdc21" testName="CoreUnitTests.EndToEnd.Scenarios.MockWowScreenInterfaceCompliance.OnChanged_Event_ShouldFire" computerName="ILI" duration="00:00:00.0004709" startTime="2026-02-08T07:34:51.2702856-05:00" endTime="2026-02-08T07:34:51.2702857-05:00" testType="13cdc9d9-ddb5-4fa4-a97d-d965ccfc6d4b" outcome="Passed" testListId="8c84fa94-04c1-424b-9868-57a2d4851a1d" relativeResultsDirectory="ace4fa6d-c9c2-404c-8ee4-5364d464322e">
      <Output>
        <StdOut>=== Starting Scenario: MockWowScreen Interface Compliance ===&#xD;
Description: Verifies MockWowScreen implements IWowScreen, IRectProvider, IScreenImageProvider, IMinimapImageProvider&#xD;
=== Completed Scenario: MockWowScreen Interface Compliance ===</StdOut>
      </Output>
    </UnitTestResult>
    <UnitTestResult executionId="e82b7b0e-6f4e-417e-9f56-70b6f7086dfb" testId="e22718c5-153a-1494-2df0-9e81cd37ced9" testName="CoreUnitTests.EndToEnd.Scenarios.BotStartupScenario.DataMode_ShouldUpdateOnGameStateChange" computerName="ILI" duration="00:00:00.2177123" startTime="2026-02-08T07:34:51.6938592-05:00" endTime="2026-02-08T07:34:51.6938593-05:00" testType="13cdc9d9-ddb5-4fa4-a97d-d965ccfc6d4b" outcome="Passed" testListId="8c84fa94-04c1-424b-9868-57a2d4851a1d" relativeResultsDirectory="e82b7b0e-6f4e-417e-9f56-70b6f7086dfb">
      <Output>
        <StdOut>=== Starting Scenario: Bot Startup ===&#xD;
Description: Validates that the bot correctly detects all 324 pixel frames from the WoW addon. Tests both config mode (frame indices) and data mode (game state) detection.&#xD;
  Initial player health: 100&#xD;
  After damage: 90&#xD;
=== Completed Scenario: Bot Startup ===</StdOut>
      </Output>
    </UnitTestResult>
    <UnitTestResult executionId="4686a2e1-42da-40c3-a269-3c7b99195458" testId="d45c43f0-1f99-2b47-a062-d9d3abf1ceb9" testName="CoreUnitTests.CombatRotation.BackwardCompatibilityTests.ScoreConditionEntry_Properties" computerName="ILI" duration="00:00:00.0089981" startTime="2026-02-08T07:34:51.2116603-05:00" endTime="2026-02-08T07:34:51.2116604-05:00" testType="13cdc9d9-ddb5-4fa4-a97d-d965ccfc6d4b" outcome="Passed" testListId="8c84fa94-04c1-424b-9868-57a2d4851a1d" relativeResultsDirectory="4686a2e1-42da-40c3-a269-3c7b99195458" />
    <UnitTestResult executionId="8b85da23-4ae5-4156-aa70-9873a68d4861" testId="26eced92-d90f-310d-3a04-09596575592b" testName="CoreUnitTests.Input.VirtualKeyToCharTests.Map_NonPrintableKeys_ReturnsNull(vk: 38)" computerName="ILI" duration="00:00:00.0000018" startTime="2026-02-08T07:34:51.1443617-05:00" endTime="2026-02-08T07:34:51.1443618-05:00" testType="13cdc9d9-ddb5-4fa4-a97d-d965ccfc6d4b" outcome="Passed" testListId="8c84fa94-04c1-424b-9868-57a2d4851a1d" relativeResultsDirectory="8b85da23-4ae5-4156-aa70-9873a68d4861" />
    <UnitTestResult executionId="f6be3a6b-07cc-4c16-affd-5d9cc51cfade" testId="85a723d5-495d-97bb-8ebc-2c9a5b1523b8" testName="CoreUnitTests.CombatRotation.BackwardCompatibilityTests.KeyAction_Weight_DefaultsTo1" computerName="ILI" duration="00:00:00.0012872" startTime="2026-02-08T07:34:51.2210996-05:00" endTime="2026-02-08T07:34:51.2210998-05:00" testType="13cdc9d9-ddb5-4fa4-a97d-d965ccfc6d4b" outcome="Passed" testListId="8c84fa94-04c1-424b-9868-57a2d4851a1d" relativeResultsDirectory="f6be3a6b-07cc-4c16-affd-5d9cc51cfade" />
    <UnitTestResult executionId="0219f39b-f058-4093-b972-ff801b92c98b" testId="14e07e21-5b50-e6de-b52b-e18d9cacbec0" testName="CoreUnitTests.CombatRotation.GameStateSnapshotTests.IsExecutePhase_WhenTargetAt20_ReturnsTrue" computerName="ILI" duration="00:00:00.0005478" startTime="2026-02-08T07:34:51.1732206-05:00" endTime="2026-02-08T07:34:51.1732207-05:00" testType="13cdc9d9-ddb5-4fa4-a97d-d965ccfc6d4b" outcome="Passed" testListId="8c84fa94-04c1-424b-9868-57a2d4851a1d" relativeResultsDirectory="0219f39b-f058-4093-b972-ff801b92c98b" />
    <UnitTestResult executionId="4e36fb32-e544-4750-b7ce-70d4f0a7d0b2" testId="4bab6eb4-bbe8-99a9-877f-550422e8d375" testName="CoreUnitTests.GoalsComponent.StuckDetectorBreadcrumbTests.IsEnhancedRecoveryAvailable_True_WhenTrackerPresentAndFlagEnabled" computerName="ILI" duration="00:00:00.0001329" startTime="2026-02-08T07:34:51.1768190-05:00" endTime="2026-02-08T07:34:51.1768191-05:00" testType="13cdc9d9-ddb5-4fa4-a97d-d965ccfc6d4b" outcome="Passed" testListId="8c84fa94-04c1-424b-9868-57a2d4851a1d" relativeResultsDirectory="4e36fb32-e544-4750-b7ce-70d4f0a7d0b2" />
    <UnitTestResult executionId="a3806fe1-b7c5-4ae0-9439-8f8bb853273e" testId="33f9c38a-a210-e9bf-420b-1040edd64834" testName="CoreUnitTests.EndToEnd.Scenarios.PixelEncodingRoundTrip.ValidationFrames_ShouldBeCorrect" computerName="ILI" duration="00:00:00.0011804" startTime="2026-02-08T07:34:51.2689858-05:00" endTime="2026-02-08T07:34:51.2689859-05:00" testType="13cdc9d9-ddb5-4fa4-a97d-d965ccfc6d4b" outcome="Passed" testListId="8c84fa94-04c1-424b-9868-57a2d4851a1d" relativeResultsDirectory="a3806fe1-b7c5-4ae0-9439-8f8bb853273e">
      <Output>
        <StdOut>=== Starting Scenario: Pixel Encoding Round-Trip ===&#xD;
Description: Verifies MockWoWClient pixel encoding matches AddonReader decoding&#xD;
Frame 323 position: X=24, Y=92, Size=4x4&#xD;
Image size: 28x200&#xD;
Sampling pixel at [26,94]&#xD;
Last frame pixel: R=30, G=132, B=129&#xD;
=== Completed Scenario: Pixel Encoding Round-Trip ===</StdOut>
      </Output>
    </UnitTestResult>
    <UnitTestResult executionId="f77109b4-9f7a-43b6-b464-89e459f44803" testId="d10d5478-c4ff-2584-5b7e-66dad48d4ca0" testName="CoreUnitTests.CombatRotation.BackwardCompatibilityTests.KeyAction_ScoreConditionsRuntime_DefaultsToEmpty" computerName="ILI" duration="00:00:00.0102200" startTime="2026-02-08T07:34:51.2181389-05:00" endTime="2026-02-08T07:34:51.2181390-05:00" testType="13cdc9d9-ddb5-4fa4-a97d-d965ccfc6d4b" outcome="Passed" testListId="8c84fa94-04c1-424b-9868-57a2d4851a1d" relativeResultsDirectory="f77109b4-9f7a-43b6-b464-89e459f44803" />
    <UnitTestResult executionId="476debae-76d3-4197-aafc-7647039590b2" testId="3722586a-312f-c918-052e-87fdcb5d8673" testName="CoreUnitTests.EndToEnd.Scenarios.MockWowScreenInterfaceCompliance.IScreenImageProvider_Properties_ShouldWork" computerName="ILI" duration="00:00:00.0014706" startTime="2026-02-08T07:34:51.2585683-05:00" endTime="2026-02-08T07:34:51.2585684-05:00" testType="13cdc9d9-ddb5-4fa4-a97d-d965ccfc6d4b" outcome="Passed" testListId="8c84fa94-04c1-424b-9868-57a2d4851a1d" relativeResultsDirectory="476debae-76d3-4197-aafc-7647039590b2">
      <Output>
        <StdOut>=== Starting Scenario: MockWowScreen Interface Compliance ===&#xD;
Description: Verifies MockWowScreen implements IWowScreen, IRectProvider, IScreenImageProvider, IMinimapImageProvider&#xD;
=== Completed Scenario: MockWowScreen Interface Compliance ===</StdOut>
      </Output>
    </UnitTestResult>
    <UnitTestResult executionId="2c856cf6-10aa-4383-94d8-07059dda6ea1" testId="c8555430-d06b-3396-e8a2-3193afa48a22" testName="CoreUnitTests.CombatRotation.GameStateSnapshotTests.ResourceFraction_CalculatesCorrectly" computerName="ILI" duration="00:00:00.0007108" startTime="2026-02-08T07:34:51.1763088-05:00" endTime="2026-02-08T07:34:51.1763089-05:00" testType="13cdc9d9-ddb5-4fa4-a97d-d965ccfc6d4b" outcome="Passed" testListId="8c84fa94-04c1-424b-9868-57a2d4851a1d" relativeResultsDirectory="2c856cf6-10aa-4383-94d8-07059dda6ea1" />
    <UnitTestResult executionId="4ff7acdf-5e49-48f1-a48f-45293dcc7ea6" testId="898409ef-0ffd-19f1-e1d2-d6659088cac4" testName="CoreUnitTests.GoalsComponent.BreadcrumbTrackerTests.TrailAccessors_RemainConsistent_AfterMixedWrites" computerName="ILI" duration="00:00:00.0171390" startTime="2026-02-08T07:34:51.1358951-05:00" endTime="2026-02-08T07:34:51.1358952-05:00" testType="13cdc9d9-ddb5-4fa4-a97d-d965ccfc6d4b" outcome="Passed" testListId="8c84fa94-04c1-424b-9868-57a2d4851a1d" relativeResultsDirectory="4ff7acdf-5e49-48f1-a48f-45293dcc7ea6" />
    <UnitTestResult executionId="3e3e47a2-c84d-4947-97db-551a096379d7" testId="d21cb334-28d5-1a4f-1210-d6e108cd0059" testName="CoreUnitTests.Input.VirtualKeyToCharTests.IsPrintable_ReturnsCorrectValue(vk: 16, expected: False)" computerName="ILI" duration="00:00:00.0086891" startTime="2026-02-08T07:34:51.1843704-05:00" endTime="2026-02-08T07:34:51.1843705-05:00" testType="13cdc9d9-ddb5-4fa4-a97d-d965ccfc6d4b" outcome="Passed" testListId="8c84fa94-04c1-424b-9868-57a2d4851a1d" relativeResultsDirectory="3e3e47a2-c84d-4947-97db-551a096379d7" />
    <UnitTestResult executionId="51448321-94e1-41bc-9f49-d18f7c8a003a" testId="076978bb-bbd4-eba9-80a9-cba031541c5f" testName="CoreUnitTests.Input.VirtualKeyToCharTests.Map_NonPrintableKeys_ReturnsNull(vk: 37)" computerName="ILI" duration="00:00:00.0000031" startTime="2026-02-08T07:34:51.1477060-05:00" endTime="2026-02-08T07:34:51.1477061-05:00" testType="13cdc9d9-ddb5-4fa4-a97d-d965ccfc6d4b" outcome="Passed" testListId="8c84fa94-04c1-424b-9868-57a2d4851a1d" relativeResultsDirectory="51448321-94e1-41bc-9f49-d18f7c8a003a" />
    <UnitTestResult executionId="337577fb-1315-4c2c-9103-1d2861e11f9e" testId="82e29297-7962-ff10-3711-2faaaed798e6" testName="CoreUnitTests.PPather.HybridPatherTests.FindMapRoute_CB_RemoteDisconnected_FallsBackToLocal" computerName="ILI" duration="00:00:00.0002350" startTime="2026-02-08T07:34:51.2623538-05:00" endTime="2026-02-08T07:34:51.2623538-05:00" testType="13cdc9d9-ddb5-4fa4-a97d-d965ccfc6d4b" outcome="Passed" testListId="8c84fa94-04c1-424b-9868-57a2d4851a1d" relativeResultsDirectory="337577fb-1315-4c2c-9103-1d2861e11f9e" />
    <UnitTestResult executionId="b6d019f4-472e-4a67-a663-3371d60b3dca" testId="28a4d17f-edbd-bf55-97d7-315247e05a71" testName="CoreUnitTests.Input.VirtualKeyToCharTests.Map_NonPrintableKeys_ReturnsNull(vk: 16)" computerName="ILI" duration="00:00:00.0000015" startTime="2026-02-08T07:34:51.1461643-05:00" endTime="2026-02-08T07:34:51.1461644-05:00" testType="13cdc9d9-ddb5-4fa4-a97d-d965ccfc6d4b" outcome="Passed" testListId="8c84fa94-04c1-424b-9868-57a2d4851a1d" relativeResultsDirectory="b6d019f4-472e-4a67-a663-3371d60b3dca" />
    <UnitTestResult executionId="12016d12-1a29-450c-aecc-652ae88645d7" testId="afb475b3-73e2-29b1-cb0b-3850e0cafc3c" testName="CoreUnitTests.EndToEnd.Scenarios.MockWowScreenInterfaceCompliance.IRectProvider_GetRectangle_ShouldMatchRendererSize" computerName="ILI" duration="00:00:00.0001745" startTime="2026-02-08T07:34:51.2787951-05:00" endTime="2026-02-08T07:34:51.2787952-05:00" testType="13cdc9d9-ddb5-4fa4-a97d-d965ccfc6d4b" outcome="Passed" testListId="8c84fa94-04c1-424b-9868-57a2d4851a1d" relativeResultsDirectory="12016d12-1a29-450c-aecc-652ae88645d7">
      <Output>
        <StdOut>=== Starting Scenario: MockWowScreen Interface Compliance ===&#xD;
Description: Verifies MockWowScreen implements IWowScreen, IRectProvider, IScreenImageProvider, IMinimapImageProvider&#xD;
=== Completed Scenario: MockWowScreen Interface Compliance ===</StdOut>
      </Output>
    </UnitTestResult>
    <UnitTestResult executionId="8d799e91-ae20-4f2e-b0a6-751e22bbbbdd" testId="3a481fe7-bc0b-0416-cc81-74682288861b" testName="CoreUnitTests.CombatRotation.RotationOptimizerTests.RecordCastResult_DoesNotThrow" computerName="ILI" duration="00:00:00.0003589" startTime="2026-02-08T07:34:51.2494050-05:00" endTime="2026-02-08T07:34:51.2494051-05:00" testType="13cdc9d9-ddb5-4fa4-a97d-d965ccfc6d4b" outcome="Passed" testListId="8c84fa94-04c1-424b-9868-57a2d4851a1d" relativeResultsDirectory="8d799e91-ae20-4f2e-b0a6-751e22bbbbdd" />
    <UnitTestResult executionId="f116fa61-dc30-42e3-890b-272ee3db8f71" testId="8222223f-ce36-9331-c77c-b5ff8805da8d" testName="CoreUnitTests.Hazard.HazardEventCollectorTests.HandleStuckDetected_RecordsStuckEventWithMappedFields" computerName="ILI" duration="00:00:00.0031570" startTime="2026-02-08T07:34:51.2530765-05:00" endTime="2026-02-08T07:34:51.2530766-05:00" testType="13cdc9d9-ddb5-4fa4-a97d-d965ccfc6d4b" outcome="Passed" testListId="8c84fa94-04c1-424b-9868-57a2d4851a1d" relativeResultsDirectory="f116fa61-dc30-42e3-890b-272ee3db8f71" />
    <UnitTestResult executionId="cef71610-6d05-445c-977f-8bdd941c9ed6" testId="8b8f033a-9b4a-a12b-149c-8df9d848653c" testName="CoreUnitTests.Hazard.HazardAnalyticsTests.HazardStore_CostIncludesMultiplier" computerName="ILI" duration="00:00:00.0460188" startTime="2026-02-08T07:34:51.2192518-05:00" endTime="2026-02-08T07:34:51.2192519-05:00" testType="13cdc9d9-ddb5-4fa4-a97d-d965ccfc6d4b" outcome="Passed" testListId="8c84fa94-04c1-424b-9868-57a2d4851a1d" relativeResultsDirectory="cef71610-6d05-445c-977f-8bdd941c9ed6" />
    <UnitTestResult executionId="caf41d4a-56bc-4c29-bb75-b48a7a38b861" testId="78a1a9cb-9a03-a6e1-3f17-329c30490309" testName="CoreUnitTests.Hazard.HazardAnalyticsTests.Dbscan_TwoClosePoints_FormCluster" computerName="ILI" duration="00:00:00.0036178" startTime="2026-02-08T07:34:51.2268903-05:00" endTime="2026-02-08T07:34:51.2268904-05:00" testType="13cdc9d9-ddb5-4fa4-a97d-d965ccfc6d4b" outcome="Passed" testListId="8c84fa94-04c1-424b-9868-57a2d4851a1d" relativeResultsDirectory="caf41d4a-56bc-4c29-bb75-b48a7a38b861" />
    <UnitTestResult executionId="73229d2a-11a7-4edc-a787-91282101c1bc" testId="4d4e5d09-3e91-dec4-827d-1fd6fa1946f3" testName="CoreUnitTests.Input.VirtualKeyToCharTests.Map_SymbolKeys_ReturnsCorrectChar(vk: 192, expected: '`')" computerName="ILI" duration="00:00:00.0000047" startTime="2026-02-08T07:34:51.1324744-05:00" endTime="2026-02-08T07:34:51.1324745-05:00" testType="13cdc9d9-ddb5-4fa4-a97d-d965ccfc6d4b" outcome="Passed" testListId="8c84fa94-04c1-424b-9868-57a2d4851a1d" relativeResultsDirectory="73229d2a-11a7-4edc-a787-91282101c1bc" />
    <UnitTestResult executionId="dfc90ba0-522e-4c6d-9798-40f6214d0dc6" testId="448ca3bd-ac1b-d947-59dc-ebb316765232" testName="CoreUnitTests.FeatureFlags.FeatureFlagServiceTests.StartAsync_LoadsRuntimeFeatureFlagsFile" computerName="ILI" duration="00:00:00.0065866" startTime="2026-02-08T07:34:51.7640584-05:00" endTime="2026-02-08T07:34:51.7640585-05:00" testType="13cdc9d9-ddb5-4fa4-a97d-d965ccfc6d4b" outcome="Passed" testListId="8c84fa94-04c1-424b-9868-57a2d4851a1d" relativeResultsDirectory="dfc90ba0-522e-4c6d-9798-40f6214d0dc6" />
    <UnitTestResult executionId="00778dc0-dbba-4ef4-b29b-fe229a06ca10" testId="cd946745-5044-d5e2-65a7-96df7c041e6e" testName="CoreUnitTests.FeatureFlags.FeatureFlagServiceTests.HotReload_ModifyingFile_UpdatesCurrent_AndRaisesOnFlagsChanged" computerName="ILI" duration="00:00:00.1420013" startTime="2026-02-08T07:34:51.7573226-05:00" endTime="2026-02-08T07:34:51.7573228-05:00" testType="13cdc9d9-ddb5-4fa4-a97d-d965ccfc6d4b" outcome="Passed" testListId="8c84fa94-04c1-424b-9868-57a2d4851a1d" relativeResultsDirectory="00778dc0-dbba-4ef4-b29b-fe229a06ca10" />
    <UnitTestResult executionId="13763598-b216-4d1a-b0db-ffad97a5bd2d" testId="ee21712c-775a-972c-6fdd-abc88f44955e" testName="CoreUnitTests.Input.VirtualKeyToCharTests.Map_Digits_ReturnsCorrectChar(vk: 53, expected: '5')" computerName="ILI" duration="00:00:00.0000083" startTime="2026-02-08T07:34:51.1519764-05:00" endTime="2026-02-08T07:34:51.1519765-05:00" testType="13cdc9d9-ddb5-4fa4-a97d-d965ccfc6d4b" outcome="Passed" testListId="8c84fa94-04c1-424b-9868-57a2d4851a1d" relativeResultsDirectory="13763598-b216-4d1a-b0db-ffad97a5bd2d" />
    <UnitTestResult executionId="476618be-b715-436b-b85a-f70e12022d75" testId="85c981cb-151c-6ca7-00c1-6436b5fde22a" testName="CoreUnitTests.CombatRotation.FeatureFlagIntegrationTests.FeatureFlagsOptions_CombatRotationOptimizer_DefaultsToDisabled" computerName="ILI" duration="00:00:00.0004357" startTime="2026-02-08T07:34:51.2185167-05:00" endTime="2026-02-08T07:34:51.2185168-05:00" testType="13cdc9d9-ddb5-4fa4-a97d-d965ccfc6d4b" outcome="Passed" testListId="8c84fa94-04c1-424b-9868-57a2d4851a1d" relativeResultsDirectory="476618be-b715-436b-b85a-f70e12022d75" />
    <UnitTestResult executionId="c37aabe6-fd08-49ab-a332-6ff496bf96f0" testId="c7c43488-14fc-9526-c171-b16298d6f283" testName="CoreUnitTests.EndToEnd.Scenarios.CombatRotationScenario.TargetDeath_ShouldEndCombat" computerName="ILI" duration="00:00:01.2404742" startTime="2026-02-08T07:34:53.5015290-05:00" endTime="2026-02-08T07:34:53.5015292-05:00" testType="13cdc9d9-ddb5-4fa4-a97d-d965ccfc6d4b" outcome="Passed" testListId="8c84fa94-04c1-424b-9868-57a2d4851a1d" relativeResultsDirectory="c37aabe6-fd08-49ab-a332-6ff496bf96f0">
      <Output>
        <StdOut>=== Starting Scenario: Combat Rotation ===&#xD;
Description: Validates the full combat cycle: targeting, approach, combat, and looting. Tests rotation optimizer, GCD handling, and ability execution.&#xD;
  Spawning NPC: Weak Mob (L1) at &lt;5, 0, 0&gt;&#xD;
=== Completed Scenario: Combat Rotation ===</StdOut>
      </Output>
    </UnitTestResult>
    <UnitTestResult executionId="14ec03e2-0364-4bc3-9dca-39990159c29b" testId="a125e1e5-9830-e488-bd77-6c98a84ce986" testName="CoreUnitTests.CombatRotation.RotationMetricsTests.GetOrderedStats_OrdersByAttemptCountDescending" computerName="ILI" duration="00:00:00.0036411" startTime="2026-02-08T07:34:51.1805410-05:00" endTime="2026-02-08T07:34:51.1805411-05:00" testType="13cdc9d9-ddb5-4fa4-a97d-d965ccfc6d4b" outcome="Passed" testListId="8c84fa94-04c1-424b-9868-57a2d4851a1d" relativeResultsDirectory="14ec03e2-0364-4bc3-9dca-39990159c29b" />
    <UnitTestResult executionId="d9834c8b-8831-41ea-a9ed-ac15efa63d5a" testId="7b589b50-591c-4cde-3ec8-13e0a1a941c9" testName="CoreUnitTests.EndToEnd.Scenarios.TargetAcquisitionScenario.Target_ShouldHaveCorrectPosition" computerName="ILI" duration="00:00:00.2282361" startTime="2026-02-08T07:34:51.3812372-05:00" endTime="2026-02-08T07:34:51.3812374-05:00" testType="13cdc9d9-ddb5-4fa4-a97d-d965ccfc6d4b" outcome="Passed" testListId="8c84fa94-04c1-424b-9868-57a2d4851a1d" relativeResultsDirectory="d9834c8b-8831-41ea-a9ed-ac15efa63d5a">
      <Output>
        <StdOut>=== Starting Scenario: Target Acquisition ===&#xD;
Description: Validates that the bot can acquire targets using Tab key targeting. Tests target detection, health reading, and distance calculation.&#xD;
  Spawning NPC: Distant Mob (L3) at &lt;25, 10, 0&gt;&#xD;
  Target acquired: Distant Mob&#xD;
=== Completed Scenario: Target Acquisition ===</StdOut>
      </Output>
    </UnitTestResult>
    <UnitTestResult executionId="bf646203-49ec-4dba-a5a1-75bb42797b2f" testId="13309b20-e6da-2ae0-c286-bb7c787b8784" testName="CoreUnitTests.Input.VirtualKeyToCharTests.Map_SymbolKeys_ReturnsCorrectChar(vk: 32, expected: ' ')" computerName="ILI" duration="00:00:00.0004493" startTime="2026-02-08T07:34:51.1282843-05:00" endTime="2026-02-08T07:34:51.1282843-05:00" testType="13cdc9d9-ddb5-4fa4-a97d-d965ccfc6d4b" outcome="Passed" testListId="8c84fa94-04c1-424b-9868-57a2d4851a1d" relativeResultsDirectory="bf646203-49ec-4dba-a5a1-75bb42797b2f" />
    <UnitTestResult executionId="b39d13d3-7cfb-4a5b-a95e-c10060b2afb3" testId="12472df4-c198-cea6-20e1-da08e7b78549" testName="CoreUnitTests.EndToEnd.Scenarios.TargetAcquisitionScenario.NoHostileNpcs_ShouldNotHaveTarget" computerName="ILI" duration="00:00:00.1093079" startTime="2026-02-08T07:34:52.2446018-05:00" endTime="2026-02-08T07:34:52.2446020-05:00" testType="13cdc9d9-ddb5-4fa4-a97d-d965ccfc6d4b" outcome="Passed" testListId="8c84fa94-04c1-424b-9868-57a2d4851a1d" relativeResultsDirectory="b39d13d3-7cfb-4a5b-a95e-c10060b2afb3">
      <Output>
        <StdOut>=== Starting Scenario: Target Acquisition ===&#xD;
Description: Validates that the bot can acquire targets using Tab key targeting. Tests target detection, health reading, and distance calculation.&#xD;
=== Completed Scenario: Target Acquisition ===</StdOut>
      </Output>
    </UnitTestResult>
    <UnitTestResult executionId="2c425ada-d695-4a60-ad13-c88a2912515b" testId="747ae64c-1ad6-3d49-6fc7-522999c11b90" testName="CoreUnitTests.Resilience.CircuitBreakerTests.ExecuteAsync_OperationCanceledException_DoesNotCountAsFailure" computerName="ILI" duration="00:00:00.0221804" startTime="2026-02-08T07:34:51.1784282-05:00" endTime="2026-02-08T07:34:51.1784283-05:00" testType="13cdc9d9-ddb5-4fa4-a97d-d965ccfc6d4b" outcome="Passed" testListId="8c84fa94-04c1-424b-9868-57a2d4851a1d" relativeResultsDirectory="2c425ada-d695-4a60-ad13-c88a2912515b" />
    <UnitTestResult executionId="5967a74b-1c32-4455-b51d-f9ff47df7033" testId="23e37395-2e29-9780-680e-c41ef0fa3112" testName="CoreUnitTests.Input.VirtualKeyToCharTests.Map_Digits_ReturnsCorrectChar(vk: 57, expected: '9')" computerName="ILI" duration="00:00:00.0000038" startTime="2026-02-08T07:34:51.1547050-05:00" endTime="2026-02-08T07:34:51.1547051-05:00" testType="13cdc9d9-ddb5-4fa4-a97d-d965ccfc6d4b" outcome="Passed" testListId="8c84fa94-04c1-424b-9868-57a2d4851a1d" relativeResultsDirectory="5967a74b-1c32-4455-b51d-f9ff47df7033" />
    <UnitTestResult executionId="69917b1d-6c52-4e3d-b393-cea5eb3a0b36" testId="901c32b7-db70-be60-a440-9d278b3885fa" testName="CoreUnitTests.PPather.HybridPatherTests.FindMapRoute_CB_RecoverAfterCooldown" computerName="ILI" duration="00:00:00.1040899" startTime="2026-02-08T07:34:51.2613102-05:00" endTime="2026-02-08T07:34:51.2613103-05:00" testType="13cdc9d9-ddb5-4fa4-a97d-d965ccfc6d4b" outcome="Passed" testListId="8c84fa94-04c1-424b-9868-57a2d4851a1d" relativeResultsDirectory="69917b1d-6c52-4e3d-b393-cea5eb3a0b36" />
    <UnitTestResult executionId="a98c45ee-5bcd-421e-bcd7-ada8ff1d2f0a" testId="c69216d8-b843-8693-f624-5cc1c8858714" testName="CoreUnitTests.CombatRotation.CombatRotationOptimizerOptionsTests.Defaults_AreCorrect" computerName="ILI" duration="00:00:00.0012039" startTime="2026-02-08T07:34:51.2318049-05:00" endTime="2026-02-08T07:34:51.2318050-05:00" testType="13cdc9d9-ddb5-4fa4-a97d-d965ccfc6d4b" outcome="Passed" testListId="8c84fa94-04c1-424b-9868-57a2d4851a1d" relativeResultsDirectory="a98c45ee-5bcd-421e-bcd7-ada8ff1d2f0a" />
    <UnitTestResult executionId="c62ed7de-504c-4f58-8f38-0c8391f77965" testId="2c5dac9f-92cb-81f0-cab9-0e0fad0f782e" testName="CoreUnitTests.Input.VirtualKeyToCharTests.IsPrintable_ReturnsCorrectValue(vk: 112, expected: False)" computerName="ILI" duration="00:00:00.0000056" startTime="2026-02-08T07:34:51.1867768-05:00" endTime="2026-02-08T07:34:51.1867769-05:00" testType="13cdc9d9-ddb5-4fa4-a97d-d965ccfc6d4b" outcome="Passed" testListId="8c84fa94-04c1-424b-9868-57a2d4851a1d" relativeResultsDirectory="c62ed7de-504c-4f58-8f38-0c8391f77965" />
    <UnitTestResult executionId="53789656-1c71-455f-b841-4652d0f74648" testId="4bf6282e-5e8b-c034-6523-cc5c7bebf3b0" testName="CoreUnitTests.Performance.LRUCacheTests.Evicts_LeastRecentlyUsed" computerName="ILI" duration="00:00:00.0129802" startTime="2026-02-08T07:34:51.1131329-05:00" endTime="2026-02-08T07:34:51.1131329-05:00" testType="13cdc9d9-ddb5-4fa4-a97d-d965ccfc6d4b" outcome="Passed" testListId="8c84fa94-04c1-424b-9868-57a2d4851a1d" relativeResultsDirectory="53789656-1c71-455f-b841-4652d0f74648" />
    <UnitTestResult executionId="da590fae-3002-42fb-a054-29fa7ec00416" testId="eb3c43d7-e96c-e274-54f8-66f8e7f902d6" testName="CoreUnitTests.Hazard.HazardPipelineIntegrationTests.FeatureDisabled_ReturnsZeroCost_EvenWithClustersPresent" computerName="ILI" duration="00:00:00.0004912" startTime="2026-02-08T07:34:51.2298311-05:00" endTime="2026-02-08T07:34:51.2298312-05:00" testType="13cdc9d9-ddb5-4fa4-a97d-d965ccfc6d4b" outcome="Passed" testListId="8c84fa94-04c1-424b-9868-57a2d4851a1d" relativeResultsDirectory="da590fae-3002-42fb-a054-29fa7ec00416" />
    <UnitTestResult executionId="d8a9d9b7-fae1-4fac-9230-b9257982b426" testId="9422f71c-1c4e-67e5-16f4-bb1f7872b3b1" testName="CoreUnitTests.Humanization.HumanizedRandomTests.NextGaussianInt_ClampsToRange" computerName="ILI" duration="00:00:00.0111682" startTime="2026-02-08T07:34:51.1029458-05:00" endTime="2026-02-08T07:34:51.1031160-05:00" testType="13cdc9d9-ddb5-4fa4-a97d-d965ccfc6d4b" outcome="Passed" testListId="8c84fa94-04c1-424b-9868-57a2d4851a1d" relativeResultsDirectory="d8a9d9b7-fae1-4fac-9230-b9257982b426" />
    <UnitTestResult executionId="66f5d62b-d42e-49fa-864b-5370e9038be9" testId="1b35f2af-86e4-f37f-f2b3-892cd0b3e67f" testName="CoreUnitTests.EndToEnd.Scenarios.BotDataPipelineTest.FullGameState_RoundTripsAllValues" computerName="ILI" duration="00:00:00.0139113" startTime="2026-02-08T07:34:51.2751084-05:00" endTime="2026-02-08T07:34:51.2751085-05:00" testType="13cdc9d9-ddb5-4fa4-a97d-d965ccfc6d4b" outcome="Passed" testListId="8c84fa94-04c1-424b-9868-57a2d4851a1d" relativeResultsDirectory="66f5d62b-d42e-49fa-864b-5370e9038be9">
      <Output>
        <StdOut>=== Starting Scenario: Bot Data Pipeline ===&#xD;
Description: Validates full game state pipeline from MockWoWClient through AddonReader to PlayerReader&#xD;
=== Completed Scenario: Bot Data Pipeline ===</StdOut>
      </Output>
    </UnitTestResult>
    <UnitTestResult executionId="0c8d06e7-8611-431d-a0a6-db361c3315a8" testId="cf06da65-073c-e39e-1755-8c633a06be97" testName="CoreUnitTests.Input.VirtualKeyToCharTests.Map_NonPrintableKeys_ReturnsNull(vk: 45)" computerName="ILI" duration="00:00:00.0000051" startTime="2026-02-08T07:34:51.1422589-05:00" endTime="2026-02-08T07:34:51.1422589-05:00" testType="13cdc9d9-ddb5-4fa4-a97d-d965ccfc6d4b" outcome="Passed" testListId="8c84fa94-04c1-424b-9868-57a2d4851a1d" relativeResultsDirectory="0c8d06e7-8611-431d-a0a6-db361c3315a8" />
    <UnitTestResult executionId="3ca5c426-891d-48a3-b5bf-f8ba4989df6f" testId="dda973ea-0764-c6c7-d43c-fe488ee6c90f" testName="CoreUnitTests.EndToEnd.Scenarios.MockWowScreenInterfaceCompliance.PostProcess_ShouldNotThrow" computerName="ILI" duration="00:00:00.0001052" startTime="2026-02-08T07:34:51.2795167-05:00" endTime="2026-02-08T07:34:51.2795168-05:00" testType="13cdc9d9-ddb5-4fa4-a97d-d965ccfc6d4b" outcome="Passed" testListId="8c84fa94-04c1-424b-9868-57a2d4851a1d" relativeResultsDirectory="3ca5c426-891d-48a3-b5bf-f8ba4989df6f">
      <Output>
        <StdOut>=== Starting Scenario: MockWowScreen Interface Compliance ===&#xD;
Description: Verifies MockWowScreen implements IWowScreen, IRectProvider, IScreenImageProvider, IMinimapImageProvider&#xD;
=== Completed Scenario: MockWowScreen Interface Compliance ===</StdOut>
      </Output>
    </UnitTestResult>
    <UnitTestResult executionId="f33b1ccc-ce83-4919-999b-a07716f69713" testId="19b87f16-1582-7815-6e1e-dbbce9b843a0" testName="CoreUnitTests.CombatRotation.RotationOptimizerTests.Optimize_ReverseOrder_CorrectlySorts" computerName="ILI" duration="00:00:00.0003468" startTime="2026-02-08T07:34:51.2397977-05:00" endTime="2026-02-08T07:34:51.2397978-05:00" testType="13cdc9d9-ddb5-4fa4-a97d-d965ccfc6d4b" outcome="Passed" testListId="8c84fa94-04c1-424b-9868-57a2d4851a1d" relativeResultsDirectory="f33b1ccc-ce83-4919-999b-a07716f69713" />
    <UnitTestResult executionId="a4559e7e-88a8-4989-9c1c-9afc2223bc40" testId="3e0cf16c-4766-7b54-0a84-03fab11aae86" testName="CoreUnitTests.Hazard.HazardAnalyticsTests.TemporalWeight_CurrentEvent_IsNearOne" computerName="ILI" duration="00:00:00.0000894" startTime="2026-02-08T07:34:51.2306276-05:00" endTime="2026-02-08T07:34:51.2306276-05:00" testType="13cdc9d9-ddb5-4fa4-a97d-d965ccfc6d4b" outcome="Passed" testListId="8c84fa94-04c1-424b-9868-57a2d4851a1d" relativeResultsDirectory="a4559e7e-88a8-4989-9c1c-9afc2223bc40" />
    <UnitTestResult executionId="e8ccbfb7-e03d-4b25-8bc5-12d816aa2f91" testId="101874f6-9b22-91cb-f3e6-035ccead97a7" testName="CoreUnitTests.Input.VirtualKeyToCharTests.Map_NonPrintableKeys_ReturnsNull(vk: 113)" computerName="ILI" duration="00:00:00.0000015" startTime="2026-02-08T07:34:51.1438583-05:00" endTime="2026-02-08T07:34:51.1438584-05:00" testType="13cdc9d9-ddb5-4fa4-a97d-d965ccfc6d4b" outcome="Passed" testListId="8c84fa94-04c1-424b-9868-57a2d4851a1d" relativeResultsDirectory="e8ccbfb7-e03d-4b25-8bc5-12d816aa2f91" />
    <UnitTestResult executionId="764ec388-1fef-4507-b738-f113d8cc1b99" testId="82c78141-a7dc-d5b0-d8dc-169665da2615" testName="CoreUnitTests.Hazard.HazardAnalyticsTests.HazardStore_NoClusters_ReturnsZeroCost" computerName="ILI" duration="00:00:00.0002837" startTime="2026-02-08T07:34:51.2302481-05:00" endTime="2026-02-08T07:34:51.2302482-05:00" testType="13cdc9d9-ddb5-4fa4-a97d-d965ccfc6d4b" outcome="Passed" testListId="8c84fa94-04c1-424b-9868-57a2d4851a1d" relativeResultsDirectory="764ec388-1fef-4507-b738-f113d8cc1b99" />
    <UnitTestResult executionId="f9e3aa9d-a352-4455-a9e1-d171c67a43a1" testId="fcaaa973-5796-dfb5-27e8-ffb3ffdcf920" testName="CoreUnitTests.CombatRotation.BackwardCompatibilityTests.KeyAction_ScoreConditions_DefaultsToEmpty" computerName="ILI" duration="00:00:00.0006813" startTime="2026-02-08T07:34:51.2230298-05:00" endTime="2026-02-08T07:34:51.2230299-05:00" testType="13cdc9d9-ddb5-4fa4-a97d-d965ccfc6d4b" outcome="Passed" testListId="8c84fa94-04c1-424b-9868-57a2d4851a1d" relativeResultsDirectory="f9e3aa9d-a352-4455-a9e1-d171c67a43a1" />
    <UnitTestResult executionId="22fe302c-2d8d-485d-8c0e-a0bcb8881248" testId="70470666-0fec-af76-7540-38f6fd83fbeb" testName="CoreUnitTests.EndToEnd.Scenarios.BotIntegrationTest.Update_TriggersOnChangedEvent" computerName="ILI" duration="00:00:00.0046166" startTime="2026-02-08T07:34:51.2768566-05:00" endTime="2026-02-08T07:34:51.2768566-05:00" testType="13cdc9d9-ddb5-4fa4-a97d-d965ccfc6d4b" outcome="Passed" testListId="8c84fa94-04c1-424b-9868-57a2d4851a1d" relativeResultsDirectory="22fe302c-2d8d-485d-8c0e-a0bcb8881248">
      <Output>
        <StdOut>=== Starting Scenario: Bot Integration ===&#xD;
Description: Validates MockWowScreen implements both IWowScreen and IAddonDataProvider for bot integration&#xD;
=== Completed Scenario: Bot Integration ===</StdOut>
      </Output>
    </UnitTestResult>
    <UnitTestResult executionId="9d6c82b7-62f9-4bbf-8f73-71e5fd62367e" testId="5a4899da-eb6f-6977-befd-f00c2b8b9186" testName="CoreUnitTests.EndToEnd.Scenarios.MockWowScreenInterfaceCompliance.Implements_IWowScreen" computerName="ILI" duration="00:00:00.0001785" startTime="2026-02-08T07:34:51.2798921-05:00" endTime="2026-02-08T07:34:51.2798921-05:00" testType="13cdc9d9-ddb5-4fa4-a97d-d965ccfc6d4b" outcome="Passed" testListId="8c84fa94-04c1-424b-9868-57a2d4851a1d" relativeResultsDirectory="9d6c82b7-62f9-4bbf-8f73-71e5fd62367e">
      <Output>
        <StdOut>=== Starting Scenario: MockWowScreen Interface Compliance ===&#xD;
Description: Verifies MockWowScreen implements IWowScreen, IRectProvider, IScreenImageProvider, IMinimapImageProvider&#xD;
=== Completed Scenario: MockWowScreen Interface Compliance ===</StdOut>
      </Output>
    </UnitTestResult>
[...]
    <TestEntry testId="51539338-8a18-9a25-3d0d-6ecbd4bc78be" executionId="696f3293-bc71-4f87-8321-ff8718d8117a" testListId="8c84fa94-04c1-424b-9868-57a2d4851a1d" />
    <TestEntry testId="1d7ce45c-b010-8dd4-c506-c2b74fff246f" executionId="70ad16c2-0330-4661-9f47-52ffbe251c42" testListId="8c84fa94-04c1-424b-9868-57a2d4851a1d" />
    <TestEntry testId="0ebb6845-5420-96d4-8902-ebef54e619d3" executionId="07483b23-8138-4b51-ad4d-2fa7de2e4e67" testListId="8c84fa94-04c1-424b-9868-57a2d4851a1d" />
    <TestEntry testId="4915fd53-3334-a81d-5dba-57bb2811e3c9" executionId="19ff0cbd-21a9-4d38-99e7-4a7423dd59f4" testListId="8c84fa94-04c1-424b-9868-57a2d4851a1d" />
    <TestEntry testId="a9a740c6-0d93-cf5e-cfc8-bf1b9bcc5140" executionId="86546785-6ab0-42a3-8b3b-0309a2b5b777" testListId="8c84fa94-04c1-424b-9868-57a2d4851a1d" />
    <TestEntry testId="9906c0c5-79ab-6cc2-65a6-f6caa25d3540" executionId="13f28d99-f329-417f-8212-d2160bea9a92" testListId="8c84fa94-04c1-424b-9868-57a2d4851a1d" />
    <TestEntry testId="18aece54-edfe-2a04-a166-ddb0047e3f1b" executionId="640f2bf8-decd-4412-851a-7b87dd8a916b" testListId="8c84fa94-04c1-424b-9868-57a2d4851a1d" />
    <TestEntry testId="8da653c5-cdc6-bb62-4099-47964b2c5bd2" executionId="70df25a5-7cbd-46b7-bd0e-c18487a2bb3b" testListId="8c84fa94-04c1-424b-9868-57a2d4851a1d" />
    <TestEntry testId="2ae34980-0e72-2421-33a5-c0ebc88535a0" executionId="a0649b85-5729-4dc7-a593-7ada1afcdc66" testListId="8c84fa94-04c1-424b-9868-57a2d4851a1d" />
    <TestEntry testId="9dd27914-5b9b-37e7-7399-cff9dfec7e05" executionId="8dc899e8-5d58-41ad-bc09-35b63309d68e" testListId="8c84fa94-04c1-424b-9868-57a2d4851a1d" />
    <TestEntry testId="6583394a-cbc8-54e2-af19-3a1efbac3592" executionId="eb62e2ba-6548-4cd7-8855-05268c5f9587" testListId="8c84fa94-04c1-424b-9868-57a2d4851a1d" />
    <TestEntry testId="bdab5be3-3386-c4f3-dc98-655e9df17b06" executionId="5f44a076-0402-418f-afbb-e03f8967eaa7" testListId="8c84fa94-04c1-424b-9868-57a2d4851a1d" />
    <TestEntry testId="7a22d88a-1f70-50d2-8d51-94e1bfeeed6d" executionId="315f51bb-f955-4619-ae7e-44f620637fb4" testListId="8c84fa94-04c1-424b-9868-57a2d4851a1d" />
    <TestEntry testId="8d65db59-1b82-3edd-f292-a6b981266d1e" executionId="c97108ae-e2fa-4f4c-8595-a174985da538" testListId="8c84fa94-04c1-424b-9868-57a2d4851a1d" />
    <TestEntry testId="427a189f-8e37-f1b3-5df1-830dc8a9cbb6" executionId="f03c0dba-a573-4eaa-b863-8d607a7e9612" testListId="8c84fa94-04c1-424b-9868-57a2d4851a1d" />
    <TestEntry testId="06f49e1a-466e-7ae7-b38f-d46c721e2ba9" executionId="6e40bce9-4365-4509-bb33-5e790699315d" testListId="8c84fa94-04c1-424b-9868-57a2d4851a1d" />
    <TestEntry testId="8711bf69-4ebb-8d04-8195-0db7bdbc9749" executionId="33688e9c-38db-4ca6-8268-a89e4788cc9b" testListId="8c84fa94-04c1-424b-9868-57a2d4851a1d" />
    <TestEntry testId="d80112a0-9444-f56c-15cd-04636b6dc88b" executionId="d0e6fdbe-1aea-437b-8556-501ba726c8b0" testListId="8c84fa94-04c1-424b-9868-57a2d4851a1d" />
    <TestEntry testId="e07d7757-98f1-3b63-c0ac-c22d4786a06a" executionId="0623c78f-e9b5-4ef7-a850-626bfb0f3f74" testListId="8c84fa94-04c1-424b-9868-57a2d4851a1d" />
    <TestEntry testId="006be459-58b1-9953-e404-ec629be5ef36" executionId="220c556b-5bef-4207-9fe6-dce654026d25" testListId="8c84fa94-04c1-424b-9868-57a2d4851a1d" />
    <TestEntry testId="78aacb75-9fb5-7674-0a7b-3a57e7a8fc71" executionId="0e3d66c2-c13f-4d8f-a969-4a07321e2734" testListId="8c84fa94-04c1-424b-9868-57a2d4851a1d" />
    <TestEntry testId="0f039fe1-a68e-ba4a-3478-c37a095e2176" executionId="7c79d495-013a-44cd-b990-e4ee6ebc5c97" testListId="8c84fa94-04c1-424b-9868-57a2d4851a1d" />
    <TestEntry testId="9b8c47bb-86bd-56f6-7963-d020a4d45829" executionId="63d14fb7-4c86-4e13-9f4a-1c074a0b4a59" testListId="8c84fa94-04c1-424b-9868-57a2d4851a1d" />
    <TestEntry testId="09e2b9ef-e40f-a522-81d8-9d19c789cd23" executionId="22d8d2f9-2380-4e2f-99c9-86658241ea73" testListId="8c84fa94-04c1-424b-9868-57a2d4851a1d" />
    <TestEntry testId="08d53884-6621-f3a2-9c3a-ec7e17689c00" executionId="5c45bd0e-0a36-47a3-8664-fe39747b18de" testListId="8c84fa94-04c1-424b-9868-57a2d4851a1d" />
    <TestEntry testId="9612bf93-e28c-174a-b11f-e0159156424d" executionId="21170e0b-20c4-44ca-9aa6-3a0898f986af" testListId="8c84fa94-04c1-424b-9868-57a2d4851a1d" />
    <TestEntry testId="9c2b45c4-91f6-5aab-8ce1-e616a4ac6a99" executionId="86e06f77-3cc4-448b-b5ac-39ec950ab88b" testListId="8c84fa94-04c1-424b-9868-57a2d4851a1d" />
    <TestEntry testId="1e2c02b6-701a-b5ff-d999-eee1b1349658" executionId="556fc1e9-4c90-42dd-96e2-133906d1ba40" testListId="8c84fa94-04c1-424b-9868-57a2d4851a1d" />
    <TestEntry testId="d4566ffc-5842-793d-60dc-ffb28dc177d3" executionId="8641294d-6d62-4268-a032-de3aeb0a96b0" testListId="8c84fa94-04c1-424b-9868-57a2d4851a1d" />
    <TestEntry testId="428d0d4f-133b-b01c-00a9-755230c00bd3" executionId="1ed24dad-c07e-420f-b189-a71dd52940fe" testListId="8c84fa94-04c1-424b-9868-57a2d4851a1d" />
    <TestEntry testId="52edce20-7b31-3fc9-8869-b45d3285b5be" executionId="c6a4f00f-e4b9-4bcd-b80e-ff398c9d073d" testListId="8c84fa94-04c1-424b-9868-57a2d4851a1d" />
    <TestEntry testId="698f29ac-a0a1-d1a1-9f88-70613c16047f" executionId="093d251e-57a5-4c55-a720-c33133e0f325" testListId="8c84fa94-04c1-424b-9868-57a2d4851a1d" />
    <TestEntry testId="45484f98-2732-e4e4-c0a0-2569b97b2d20" executionId="b505ea66-85ea-4eef-9299-031180db5ade" testListId="8c84fa94-04c1-424b-9868-57a2d4851a1d" />
    <TestEntry testId="75f516f1-e5ab-62b1-c858-5df182d0e438" executionId="ee5cacf0-b5ec-4b84-b543-304bb1a30558" testListId="8c84fa94-04c1-424b-9868-57a2d4851a1d" />
    <TestEntry testId="a130b92f-234e-adab-c6c7-39b7c10297e6" executionId="a9c36e7b-3f2e-4649-bee2-5698b6ae7483" testListId="8c84fa94-04c1-424b-9868-57a2d4851a1d" />
    <TestEntry testId="b1daa9ad-3e51-b3f8-6067-65f838a12f03" executionId="13152197-a1fe-4b0d-badb-e514bcb68113" testListId="8c84fa94-04c1-424b-9868-57a2d4851a1d" />
    <TestEntry testId="d9906316-5eec-1322-1eca-2d86030070f9" executionId="a9b17e30-1307-4e39-8c71-283cac511d2a" testListId="8c84fa94-04c1-424b-9868-57a2d4851a1d" />
    <TestEntry testId="684f1ccc-927a-08a7-8f0d-1549e60a7d00" executionId="cd110638-c8bc-4e1c-bcc9-002776c837b6" testListId="8c84fa94-04c1-424b-9868-57a2d4851a1d" />
    <TestEntry testId="6c2ca668-ba00-e30f-53f7-6f60f87f5b51" executionId="b2cfa1af-4a9d-4b3a-bab9-a95545a19a8f" testListId="8c84fa94-04c1-424b-9868-57a2d4851a1d" />
    <TestEntry testId="bb4a5970-f81a-6416-2533-0dbae495632a" executionId="a01776c6-f119-478a-b462-5f606a02de7b" testListId="8c84fa94-04c1-424b-9868-57a2d4851a1d" />
    <TestEntry testId="1ba7d5b6-f610-b605-eb5d-d74f8dbf6e09" executionId="101f9014-0047-4890-a34c-1df83e01f1e8" testListId="8c84fa94-04c1-424b-9868-57a2d4851a1d" />
    <TestEntry testId="ce49fdd3-f100-2de2-5c51-5e2175e108f7" executionId="1b81073e-2bcb-4708-acd1-1a78abbdcc6d" testListId="8c84fa94-04c1-424b-9868-57a2d4851a1d" />
    <TestEntry testId="8ce78e15-1d33-66de-c05d-7c7d3c8e4bce" executionId="98085e57-d1ab-4290-8876-d2fa61817233" testListId="8c84fa94-04c1-424b-9868-57a2d4851a1d" />
    <TestEntry testId="7905723c-f500-4ea1-86b8-294e768b709a" executionId="cc901e03-41be-406a-ad30-336d74ec99ed" testListId="8c84fa94-04c1-424b-9868-57a2d4851a1d" />
    <TestEntry testId="6445f726-0622-8732-d9d8-c4e6815b00b9" executionId="c1ea90cc-52ab-4701-a56c-5e11b03330ff" testListId="8c84fa94-04c1-424b-9868-57a2d4851a1d" />
    <TestEntry testId="3ab80209-b8d7-a6c6-cfda-dba640ac625e" executionId="94ecb1a0-ee35-4b53-83b5-2c9b83632e9e" testListId="8c84fa94-04c1-424b-9868-57a2d4851a1d" />
    <TestEntry testId="a69564cd-a3f0-d222-da0b-8c28c01dec65" executionId="4b91f356-c740-4965-9b8d-1c9d1223985e" testListId="8c84fa94-04c1-424b-9868-57a2d4851a1d" />
    <TestEntry testId="9dd65d97-e50c-fbc2-c9ef-c06206a6232b" executionId="d89ade37-c14a-4e20-9fbc-5ab20bfe031f" testListId="8c84fa94-04c1-424b-9868-57a2d4851a1d" />
    <TestEntry testId="2d86d1e7-f695-c5ee-6613-e680a355f361" executionId="4c85f3ec-27a3-42be-8a78-951887b5a833" testListId="8c84fa94-04c1-424b-9868-57a2d4851a1d" />
    <TestEntry testId="71d6b4f8-f605-adf0-8340-4a9ae0e9bcc9" executionId="8f3a4448-a82a-4f91-801e-2ffa48eb74d2" testListId="8c84fa94-04c1-424b-9868-57a2d4851a1d" />
    <TestEntry testId="1ac2cce1-38a3-c8f5-0c97-1cf5bab2f819" executionId="d3759c2a-1d3d-4bd6-940c-0780e8d743c1" testListId="8c84fa94-04c1-424b-9868-57a2d4851a1d" />
    <TestEntry testId="6e03b14f-473f-38e1-ad40-14dfd2e2366c" executionId="d3309eef-99f9-4666-829f-ddd201ac782d" testListId="8c84fa94-04c1-424b-9868-57a2d4851a1d" />
    <TestEntry testId="9c9d2772-03a5-e839-6d39-d9921a9b0737" executionId="b7d88a51-305e-4ed0-b6be-dcfd16cd2ab2" testListId="8c84fa94-04c1-424b-9868-57a2d4851a1d" />
  </TestEntries>
  <TestLists>
    <TestList name="Results Not in a List" id="8c84fa94-04c1-424b-9868-57a2d4851a1d" />
    <TestList name="All Loaded Results" id="19431567-8539-422a-85d7-44ee4e166bda" />
  </TestLists>
  <ResultSummary outcome="Failed">
    <Counters total="244" executed="244" passed="243" failed="1" error="0" timeout="0" aborted="0" inconclusive="0" passedButRunAborted="0" notRunnable="0" notExecuted="0" disconnected="0" warning="0" completed="0" inProgress="0" pending="0" />
    <Output>
      <StdOut>[xUnit.net 00:00:00.00] xUnit.net VSTest Adapter v2.5.7+8f2703126a (64-bit .NET 10.0.2)&#xD;
[xUnit.net 00:00:00.06]   Discovering: CoreUnitTests&#xD;
[xUnit.net 00:00:00.13]   Discovered:  CoreUnitTests&#xD;
[xUnit.net 00:00:00.14]   Starting:    CoreUnitTests&#xD;
[xUnit.net 00:00:00.46]       Expected GameState.Corpses to be empty because corpses should despawn after time, but found MockWoWClient.GameState.CorpseEntity&#xD;
[xUnit.net 00:00:00.46]           {&#xD;
[xUnit.net 00:00:00.46]               DespawnTime = 5m, &#xD;
[xUnit.net 00:00:00.46]               ElapsedTime = 66ms and 922.3µs, &#xD;
[xUnit.net 00:00:00.46]               HasBeenLooted = False, &#xD;
[xUnit.net 00:00:00.46]               HasExpired = False, &#xD;
[xUnit.net 00:00:00.46]               Id = {b6222e91-a221-480f-baff-d55c69f08a5f}, &#xD;
[xUnit.net 00:00:00.46]               Loot = {empty}, &#xD;
[xUnit.net 00:00:00.46]               NpcId = {203eae19-2808-49b0-a22a-6a25d3ddc9b3}, &#xD;
[xUnit.net 00:00:00.46]               NpcName = "Mob0", &#xD;
[xUnit.net 00:00:00.46]               Position = &lt;0, 0, 0&gt;&#xD;
[xUnit.net 00:00:00.46]           }, &#xD;
[xUnit.net 00:00:00.46]           MockWoWClient.GameState.CorpseEntity&#xD;
[xUnit.net 00:00:00.46]           {&#xD;
[xUnit.net 00:00:00.46]               DespawnTime = 5m, &#xD;
[xUnit.net 00:00:00.46]               ElapsedTime = 66ms and 922.3µs, &#xD;
[xUnit.net 00:00:00.46]               HasBeenLooted = False, &#xD;
[xUnit.net 00:00:00.46]               HasExpired = False, &#xD;
[xUnit.net 00:00:00.46]               Id = {638f9c5f-b842-4253-a652-6f842d658ed0}, &#xD;
[xUnit.net 00:00:00.46]               Loot = {empty}, &#xD;
[xUnit.net 00:00:00.46]               NpcId = {504cf687-7dcd-4ac4-9614-3cf369b06acd}, &#xD;
[xUnit.net 00:00:00.46]               NpcName = "Mob1", &#xD;
[xUnit.net 00:00:00.46]               Position = &lt;1, 0, 0&gt;&#xD;
[xUnit.net 00:00:00.46]           }, &#xD;
[xUnit.net 00:00:00.46]           MockWoWClient.GameState.CorpseEntity&#xD;
[xUnit.net 00:00:00.46]           {&#xD;
[xUnit.net 00:00:00.46]               DespawnTime = 5m, &#xD;
[xUnit.net 00:00:00.46]               ElapsedTime = 66ms and 922.3µs, &#xD;
[xUnit.net 00:00:00.46]               HasBeenLooted = False, &#xD;
[xUnit.net 00:00:00.46]               HasExpired = False, &#xD;
[xUnit.net 00:00:00.46]               Id = {aace4a90-05bc-449b-9655-e7dab4b01303}, &#xD;
[xUnit.net 00:00:00.46]               Loot = {empty}, &#xD;
[xUnit.net 00:00:00.46]               NpcId = {b34e2f15-587e-482b-a4c9-fb8c9b653cf1}, &#xD;
[xUnit.net 00:00:00.46]               NpcName = "Mob2", &#xD;
[xUnit.net 00:00:00.46]               Position = &lt;2, 0, 0&gt;&#xD;
[xUnit.net 00:00:00.46]           }, &#xD;
[xUnit.net 00:00:00.46]           MockWoWClient.GameState.CorpseEntity&#xD;
[xUnit.net 00:00:00.46]           {&#xD;
[xUnit.net 00:00:00.46]               DespawnTime = 5m, &#xD;
[xUnit.net 00:00:00.46]               ElapsedTime = 66ms and 922.3µs, &#xD;
[xUnit.net 00:00:00.46]               HasBeenLooted = False, &#xD;
[xUnit.net 00:00:00.46]               HasExpired = False, &#xD;
[xUnit.net 00:00:00.46]               Id = {8f5f7ecf-8c75-4546-9a88-2f3e427a00d5}, &#xD;
[xUnit.net 00:00:00.46]               Loot = {empty}, &#xD;
[xUnit.net 00:00:00.46]               NpcId = {2060f19a-79e2-4458-aac4-024f70c58eb2}, &#xD;
[xUnit.net 00:00:00.46]               NpcName = "Mob3", &#xD;
[xUnit.net 00:00:00.46]               Position = &lt;3, 0, 0&gt;&#xD;
[xUnit.net 00:00:00.46]           }, &#xD;
[xUnit.net 00:00:00.46]           MockWoWClient.GameState.CorpseEntity&#xD;
[xUnit.net 00:00:00.46]           {&#xD;
[xUnit.net 00:00:00.46]               DespawnTime = 5m, &#xD;
[xUnit.net 00:00:00.46]               ElapsedTime = 66ms and 922.3µs, &#xD;
[xUnit.net 00:00:00.46]               HasBeenLooted = False, &#xD;
[xUnit.net 00:00:00.46]               HasExpired = False, &#xD;
[xUnit.net 00:00:00.46]               Id = {eba7d4aa-fa0d-413f-b768-9c96ea186acc}, &#xD;
[xUnit.net 00:00:00.46]               Loot = {empty}, &#xD;
[xUnit.net 00:00:00.46]               NpcId = {dfc0997b-0005-4174-811f-6637138d47c6}, &#xD;
[xUnit.net 00:00:00.46]               NpcName = "Mob4", &#xD;
[xUnit.net 00:00:00.46]               Position = &lt;4, 0, 0&gt;&#xD;
[xUnit.net 00:00:00.46]           }, &#xD;
[xUnit.net 00:00:00.46]           MockWoWClient.GameState.CorpseEntity&#xD;
[xUnit.net 00:00:00.46]           {&#xD;
[xUnit.net 00:00:00.46]               DespawnTime = 5m, &#xD;
[xUnit.net 00:00:00.46]               ElapsedTime = 96ms and 924.4µs, &#xD;
[xUnit.net 00:00:00.46]               HasBeenLooted = False, &#xD;
[xUnit.net 00:00:00.46]               HasExpired = False, &#xD;
[xUnit.net 00:00:00.46]               Id = {54cdfb6d-ee2f-483b-8d86-40cc68ce87d8}, &#xD;
[xUnit.net 00:00:00.46]               Loot = {empty}, &#xD;
[xUnit.net 00:00:00.46]               NpcId = {c7bb4667-3aa3-4cf2-bfea-ce21239eb648}, &#xD;
[xUnit.net 00:00:00.46]               NpcName = "Mob5", &#xD;
[xUnit.net 00:00:00.46]               Position = &lt;5, 0, 0&gt;&#xD;
[xUnit.net 00:00:00.46]           }, &#xD;
[xUnit.net 00:00:00.46]           MockWoWClient.GameState.CorpseEntity&#xD;
[xUnit.net 00:00:00.46]           {&#xD;
[xUnit.net 00:00:00.46]               DespawnTime = 5m, &#xD;
[xUnit.net 00:00:00.46]               ElapsedTime = 96ms and 924.4µs, &#xD;
[xUnit.net 00:00:00.46]               HasBeenLooted = False, &#xD;
[xUnit.net 00:00:00.46]               HasExpired = False, &#xD;
[xUnit.net 00:00:00.46]               Id = {09a0db37-34a7-4355-92fa-73cbe8812f2f}, &#xD;
[xUnit.net 00:00:00.46]               Loot = {empty}, &#xD;
[xUnit.net 00:00:00.46]               NpcId = {7525356d-e9dc-448a-a26c-d68fbb910366}, &#xD;
[xUnit.net 00:00:00.46]               NpcName = "Mob6", &#xD;
[xUnit.net 00:00:00.46]               Position = &lt;6, 0, 0&gt;&#xD;
[xUnit.net 00:00:00.46]           }, &#xD;
[xUnit.net 00:00:00.46]           MockWoWClient.GameState.CorpseEntity&#xD;
[xUnit.net 00:00:00.46]           {&#xD;
[xUnit.net 00:00:00.46]               DespawnTime = 5m, &#xD;
[xUnit.net 00:00:00.46]               ElapsedTime = 96ms and 924.4µs, &#xD;
[xUnit.net 00:00:00.46]               HasBeenLooted = False, &#xD;
[xUnit.net 00:00:00.46]               HasExpired = False, &#xD;
[xUnit.net 00:00:00.46]               Id = {1f166f65-217f-434e-be58-34234ea0cf91}, &#xD;
[xUnit.net 00:00:00.46]               Loot = {empty}, &#xD;
[xUnit.net 00:00:00.46]               NpcId = {727555fb-ebd5-4d1b-8ac5-6f19574afcd0}, &#xD;
[xUnit.net 00:00:00.46]               NpcName = "Mob7", &#xD;
[xUnit.net 00:00:00.46]               Position = &lt;7, 0, 0&gt;&#xD;
[xUnit.net 00:00:00.46]           }, &#xD;
[xUnit.net 00:00:00.46]           MockWoWClient.GameState.CorpseEntity&#xD;
[xUnit.net 00:00:00.46]           {&#xD;
[xUnit.net 00:00:00.46]               DespawnTime = 5m, &#xD;
[xUnit.net 00:00:00.46]               ElapsedTime = 96ms and 924.4µs, &#xD;
[xUnit.net 00:00:00.46]               HasBeenLooted = False, &#xD;
[xUnit.net 00:00:00.46]               HasExpired = False, &#xD;
[xUnit.net 00:00:00.46]               Id = {ce6147d7-bb4e-496b-bc89-89a3da8f9f46}, &#xD;
[xUnit.net 00:00:00.46]               Loot = {empty}, &#xD;
[xUnit.net 00:00:00.46]               NpcId = {33619c09-fa46-46cc-8483-1b21a903f249}, &#xD;
[xUnit.net 00:00:00.46]               NpcName = "Mob8", &#xD;
[xUnit.net 00:00:00.46]               Position = &lt;8, 0, 0&gt;&#xD;
[xUnit.net 00:00:00.46]           }MockWoWClient.GameState.CorpseEntity&#xD;
[xUnit.net 00:00:00.46]       &#xD;
[xUnit.net 00:00:00.46]       (Output has exceeded the maximum of 100 lines. Increase FormattingOptions.MaxLines on AssertionScope or AssertionOptions to include more lines.)&#xD;
[xUnit.net 00:00:00.46]       .&#xD;
[xUnit.net 00:00:00.47]       Stack Trace:&#xD;
[xUnit.net 00:00:00.47]            at FluentAssertions.Execution.XUnit2TestFramework.Throw(String message)&#xD;
[xUnit.net 00:00:00.47]            at FluentAssertions.Execution.TestFrameworkProvider.Throw(String message)&#xD;
[xUnit.net 00:00:00.47]            at FluentAssertions.Execution.DefaultAssertionStrategy.HandleFailure(String message)&#xD;
[xUnit.net 00:00:00.47]            at FluentAssertions.Execution.AssertionScope.FailWith(Func`1 failReasonFunc)&#xD;
[xUnit.net 00:00:00.47]            at FluentAssertions.Execution.AssertionScope.FailWith(Func`1 failReasonFunc)&#xD;
[xUnit.net 00:00:00.47]            at FluentAssertions.Execution.AssertionScope.FailWith(String message, Object[] args)&#xD;
[xUnit.net 00:00:00.47]            at FluentAssertions.Execution.GivenSelector`1.FailWith(String message, Object[] args)&#xD;
[xUnit.net 00:00:00.47]            at FluentAssertions.Collections.GenericCollectionAssertions`3.BeEmpty(String because, Object[] becauseArgs)&#xD;
[xUnit.net 00:00:00.47]         C:\WowClassicGrindBot\CoreUnitTests\EndToEnd\Scenarios\MemoryLeakScenario.cs(134,0): at CoreUnitTests.EndToEnd.Scenarios.MemoryLeakScenario.GameStateUpdates_ShouldNotAccumulate()&#xD;
[xUnit.net 00:00:00.47]            at System.Reflection.MethodBaseInvoker.InterpretedInvoke_Method(Object obj, IntPtr* args)&#xD;
[xUnit.net 00:00:00.47]            at System.Reflection.MethodBaseInvoker.InvokeWithNoArgs(Object obj, BindingFlags invokeAttr)&#xD;
[xUnit.net 00:00:00.47]       Output:&#xD;
[xUnit.net 00:00:00.47]         === Starting Scenario: Memory Leak Detection ===&#xD;
[xUnit.net 00:00:00.47]         Description: Validates that the bot does not leak memory over extended runtime. Monitors managed heap, unmanaged resources, and handle counts.&#xD;
[xUnit.net 00:00:00.47]           Testing game state update efficiency...&#xD;
[xUnit.net 00:00:00.47]           NPCs after spawning 50: 50&#xD;
[xUnit.net 00:00:00.47]         === Completed Scenario: Memory Leak Detection ===&#xD;
[xUnit.net 00:00:03.03]   Finished:    CoreUnitTests&#xD;
</StdOut>
    </Output>
    <RunInfos>
      <RunInfo computerName="ILI" outcome="Error" timestamp="2026-02-08T07:34:51.3244554-05:00">
        <Text>[xUnit.net 00:00:00.46]     CoreUnitTests.EndToEnd.Scenarios.MemoryLeakScenario.GameStateUpdates_ShouldNotAccumulate [FAIL]</Text>
      </RunInfo>
    </RunInfos>
    <CollectorDataEntries>
      <Collector agentName="ILI" uri="datacollector://microsoft/CoverletCodeCoverage/1.0" collectorDisplayName="XPlat code coverage">
        <UriAttachments>
          <UriAttachment>
            <A href="ILI\coverage.cobertura.xml"></A>
          </UriAttachment>
        </UriAttachments>
      </Collector>
    </CollectorDataEntries>
  </ResultSummary>
</TestRun>